2 26
2 27
3 27
4 27
4 28
5 23
5 24
5 25
5 26
5 27
5 28
5 29
5 30
5 56
5 57
5 58
5 59
5 60
5 238
5 239
6 30
6 31
6 32
6 33
6 34
6 35
6 54
6 55
6 56
6 60
6 61
6 62
6 63
6 238
7 35
7 51
7 52
7 53
7 54
7 63
7 238
8 35
8 36
8 37
8 46
8 47
8 48
8 49
8 50
8 51
8 63
8 64
8 237
8 238
9 37
9 38
9 44
9 45
9 46
9 64
9 237
10 38
10 39
10 40
10 41
10 42
10 43
10 44
10 64
10 237
11 64
11 159
11 160
11 161
11 162
11 237
12 64
12 158
12 159
12 162
12 163
12 164
12 165
12 166
12 167
12 237
13 64
13 152
13 153
13 154
13 155
13 156
13 157
13 158
13 167
13 183
13 237
14 64
14 130
14 131
14 132
14 133
14 134
14 135
14 136
14 137
14 138
14 139
14 140
14 141
14 142
14 143
14 151
14 152
14 167
14 183
14 237
15 64
15 130
15 143
15 144
15 145
15 146
15 147
15 148
15 149
15 150
15 151
15 167
15 168
15 169
15 170
15 181
15 182
15 183
15 237
16 64
16 130
16 170
16 178
16 179
16 180
16 181
16 183
16 237
16 238
17 63
17 64
17 130
17 131
17 132
17 170
17 171
17 172
17 173
17 176
17 177
17 178
17 183
17 184
17 235
17 236
17 237
17 238
18 63
18 132
18 173
18 174
18 175
18 176
18 184
18 185
18 235
19 63
19 131
19 132
19 185
19 186
19 187
19 188
19 235
20 62
20 63
20 131
20 188
20 189
20 235
21 62
21 131
21 189
21 235
22 62
22 131
22 188
22 189
22 235
23 62
23 127
23 128
23 129
23 130
23 131
23 188
23 189
23 235
24 62
24 122
24 123
24 124
24 125
24 126
24 127
24 189
24 235
25 62
25 119
25 120
25 121
25 122
25 189
25 234
25 235
26 62
26 119
26 189
26 190
26 230
26 231
26 232
26 233
26 234
27 62
27 118
27 119
27 190
27 214
27 215
27 216
27 217
27 230
27 232
28 62
28 117
28 118
28 190
28 214
28 217
28 218
28 219
28 220
28 221
28 222
28 223
28 224
28 225
28 226
28 227
28 229
28 230
28 231
28 232
29 62
29 116
29 117
29 190
29 214
29 227
29 228
29 229
29 231
29 232
30 62
30 116
30 190
30 214
31 61
31 62
31 73
31 74
31 75
31 113
31 114
31 115
31 116
31 190
31 214
32 61
32 62
32 63
32 64
32 65
32 70
32 71
32 72
32 73
32 75
32 111
32 112
32 113
32 190
32 214
33 61
33 65
33 66
33 67
33 68
33 69
33 70
33 75
33 76
33 77
33 78
33 109
33 110
33 111
33 190
33 214
34 78
34 79
34 80
34 81
34 82
34 83
34 108
34 109
34 190
34 211
34 212
34 213
34 214
35 83
35 84
35 85
35 86
35 87
35 108
35 190
35 210
35 211
36 87
36 88
36 89
36 90
36 107
36 108
36 190
36 191
36 192
36 209
36 210
37 90
37 91
37 92
37 93
37 94
37 95
37 96
37 97
37 107
37 192
37 193
37 194
37 208
37 209
38 97
38 98
38 99
38 107
38 194
38 207
38 208
39 99
39 106
39 107
39 194
39 195
39 207
39 208
40 99
40 105
40 106
40 195
40 208
41 99
41 104
41 105
41 195
41 196
41 203
41 204
41 205
41 206
41 207
41 208
42 99
42 100
42 104
42 196
42 197
42 203
42 208
42 209
42 210
43 100
43 102
43 103
43 104
43 197
43 203
43 210
43 211
43 212
44 100
44 101
44 102
44 197
44 203
44 212
44 213
45 93
45 94
45 95
45 96
45 97
45 98
45 99
45 100
45 101
45 197
45 198
45 199
45 200
45 201
45 202
45 203
45 211
45 212
45 213
46 93
46 99
46 197
46 211
47 91
47 92
47 93
47 183
47 184
47 185
47 192
47 193
47 194
47 195
47 196
47 197
47 211
48 90
48 91
48 180
48 181
48 182
48 183
48 185
48 186
48 187
48 188
48 189
48 190
48 191
48 192
48 211
49 88
49 89
49 90
49 178
49 179
49 180
49 211
50 87
50 88
50 173
50 174
50 175
50 176
50 177
50 178
50 211
51 87
51 159
51 160
51 161
51 171
51 172
51 173
51 211
52 87
52 161
52 171
52 211
53 87
53 161
53 171
53 211
53 212
53 213
53 214
54 87
54 88
54 161
54 170
54 171
54 212
54 213
54 214
54 215
55 87
55 88
55 161
55 170
55 215
56 86
56 87
56 161
56 169
56 170
56 215
57 86
57 161
57 166
57 167
57 168
57 169
57 215
58 86
58 161
58 162
58 166
58 215
59 86
59 162
59 165
59 166
59 215
59 251
60 84
60 85
60 86
60 162
60 164
60 165
60 215
60 216
60 217
60 245
60 246
60 247
60 248
60 249
60 250
60 251
61 162
61 164
61 217
61 244
61 245
62 1
62 161
62 162
62 163
62 164
62 217
62 218
62 219
62 220
62 221
62 244
63 1
63 221
63 222
63 223
63 224
63 244
64 1
64 2
64 224
64 243
64 244
65 2
65 224
65 225
65 243
65 244
66 1
66 2
66 225
66 244
66 245
67 1
67 225
67 226
67 227
67 245
68 1
68 227
68 228
68 229
68 230
68 245
69 1
69 2
69 3
69 4
69 5
69 6
69 230
69 231
69 232
69 245
70 6
70 232
70 240
70 241
70 242
70 243
70 244
70 245
71 6
71 7
71 232
71 233
71 234
71 239
71 240
72 7
72 8
72 234
72 235
72 236
72 237
72 238
72 239
73 8
73 236
73 237
74 8
74 9
74 236
75 9
75 236
76 9
76 10
76 236
76 237
77 10
77 237
78 10
78 11
78 12
78 236
78 237
79 12
79 236
80 12
80 236
80 251
80 252
80 253
81 12
81 236
81 251
81 253
81 254
81 255
82 12
82 235
82 236
82 246
82 247
82 248
82 249
82 250
82 251
83 12
83 13
83 14
83 15
83 16
83 17
83 18
83 19
83 20
83 21
83 22
83 235
83 244
83 245
83 246
83 248
84 17
84 19
84 20
84 22
84 235
84 241
84 242
84 243
84 244
84 248
85 22
85 235
85 238
85 239
85 240
85 241
86 22
86 23
86 24
86 25
86 235
86 237
86 238
87 25
87 235
87 236
87 237
88 25
88 233
88 234
88 235
89 25
89 26
89 27
89 234
90 27
90 28
90 234
90 235
91 28
91 29
91 30
91 31
91 32
91 33
91 34
91 35
91 36
91 235
92 36
92 42
92 43
92 187
92 235
93 36
93 37
93 38
93 39
93 40
93 41
93 42
93 43
93 44
93 45
93 46
93 187
93 235
94 37
94 38
94 46
94 47
94 187
94 207
94 208
94 209
94 212
94 234
94 235
95 47
95 187
95 205
95 206
95 207
95 209
95 210
95 211
95 212
95 234
96 47
96 187
96 188
96 202
96 203
96 204
96 205
96 234
97 47
97 188
97 202
97 234
98 47
98 188
98 189
98 190
98 198
98 199
98 200
98 201
98 202
98 233
98 234
99 47
99 48
99 49
99 190
99 191
99 192
99 193
99 198
99 233
100 49
100 50
100 193
100 194
100 195
100 196
100 197
100 198
100 233
101 50
101 196
101 233
101 234
102 50
102 196
102 197
102 234
103 50
103 51
103 52
103 197
103 198
103 232
103 233
103 234
104 52
104 53
104 115
104 116
104 117
104 118
104 119
104 120
104 121
104 122
104 123
104 124
104 198
104 232
105 53
105 115
105 124
105 198
105 199
105 232
106 53
106 54
106 113
106 114
106 115
106 124
106 125
106 126
106 127
106 128
106 135
106 136
106 199
106 232
107 54
107 113
107 128
107 129
107 130
107 131
107 132
107 133
107 134
107 135
107 136
107 137
107 138
107 139
107 140
107 148
107 149
107 150
107 199
107 231
107 232
108 54
108 107
108 108
108 109
108 110
108 111
108 112
108 113
108 140
108 141
108 146
108 147
108 148
108 199
108 231
109 54
109 105
109 106
109 107
109 141
109 142
109 143
109 144
109 145
109 146
109 148
109 199
109 231
110 54
110 55
110 56
110 104
110 105
110 147
110 148
110 199
110 231
110 232
111 56
111 103
111 104
111 147
111 197
111 198
111 199
111 232
112 56
112 57
112 96
112 97
112 98
112 99
112 100
112 101
112 102
112 103
112 147
112 197
112 232
112 233
113 57
113 58
113 92
113 93
113 94
113 95
113 96
113 147
113 197
113 232
114 58
114 59
114 91
114 92
114 147
114 197
114 220
114 221
114 222
114 223
114 224
114 225
114 226
114 227
114 232
115 59
115 91
115 147
115 148
115 197
115 198
115 219
115 220
115 227
115 228
115 229
115 230
115 231
115 232
115 233
115 234
115 235
115 236
116 59
116 65
116 91
116 148
116 198
116 199
116 216
116 217
116 218
116 219
116 236
117 59
117 60
117 64
117 65
117 71
117 72
117 73
117 74
117 85
117 86
117 87
117 88
117 90
117 91
117 148
117 199
117 200
117 201
117 202
117 203
117 204
117 205
117 206
117 207
117 208
117 211
117 212
117 213
117 214
117 215
117 216
117 236
118 60
118 61
118 62
118 63
118 64
118 65
118 70
118 71
118 74
118 75
118 76
118 77
118 84
118 85
118 88
118 89
118 90
118 145
118 146
118 147
118 148
118 200
118 208
118 209
118 210
118 211
118 213
118 214
118 236
118 237
118 238
118 239
119 65
119 66
119 67
119 68
119 69
119 70
119 77
119 78
119 79
119 80
119 81
119 82
119 84
119 145
119 198
119 199
119 200
119 239
119 240
119 241
120 64
120 65
120 82
120 83
120 84
120 145
120 197
120 198
120 241
121 64
121 145
121 146
121 197
121 241
122 64
122 146
122 197
122 241
123 64
123 146
123 147
123 148
123 195
123 196
123 197
123 241
124 64
124 148
124 194
124 195
124 241
125 62
125 63
125 64
125 148
125 194
125 241
126 62
126 148
126 149
126 150
126 151
126 194
126 241
126 242
127 62
127 151
127 152
127 153
127 154
127 155
127 194
127 242
128 62
128 63
128 155
128 193
128 194
128 242
128 243
129 63
129 155
129 156
129 193
129 243
130 63
130 156
130 157
130 158
130 159
130 160
130 193
130 243
131 63
131 160
131 161
131 162
131 193
131 243
131 244
132 57
132 58
132 59
132 60
132 61
132 62
132 63
132 162
132 193
132 244
132 245
133 57
133 162
133 163
133 164
133 165
133 166
133 193
133 245
133 246
134 57
134 166
134 167
134 168
134 193
134 194
134 246
135 57
135 168
135 194
135 246
136 57
136 168
136 169
136 170
136 193
136 194
136 246
136 247
137 57
137 170
137 171
137 172
137 193
137 247
137 248
137 249
138 57
138 58
138 172
138 173
138 174
138 191
138 192
138 193
139 56
139 57
139 58
139 174
139 175
139 190
139 191
140 56
140 175
140 188
140 189
140 190
141 56
141 175
141 176
141 177
141 185
141 186
141 187
141 188
142 56
142 177
142 185
143 56
143 177
143 185
144 55
144 56
144 177
144 178
144 179
144 180
144 181
144 185
145 55
145 181
145 182
145 183
145 184
145 185
146 55
146 183
146 184
147 55
147 183
148 55
148 182
148 183
149 55
149 182
150 55
150 56
150 182
151 55
151 56
151 182
152 55
152 56
152 182
153 56
153 182
154 56
154 180
154 181
154 182
155 56
155 180
156 56
156 180
157 56
157 180
158 55
158 56
158 180
159 53
159 54
159 55
159 180
160 53
160 179
160 180
161 53
161 178
161 179
162 53
162 174
162 175
162 176
162 177
162 178
163 53
163 89
163 90
163 173
163 174
163 178
164 53
164 54
164 55
164 89
164 166
164 167
164 171
164 172
164 173
164 178
165 55
165 88
165 89
165 153
165 154
165 155
165 156
165 157
165 158
165 159
165 160
165 161
165 162
165 163
165 164
165 165
165 166
165 167
165 168
165 169
165 170
165 171
165 178
166 55
166 87
166 88
166 153
166 178
167 55
167 56
167 85
167 86
167 87
167 152
167 153
167 178
168 56
168 83
168 84
168 85
168 152
168 153
168 178
169 56
169 57
169 61
169 62
169 63
169 64
169 65
169 66
169 67
169 68
169 83
169 178
170 57
170 58
170 59
170 60
170 61
170 68
170 69
170 70
170 71
170 72
170 83
170 178
171 72
171 81
171 82
171 83
171 178
172 72
172 73
172 74
172 76
172 77
172 78
172 79
172 80
172 81
172 178
173 74
173 75
173 76
173 80
173 81
173 178
174 81
174 178
175 81
175 178
176 81
176 178
177 81
177 178
177 179
177 235
178 81
178 179
178 234
178 235
179 81
179 82
179 83
179 84
179 177
179 178
179 179
179 234
180 84
180 85
180 86
180 87
180 177
180 179
180 180
180 230
180 231
180 232
180 233
180 234
181 87
181 88
181 89
181 90
181 174
181 175
181 176
181 177
181 180
181 181
181 182
181 230
182 90
182 173
182 174
182 181
182 182
182 230
183 90
183 171
183 172
183 173
183 181
183 226
183 227
183 228
183 229
183 230
184 90
184 91
184 92
184 93
184 171
184 181
184 182
184 183
184 226
185 93
185 94
185 171
185 183
185 184
185 185
185 225
185 226
186 94
186 95
186 96
186 170
186 171
186 185
186 186
186 187
186 188
186 189
186 225
187 96
187 169
187 170
187 189
187 190
187 224
187 225
188 96
188 167
188 168
188 169
188 190
188 224
189 96
189 167
189 190
189 191
189 222
189 223
189 224
190 96
190 97
190 167
190 191
190 192
190 222
191 95
191 96
191 167
191 192
191 222
192 95
192 167
192 192
192 222
193 95
193 167
193 192
193 222
194 92
194 93
194 94
194 95
194 166
194 167
194 192
194 222
195 92
195 165
195 166
195 192
195 222
195 223
196 92
196 165
196 192
196 193
196 194
196 223
197 91
197 92
197 165
197 194
197 223
198 91
198 160
198 161
198 162
198 163
198 164
198 165
198 194
198 195
198 222
198 223
199 91
199 157
199 158
199 159
199 160
199 195
199 196
199 220
199 221
199 222
200 91
200 157
200 196
200 197
200 198
200 219
200 220
201 91
201 154
201 155
201 156
201 157
201 198
201 219
202 91
202 152
202 153
202 154
202 155
202 198
202 218
202 219
203 91
203 152
203 198
203 218
204 91
204 92
204 151
204 152
204 198
204 199
204 200
204 217
204 218
205 92
205 93
205 147
205 148
205 149
205 150
205 151
205 198
205 200
205 217
205 218
205 219
205 220
206 92
206 93
206 147
206 200
206 216
206 217
206 220
206 221
207 91
207 92
207 146
207 147
207 200
207 201
207 202
207 203
207 204
207 205
207 206
207 207
207 208
207 215
207 216
207 221
207 222
208 91
208 145
208 146
208 204
208 205
208 208
208 215
208 222
208 223
208 224
208 225
209 91
209 142
209 143
209 144
209 145
209 208
209 209
209 210
209 211
209 212
209 213
209 214
209 215
209 225
209 226
209 227
209 228
209 229
209 230
210 91
210 92
210 138
210 139
210 140
210 141
210 142
210 212
211 92
211 137
211 138
211 212
211 213
211 214
212 92
212 137
212 214
213 92
213 137
213 214
213 215
214 92
214 136
214 137
214 215
214 216
215 92
215 136
215 216
216 92
216 136
216 216
217 85
217 86
217 87
217 88
217 89
217 90
217 91
217 92
217 134
217 135
217 136
217 216
218 85
218 91
218 134
218 216
219 82
219 83
219 85
219 91
219 92
219 93
219 134
219 216
220 80
220 81
220 82
220 83
220 84
220 85
220 93
220 134
220 135
220 215
220 216
221 79
221 80
221 93
221 134
221 215
222 71
222 72
222 73
222 74
222 75
222 78
222 79
222 93
222 134
222 215
223 71
223 75
223 76
223 77
223 78
223 93
223 134
223 215
224 69
224 70
224 71
224 93
224 134
224 215
225 69
225 70
225 93
225 134
225 215
226 70
226 93
226 94
226 95
226 134
226 135
226 215
227 70
227 95
227 135
227 136
227 215
227 216
228 69
228 70
228 95
228 136
228 137
228 216
229 67
229 68
229 69
229 95
229 137
229 138
229 143
229 144
229 216
230 67
230 95
230 96
230 138
230 139
230 140
230 141
230 142
230 143
230 144
230 145
230 146
230 216
231 65
231 66
231 67
231 96
231 139
231 140
231 141
231 146
231 147
231 148
231 216
232 64
232 65
232 96
232 148
232 149
232 216
233 64
233 96
233 97
233 149
233 150
233 216
233 217
233 218
233 231
233 232
233 233
234 64
234 97
234 150
234 151
234 152
234 218
234 219
234 220
234 221
234 227
234 228
234 229
234 230
234 231
234 233
234 234
234 235
235 63
235 64
235 97
235 152
235 169
235 170
235 171
235 172
235 221
235 222
235 223
235 224
235 225
235 226
235 227
235 235
235 236
235 237
235 238
235 239
236 24
236 25
236 63
236 97
236 152
236 153
236 164
236 165
236 166
236 167
236 168
236 169
236 172
236 173
236 174
236 175
236 176
236 177
236 178
236 239
237 25
237 26
237 63
237 97
237 153
237 154
237 163
237 164
237 178
237 239
238 26
238 63
238 97
238 98
238 154
238 155
238 157
238 158
238 159
238 160
238 161
238 162
238 163
238 178
238 179
238 239
238 240
238 241
239 26
239 62
239 63
239 98
239 99
239 155
239 156
239 157
239 179
239 241
239 242
239 243
240 26
240 62
240 99
240 179
240 243
240 244
240 245
240 246
240 247
241 26
241 62
241 99
241 179
241 247
242 26
242 62
242 63
242 99
242 247
242 248
242 249
242 250
242 251
243 26
243 63
243 99
243 100
243 249
244 26
244 27
244 28
244 63
244 100
244 249
245 27
245 28
245 63
245 100
245 249
246 27
246 28
246 29
246 30
246 31
246 32
246 62
246 63
246 100
246 101
246 102
246 249
247 32
247 33
247 62
247 63
247 64
247 102
247 249
248 33
248 46
248 47
248 48
248 49
248 50
248 51
248 52
248 53
248 54
248 55
248 56
248 60
248 61
248 62
248 64
248 102
248 249
249 33
249 45
249 46
249 56
249 57
249 58
249 59
249 60
249 64
249 65
249 66
249 102
249 249
250 33
250 34
250 35
250 36
250 37
250 44
250 45
250 66
250 102
250 249
250 250
251 37
251 38
251 39
251 40
251 41
251 42
251 43
251 44
251 66
251 102
251 250
252 40
252 41
252 42
252 66
252 67
252 102
252 103
253 67
253 102
253 103
254 67
