0 46
0 180
0 181
1 46
1 177
1 178
1 179
1 180
2 46
2 149
2 150
2 151
2 152
2 153
2 154
2 161
2 162
2 163
2 164
2 165
2 166
2 167
2 168
2 169
2 176
2 177
3 19
3 20
3 46
3 123
3 124
3 125
3 126
3 127
3 149
3 154
3 155
3 156
3 157
3 158
3 159
3 160
3 161
3 169
3 170
3 176
4 20
4 21
4 46
4 113
4 114
4 115
4 116
4 117
4 118
4 122
4 123
4 127
4 128
4 129
4 130
4 148
4 149
4 155
4 156
4 170
4 171
4 172
4 173
4 174
4 175
4 176
5 21
5 22
5 44
5 45
5 46
5 118
5 119
5 120
5 121
5 122
5 130
5 136
5 137
5 138
5 139
5 148
5 176
5 177
6 22
6 23
6 44
6 130
6 131
6 133
6 134
6 135
6 136
6 139
6 140
6 141
6 142
6 143
6 146
6 147
6 148
6 176
6 177
7 23
7 44
7 130
7 131
7 132
7 133
7 143
7 144
7 145
7 146
7 176
8 23
8 44
8 130
8 176
9 23
9 24
9 25
9 44
9 130
9 131
9 176
10 25
10 26
10 44
10 131
10 176
11 26
11 27
11 28
11 29
11 38
11 39
11 40
11 41
11 42
11 43
11 44
11 45
11 46
11 47
11 131
11 176
12 29
12 30
12 31
12 32
12 33
12 34
12 37
12 38
12 47
12 131
12 132
12 176
13 34
13 35
13 36
13 37
13 47
13 48
13 132
13 176
14 48
14 132
14 176
14 177
14 178
14 179
14 180
15 48
15 132
15 177
15 178
15 180
15 181
15 182
16 48
16 49
16 132
16 182
17 49
17 132
17 182
18 49
18 132
18 182
19 49
19 132
19 182
19 183
20 48
20 49
20 50
20 132
20 183
21 48
21 50
21 132
21 183
22 47
22 48
22 50
22 51
22 52
22 53
22 54
22 55
22 56
22 57
22 58
22 99
22 100
22 101
22 102
22 103
22 104
22 105
22 106
22 132
22 183
22 184
22 185
22 464
22 465
23 46
23 47
23 57
23 58
23 97
23 98
23 99
23 106
23 107
23 132
23 185
23 186
23 187
23 188
23 463
23 464
24 46
24 57
24 58
24 59
24 90
24 91
24 92
24 93
24 94
24 95
24 96
24 97
24 107
24 108
24 132
24 188
24 463
25 37
25 38
25 39
25 40
25 42
25 43
25 44
25 45
25 46
25 59
25 85
25 86
25 87
25 88
25 89
25 90
25 108
25 132
25 188
25 463
26 32
26 33
26 34
26 35
26 36
26 37
26 40
26 41
26 42
26 59
26 60
26 82
26 83
26 84
26 85
26 108
26 109
26 132
26 188
26 463
27 30
27 31
27 32
27 60
27 82
27 109
27 110
27 111
27 132
27 188
27 463
28 27
28 28
28 29
28 30
28 60
28 82
28 111
28 112
28 113
28 132
28 188
28 189
28 371
28 463
29 27
29 60
29 82
29 113
29 114
29 115
29 132
29 237
29 238
29 371
29 463
30 26
30 27
30 60
30 82
30 115
30 132
30 238
30 239
30 240
30 370
30 371
30 463
31 16
31 17
31 18
31 19
31 20
31 21
31 26
31 60
31 82
31 115
31 116
31 117
31 132
31 133
31 240
31 370
31 463
32 12
32 13
32 16
32 21
32 22
32 23
32 24
32 25
32 26
32 60
32 82
32 117
32 122
32 123
32 133
32 240
32 370
32 462
32 463
33 9
33 10
33 11
33 12
33 13
33 14
33 15
33 16
33 60
33 61
33 62
33 63
33 82
33 117
33 118
33 119
33 120
33 121
33 122
33 123
33 124
33 125
33 126
33 127
33 133
33 240
33 370
33 462
34 5
34 6
34 7
34 8
34 9
34 63
34 80
34 81
34 82
34 127
34 128
34 129
34 130
34 131
34 132
34 133
34 134
34 240
34 241
34 242
34 243
34 260
34 261
34 262
34 263
34 264
34 370
34 462
35 3
35 4
35 5
35 63
35 64
35 80
35 132
35 133
35 134
35 243
35 244
35 245
35 246
35 254
35 255
35 256
35 257
35 258
35 259
35 260
35 264
35 265
35 266
35 267
35 268
35 283
35 284
35 285
35 294
35 295
35 296
35 297
35 298
35 299
35 370
35 462
36 3
36 64
36 65
36 66
36 67
36 77
36 78
36 79
36 80
36 132
36 246
36 247
36 248
36 249
36 250
36 251
36 252
36 253
36 254
36 268
36 269
36 271
36 272
36 273
36 274
36 275
36 278
36 279
36 280
36 281
36 282
36 283
36 285
36 286
36 287
36 288
36 289
36 290
36 291
36 292
36 293
36 294
36 299
36 300
36 301
36 302
36 303
36 304
36 305
36 306
36 307
36 308
36 370
36 461
36 462
37 3
37 67
37 68
37 69
37 77
37 132
37 252
37 269
37 270
37 271
37 275
37 276
37 277
37 278
37 370
37 461
38 2
38 3
38 69
38 75
38 76
38 77
38 132
38 133
38 252
38 370
38 461
39 2
39 69
39 70
39 71
39 72
39 73
39 74
39 75
39 130
39 131
39 132
39 133
39 252
39 370
39 461
40 69
40 129
40 130
40 251
40 252
40 370
40 426
40 461
40 462
40 463
41 69
41 129
41 250
41 251
41 368
41 369
41 370
41 423
41 424
41 425
41 426
41 463
42 129
42 250
42 368
42 422
42 423
42 463
42 464
43 128
43 129
43 250
43 368
43 422
43 463
43 464
44 128
44 250
44 367
44 368
44 418
44 419
44 420
44 421
44 422
44 464
45 128
45 250
45 366
45 367
45 415
45 416
45 417
45 418
45 422
45 423
45 424
45 425
45 464
46 128
46 250
46 365
46 366
46 414
46 415
46 425
46 464
47 125
47 126
47 127
47 128
47 248
47 249
47 250
47 365
47 413
47 414
47 425
47 464
48 125
48 248
48 365
48 413
48 425
48 426
48 427
48 464
49 125
49 248
49 365
49 410
49 411
49 412
49 413
49 427
49 429
49 430
49 431
49 432
49 433
49 434
49 435
49 439
49 440
49 441
49 442
49 443
49 444
49 445
49 446
49 449
49 450
49 451
49 452
49 453
49 454
49 455
49 456
49 463
49 464
50 124
50 125
50 248
50 365
50 366
50 408
50 409
50 410
50 427
50 429
50 435
50 436
50 437
50 438
50 439
50 446
50 447
50 448
50 449
50 456
50 462
50 463
51 124
51 247
51 248
51 366
51 405
51 406
51 407
51 408
51 427
51 428
51 429
51 456
51 460
51 461
51 462
52 124
52 247
52 366
52 405
52 428
52 456
52 457
52 458
52 459
52 460
53 124
53 247
53 366
53 405
53 428
53 458
54 124
54 247
54 366
54 405
54 428
54 458
55 122
55 123
55 124
55 247
55 365
55 366
55 404
55 405
55 428
55 458
56 122
56 123
56 247
56 365
56 401
56 402
56 403
56 404
56 428
56 458
57 123
57 124
57 247
57 248
57 365
57 401
57 428
57 429
57 458
57 459
57 460
58 124
58 248
58 365
58 400
58 401
58 429
58 460
59 124
59 248
59 363
59 364
59 365
59 399
59 400
59 429
59 460
60 124
60 246
60 247
60 248
60 363
60 397
60 398
60 399
60 429
60 460
61 124
61 246
61 363
61 397
61 429
61 460
62 124
62 246
62 363
62 396
62 397
62 428
62 429
62 460
63 124
63 246
63 363
63 396
63 427
63 428
63 460
64 124
64 246
64 363
64 396
64 427
64 460
64 461
65 124
65 125
65 126
65 127
65 128
65 129
65 130
65 131
65 246
65 361
65 362
65 363
65 395
65 396
65 427
65 461
65 462
66 131
66 132
66 246
66 361
66 362
66 395
66 427
66 428
66 429
66 462
67 132
67 133
67 134
67 135
67 245
67 246
67 356
67 357
67 358
67 359
67 360
67 361
67 362
67 363
67 392
67 393
67 394
67 395
67 429
67 462
68 135
68 136
68 245
68 356
68 357
68 363
68 364
68 365
68 366
68 367
68 368
68 369
68 370
68 390
68 391
68 392
68 462
68 463
68 464
69 136
69 137
69 167
69 245
69 246
69 356
69 370
69 373
69 374
69 375
69 389
69 390
69 464
69 465
70 137
70 167
70 168
70 246
70 247
70 356
70 370
70 371
70 372
70 373
70 375
70 376
70 389
70 465
71 137
71 138
71 139
71 140
71 165
71 166
71 167
71 168
71 169
71 247
71 355
71 356
71 376
71 377
71 378
71 379
71 389
71 465
72 140
72 144
72 145
72 146
72 147
72 148
72 149
72 150
72 151
72 152
72 153
72 154
72 155
72 156
72 157
72 158
72 159
72 160
72 161
72 162
72 163
72 164
72 165
72 169
72 247
72 355
72 379
72 380
72 387
72 388
72 389
72 465
73 140
73 141
73 143
73 144
73 169
73 170
73 246
73 247
73 353
73 354
73 355
73 380
73 381
73 382
73 383
73 384
73 385
73 386
73 387
73 465
74 141
74 142
74 143
74 170
74 246
74 353
74 384
74 465
75 170
75 171
75 246
75 353
75 384
75 465
76 171
76 246
76 352
76 353
76 384
76 465
76 466
77 171
77 246
77 351
77 352
77 384
77 466
78 171
78 246
78 351
78 384
78 466
78 467
79 171
79 246
79 349
79 350
79 351
79 382
79 383
79 384
79 467
80 171
80 246
80 349
80 382
80 467
81 171
81 246
81 348
81 349
81 382
81 467
82 45
82 171
82 246
82 346
82 347
82 348
82 382
82 466
82 467
83 45
83 171
83 246
83 247
83 310
83 311
83 312
83 313
83 340
83 341
83 342
83 346
83 382
83 466
84 45
84 171
84 172
84 173
84 174
84 247
84 308
84 309
84 310
84 313
84 325
84 326
84 327
84 328
84 329
84 330
84 339
84 340
84 342
84 343
84 344
84 345
84 346
84 382
84 465
84 466
85 44
85 45
85 174
85 247
85 248
85 308
85 313
85 314
85 317
85 318
85 320
85 321
85 322
85 323
85 324
85 325
85 330
85 334
85 335
85 336
85 337
85 338
85 339
85 382
85 465
86 44
86 174
86 175
86 176
86 248
86 307
86 308
86 314
86 315
86 316
86 317
86 318
86 319
86 320
86 330
86 331
86 332
86 333
86 334
86 338
86 382
86 465
87 42
87 43
87 44
87 176
87 180
87 181
87 248
87 307
87 308
87 338
87 382
87 383
87 384
87 465
87 466
87 467
87 468
87 469
88 42
88 176
88 177
88 178
88 179
88 180
88 181
88 182
88 183
88 248
88 305
88 306
88 307
88 337
88 338
88 384
88 385
88 386
88 469
89 42
89 183
89 184
89 248
89 304
89 305
89 337
89 386
89 469
89 470
89 471
89 472
89 473
90 42
90 43
90 184
90 248
90 304
90 337
90 338
90 386
90 387
90 388
90 389
90 390
90 473
90 474
90 475
91 43
91 184
91 248
91 304
91 338
91 390
91 475
91 476
91 477
91 478
91 479
91 480
92 43
92 44
92 184
92 248
92 304
92 305
92 338
92 390
92 391
92 392
92 479
92 480
93 44
93 184
93 248
93 304
93 305
93 338
93 392
93 393
93 394
94 38
94 39
94 42
94 43
94 44
94 184
94 248
94 249
94 250
94 304
94 338
94 339
94 394
95 36
95 37
95 38
95 39
95 40
95 41
95 42
95 184
95 250
95 303
95 304
95 339
95 394
95 395
96 36
96 184
96 250
96 303
96 339
96 395
97 36
97 183
97 184
97 250
97 251
97 271
97 272
97 273
97 274
97 275
97 276
97 277
97 278
97 279
97 280
97 281
97 287
97 288
97 289
97 290
97 303
97 339
97 340
97 341
97 395
97 402
98 36
98 182
98 183
98 251
98 252
98 271
98 278
98 279
98 281
98 282
98 283
98 284
98 285
98 286
98 287
98 290
98 291
98 292
98 293
98 294
98 295
98 303
98 340
98 341
98 395
98 402
99 36
99 182
99 252
99 271
99 295
99 303
99 340
99 395
99 399
99 400
99 401
99 402
100 36
100 182
100 252
100 270
100 271
100 295
100 296
100 297
100 298
100 299
100 302
100 303
100 338
100 339
100 340
100 395
100 399
101 36
101 37
101 182
101 252
101 268
101 269
101 270
101 299
101 301
101 302
101 338
101 339
101 395
101 396
101 397
101 398
101 399
102 37
102 182
102 252
102 268
102 299
102 300
102 301
102 339
102 340
102 396
102 397
103 37
103 38
103 182
103 252
103 267
103 268
103 301
103 340
103 397
104 38
104 182
104 252
104 267
104 301
104 340
104 397
105 38
105 182
105 252
105 259
105 260
105 261
105 262
105 263
105 264
105 265
105 266
105 267
105 301
105 340
105 397
106 38
106 182
106 252
106 259
106 340
106 397
106 398
107 38
107 182
107 252
107 253
107 259
107 339
107 340
107 398
108 38
108 182
108 253
108 254
108 259
108 339
108 398
109 38
109 180
109 181
109 182
109 254
109 255
109 256
109 257
109 258
109 259
109 339
109 397
109 398
110 38
110 179
110 180
110 254
110 338
110 339
110 397
111 38
111 179
111 253
111 254
111 337
111 338
111 397
112 38
112 39
112 179
112 253
112 337
112 397
113 38
113 39
113 179
113 252
113 253
113 336
113 337
113 397
114 39
114 179
114 246
114 247
114 248
114 249
114 250
114 251
114 252
114 336
114 396
114 397
115 39
115 179
115 246
115 336
115 395
115 396
116 39
116 179
116 180
116 246
116 336
116 395
117 39
117 180
117 246
117 335
117 336
117 395
118 38
118 39
118 180
118 181
118 245
118 246
118 333
118 334
118 335
118 395
119 38
119 180
119 181
119 246
119 247
119 248
119 332
119 333
119 394
119 395
120 38
120 180
120 248
120 330
120 331
120 332
120 393
120 394
121 38
121 61
121 62
121 63
121 64
121 65
121 66
121 67
121 68
121 69
121 180
121 248
121 328
121 329
121 330
121 393
122 38
122 39
122 54
122 55
122 56
122 57
122 58
122 59
122 60
122 61
122 69
122 179
122 180
122 248
122 328
122 393
123 38
123 39
123 40
123 51
123 52
123 53
123 54
123 69
123 70
123 178
123 179
123 248
123 393
124 37
124 38
124 40
124 41
124 42
124 51
124 70
124 71
124 72
124 178
124 248
124 249
124 393
124 394
124 395
124 414
125 37
125 38
125 42
125 49
125 50
125 51
125 72
125 73
125 74
125 75
125 76
125 165
125 166
125 167
125 168
125 169
125 170
125 178
125 249
125 385
125 386
125 387
125 391
125 392
125 393
125 395
125 396
125 414
126 38
126 42
126 43
126 44
126 45
126 46
126 47
126 48
126 49
126 74
126 75
126 76
126 164
126 165
126 170
126 171
126 178
126 249
126 250
126 387
126 388
126 389
126 390
126 391
126 396
126 414
127 38
127 76
127 77
127 78
127 79
127 80
127 81
127 149
127 150
127 163
127 164
127 171
127 172
127 173
127 174
127 175
127 176
127 177
127 178
127 179
127 250
127 251
127 252
127 253
127 396
127 397
127 398
127 407
127 408
127 409
127 413
127 414
128 38
128 81
128 82
128 148
128 149
128 150
128 151
128 152
128 163
128 179
128 180
128 181
128 182
128 183
128 184
128 185
128 186
128 188
128 253
128 398
128 399
128 406
128 407
128 409
128 410
128 411
128 412
128 413
129 38
129 82
129 83
129 84
129 148
129 152
129 153
129 154
129 155
129 156
129 158
129 159
129 160
129 161
129 162
129 163
129 186
129 187
129 188
129 253
129 399
129 400
129 401
129 402
129 403
129 404
129 405
129 406
129 411
129 412
129 413
129 414
130 37
130 38
130 84
130 85
130 86
130 87
130 148
130 149
130 156
130 157
130 158
130 253
130 414
130 415
130 416
131 37
131 87
131 149
131 253
131 254
131 255
131 256
131 416
132 37
132 86
132 87
132 148
132 149
132 256
132 416
132 417
133 37
133 86
133 87
133 88
133 148
133 256
133 417
133 418
134 37
134 88
134 89
134 147
134 148
134 255
134 256
134 418
134 419
135 37
135 89
135 147
135 255
135 419
136 37
136 38
136 39
136 89
136 147
136 255
136 419
137 39
137 40
137 89
137 147
137 255
137 419
138 40
138 89
138 90
138 147
138 255
138 419
139 40
139 41
139 42
139 90
139 147
139 255
139 419
139 420
140 40
140 42
140 90
140 147
140 255
140 420
141 40
141 90
141 147
141 255
141 420
142 40
142 90
142 147
142 255
142 256
142 420
143 11
143 40
143 86
143 87
143 88
143 89
143 90
143 146
143 147
143 256
143 420
143 421
144 11
144 38
144 39
144 40
144 86
144 90
144 146
144 147
144 148
144 256
144 421
145 11
145 22
145 23
145 37
145 38
145 86
145 148
145 256
145 421
146 9
146 10
146 11
146 12
146 13
146 14
146 15
146 16
146 17
146 18
146 19
146 20
146 21
146 22
146 23
146 29
146 30
146 31
146 32
146 33
146 34
146 35
146 36
146 37
146 84
146 85
146 86
146 148
146 256
146 421
147 9
147 10
147 23
147 24
147 25
147 26
147 27
147 28
147 29
147 36
147 37
147 38
147 82
147 83
147 84
147 148
147 149
147 255
147 256
147 421
148 10
148 11
148 81
148 82
148 149
148 251
148 252
148 253
148 254
148 255
148 421
149 11
149 81
149 149
149 150
149 248
149 249
149 250
149 251
149 255
149 256
149 421
150 11
150 81
150 150
150 248
150 256
150 421
151 9
151 10
151 11
151 81
151 150
151 151
151 152
151 246
151 247
151 248
151 256
151 421
152 9
152 81
152 152
152 246
152 256
152 421
152 496
153 9
153 81
153 152
153 240
153 241
153 244
153 245
153 246
153 420
153 421
153 496
154 9
154 81
154 152
154 240
154 241
154 242
154 243
154 244
154 419
154 420
154 496
155 9
155 80
155 81
155 152
155 234
155 235
155 236
155 237
155 238
155 239
155 240
155 419
155 496
156 8
156 9
156 79
156 80
156 152
156 231
156 232
156 233
156 234
156 419
156 496
157 8
157 79
157 151
157 152
157 229
157 230
157 231
157 419
157 496
158 8
158 79
158 151
158 230
158 419
158 496
159 8
159 9
159 79
159 80
159 151
159 230
159 419
159 494
159 495
159 496
160 8
160 9
160 80
160 81
160 151
160 162
160 163
160 230
160 419
160 420
160 494
161 8
161 81
161 151
161 152
161 153
161 154
161 158
161 159
161 160
161 161
161 162
161 230
161 231
161 420
161 493
161 494
162 8
162 81
162 150
162 151
162 154
162 155
162 156
162 157
162 158
162 231
162 420
162 493
163 8
163 81
163 150
163 231
163 420
163 493
164 8
164 81
164 150
164 231
164 420
164 493
164 494
165 8
165 81
165 148
165 149
165 150
165 231
165 420
165 494
166 6
166 7
166 8
166 81
166 82
166 83
166 148
166 231
166 232
166 420
166 494
167 6
167 83
167 147
167 148
167 232
167 233
167 234
167 420
167 494
167 495
168 6
168 82
168 83
168 146
168 147
168 234
168 235
168 420
168 495
169 6
169 82
169 145
169 146
169 235
169 420
169 495
170 6
170 81
170 82
170 144
170 145
170 235
170 419
170 420
170 495
171 6
171 81
171 82
171 144
171 235
171 236
171 419
171 495
172 6
172 82
172 143
172 144
172 236
172 347
172 348
172 349
172 350
172 351
172 352
172 419
172 493
172 494
172 495
173 5
173 6
173 82
173 143
173 235
173 236
173 347
173 352
173 353
173 406
173 407
173 408
173 409
173 419
173 493
174 5
174 82
174 143
174 235
174 346
174 347
174 353
174 354
174 355
174 402
174 403
174 404
174 405
174 406
174 409
174 418
174 419
174 493
175 5
175 82
175 142
175 143
175 235
175 346
175 355
175 356
175 357
175 401
175 402
175 409
175 418
175 493
176 5
176 82
176 83
176 84
176 137
176 138
176 139
176 140
176 141
176 142
176 234
176 235
176 346
176 357
176 358
176 368
176 401
176 408
176 409
176 418
176 493
177 4
177 5
177 84
177 85
177 134
177 135
177 136
177 137
177 233
177 234
177 346
177 358
177 368
177 400
177 401
177 408
177 418
177 493
178 4
178 85
178 133
178 134
178 233
178 339
178 340
178 341
178 342
178 343
178 344
178 345
178 346
178 358
178 359
178 360
178 361
178 362
178 363
178 364
178 365
178 366
178 367
178 368
178 369
178 370
178 408
178 409
178 418
178 493
179 4
179 85
179 86
179 87
179 88
179 89
179 131
179 132
179 133
179 233
179 339
179 370
179 409
179 410
179 417
179 418
179 493
180 4
180 5
180 89
180 131
180 232
180 233
180 339
180 370
180 410
180 411
180 412
180 413
180 417
180 490
180 491
180 492
180 493
181 5
181 89
181 130
181 131
181 232
181 339
181 370
181 413
181 414
181 415
181 416
181 417
181 490
182 5
182 89
182 90
182 128
182 129
182 130
182 232
182 339
182 340
182 370
182 416
182 417
182 490
183 4
183 5
183 90
183 127
183 128
183 232
183 340
183 370
183 417
183 489
183 490
184 3
184 4
184 90
184 125
184 126
184 127
184 231
184 232
184 340
184 370
184 417
184 489
185 3
185 90
185 91
185 92
185 125
185 231
185 340
185 370
185 417
185 489
186 3
186 90
186 92
186 93
186 94
186 125
186 231
186 232
186 339
186 340
186 370
186 417
186 489
187 3
187 4
187 89
187 90
187 94
187 95
187 105
187 106
187 107
187 110
187 111
187 123
187 124
187 125
187 232
187 339
187 370
187 417
187 489
188 4
188 87
188 88
188 89
188 95
188 102
188 103
188 104
188 105
188 107
188 108
188 109
188 110
188 111
188 112
188 113
188 114
188 115
188 116
188 117
188 118
188 119
188 120
188 121
188 122
188 123
188 232
188 338
188 339
188 370
188 417
188 489
189 4
189 86
189 87
189 95
189 98
189 99
189 100
189 101
189 102
189 120
189 232
189 338
189 370
189 416
189 417
189 488
189 489
190 3
190 4
190 59
190 60
190 85
190 86
190 95
190 96
190 97
190 98
190 120
190 232
190 338
190 370
190 416
190 488
191 3
191 60
191 85
191 86
191 120
191 231
191 232
191 328
191 329
191 330
191 331
191 332
191 333
191 334
191 335
191 336
191 337
191 338
191 370
191 415
191 416
191 487
191 488
192 3
192 60
192 61
192 62
192 63
192 64
192 65
192 66
192 67
192 68
192 69
192 70
192 86
192 120
192 230
192 231
192 325
192 326
192 327
192 328
192 370
192 415
192 487
193 0
193 1
193 3
193 60
193 61
193 70
193 71
193 86
193 120
193 230
193 325
193 369
193 370
193 413
193 414
193 415
193 487
194 1
194 2
194 3
194 60
194 71
194 74
194 75
194 76
194 77
194 86
194 120
194 121
194 230
194 231
194 325
194 369
194 413
194 487
195 3
195 4
195 59
195 60
195 71
195 72
195 73
195 74
195 77
195 86
195 121
195 231
195 232
195 324
195 325
195 369
195 370
195 413
195 487
196 4
196 51
196 52
196 53
196 54
196 55
196 56
196 57
196 58
196 59
196 77
196 78
196 79
196 80
196 81
196 82
196 83
196 85
196 86
196 121
196 232
196 324
196 370
196 413
196 483
196 484
196 485
196 486
196 487
197 4
197 5
197 6
197 7
197 50
197 51
197 83
197 84
197 85
197 121
197 232
197 324
197 370
197 413
197 482
197 483
198 4
198 5
198 49
198 50
198 83
198 84
198 121
198 232
198 324
198 370
198 413
198 482
199 5
199 43
199 44
199 45
199 46
199 47
199 48
199 49
199 83
199 121
199 122
199 232
199 324
199 370
199 413
199 481
199 482
200 5
200 83
200 84
200 122
200 232
200 324
200 370
200 413
200 482
201 5
201 84
201 122
201 230
201 231
201 232
201 324
201 370
201 371
201 413
201 414
201 482
202 5
202 6
202 83
202 84
202 122
202 230
202 231
202 323
202 324
202 371
202 414
202 482
203 6
203 81
203 82
203 83
203 122
203 231
203 323
203 371
203 414
203 482
204 6
204 81
204 122
204 123
204 222
204 223
204 224
204 225
204 226
204 227
204 231
204 320
204 321
204 322
204 323
204 371
204 414
204 481
204 482
205 6
205 81
205 123
205 218
205 219
205 220
205 221
205 222
205 227
205 228
205 229
205 230
205 231
205 306
205 307
205 308
205 309
205 310
205 311
205 312
205 318
205 319
205 320
205 371
205 414
205 481
206 6
206 81
206 123
206 216
206 217
206 218
206 301
206 302
206 303
206 304
206 305
206 306
206 312
206 313
206 314
206 315
206 316
206 317
206 318
206 370
206 371
206 414
206 481
207 5
207 6
207 81
207 123
207 124
207 216
207 304
207 370
207 414
207 480
207 481
208 4
208 5
208 81
208 124
208 215
208 216
208 304
208 369
208 370
208 414
208 415
208 416
208 480
209 4
209 81
209 124
209 304
209 368
209 369
209 415
209 416
209 423
209 424
209 425
209 426
209 427
209 480
210 4
210 81
210 124
210 304
210 368
210 415
210 418
210 419
210 420
210 423
210 480
211 3
211 4
211 81
211 82
211 83
211 84
211 124
211 125
211 304
211 368
211 412
211 413
211 414
211 415
211 416
211 417
211 418
211 420
211 421
211 422
211 423
211 480
212 3
212 84
212 125
212 126
212 304
212 368
212 412
212 480
213 3
213 84
213 126
213 303
213 304
213 368
213 369
213 372
213 412
213 480
214 3
214 84
214 126
214 303
214 369
214 370
214 371
214 372
214 407
214 408
214 409
214 410
214 411
214 412
214 480
215 2
215 3
215 84
215 125
215 126
215 127
215 303
215 371
215 372
215 406
215 407
215 478
215 479
215 480
216 2
216 84
216 124
216 125
216 303
216 372
216 373
216 405
216 406
216 477
216 478
217 2
217 84
217 85
217 124
217 125
217 301
217 302
217 303
217 373
217 405
217 477
218 2
218 85
218 86
218 87
218 88
218 124
218 125
218 301
218 373
218 405
218 477
219 2
219 88
219 124
219 125
219 126
219 127
219 128
219 129
219 130
219 131
219 301
219 371
219 372
219 373
219 405
219 477
220 2
220 87
220 88
220 131
220 301
220 369
220 370
220 371
220 404
220 405
220 477
221 2
221 3
221 86
221 87
221 131
221 132
221 300
221 301
221 368
221 369
221 404
221 405
221 476
221 477
222 3
222 86
222 132
222 133
222 134
222 135
222 136
222 299
222 300
222 367
222 368
222 405
222 476
223 3
223 4
223 5
223 83
223 84
223 85
223 86
223 136
223 137
223 300
223 367
223 405
223 476
224 5
224 6
224 7
224 83
224 86
224 137
224 300
224 367
224 404
224 405
224 476
225 7
225 82
225 83
225 86
225 137
225 300
225 367
225 400
225 401
225 402
225 403
225 404
225 476
226 7
226 81
226 82
226 86
226 137
226 138
226 139
226 140
226 300
226 308
226 309
226 310
226 367
226 394
226 395
226 396
226 397
226 398
226 399
226 400
226 476
227 7
227 81
227 140
227 141
227 142
227 300
227 301
227 302
227 303
227 304
227 305
227 306
227 308
227 310
227 311
227 312
227 365
227 366
227 367
227 368
227 369
227 370
227 386
227 387
227 388
227 389
227 390
227 391
227 392
227 393
227 394
227 476
228 7
228 78
228 79
228 80
228 81
228 142
228 299
228 300
228 306
228 307
228 308
228 312
228 313
228 314
228 315
228 316
228 317
228 318
228 319
228 320
228 321
228 322
228 323
228 370
228 385
228 386
228 475
228 476
229 7
229 78
229 142
229 143
229 296
229 297
229 298
229 299
229 323
229 324
229 325
229 326
229 327
229 328
229 370
229 371
229 372
229 373
229 385
229 475
230 7
230 8
230 9
230 10
230 78
230 143
230 295
230 296
230 328
230 373
230 385
230 386
230 475
231 10
231 78
231 143
231 144
231 145
231 146
231 147
231 148
231 149
231 150
231 295
231 328
231 373
231 374
231 375
231 386
231 473
231 474
231 475
232 10
232 78
232 144
232 145
232 146
232 150
232 151
232 155
232 293
232 294
232 295
232 328
232 329
232 375
232 376
232 378
232 379
232 386
232 471
232 472
232 473
233 10
233 78
233 144
233 151
233 152
233 153
233 154
233 155
233 292
233 293
233 376
233 377
233 378
233 379
233 384
233 385
233 386
233 469
233 470
233 471
234 10
234 78
234 144
234 145
234 292
234 293
234 379
234 380
234 381
234 382
234 383
234 384
234 469
235 10
235 78
235 145
235 293
235 382
235 469
236 10
236 78
236 144
236 145
236 382
236 469
237 10
237 77
237 78
237 144
237 382
237 469
238 10
238 76
238 77
238 144
238 382
238 469
238 470
238 471
239 10
239 11
239 12
239 13
239 14
239 75
239 76
239 144
239 382
239 468
239 469
240 14
240 73
240 74
240 75
240 144
240 382
240 468
240 469
241 14
241 15
241 73
241 144
241 382
241 469
242 15
242 16
242 71
242 72
242 73
242 144
242 382
242 469
243 16
243 17
243 18
243 19
243 20
243 21
243 71
243 144
243 382
243 469
243 491
244 21
244 69
244 70
244 71
244 382
244 383
244 469
244 491
245 21
245 69
245 383
245 469
245 490
245 491
246 21
246 68
246 69
246 383
246 384
246 385
246 469
246 490
247 21
247 22
247 385
247 469
247 470
247 471
247 472
247 473
247 474
247 475
247 490
248 22
248 385
248 469
248 475
248 476
248 477
248 478
248 490
249 22
249 385
249 468
249 469
249 478
249 479
249 480
249 481
249 482
249 489
249 490
250 22
250 385
250 466
250 467
250 468
250 482
250 483
250 484
250 485
250 486
250 487
250 488
250 489
251 22
251 385
251 386
251 387
251 466
252 22
252 386
252 387
252 466
253 22
253 248
253 249
253 386
253 392
253 466
254 22
254 23
254 24
254 249
254 250
254 386
254 392
254 393
254 399
254 465
254 466
255 24
255 250
255 386
255 392
255 393
255 394
255 396
255 397
255 398
255 399
255 400
255 465
256 24
256 250
256 251
256 252
256 253
256 254
256 386
256 392
256 394
256 395
256 396
256 400
256 401
256 465
257 24
257 250
257 254
257 385
257 386
257 387
257 388
257 389
257 390
257 391
257 392
257 401
257 465
258 24
258 250
258 254
258 385
258 401
258 464
258 465
259 24
259 236
259 237
259 238
259 239
259 240
259 241
259 242
259 243
259 244
259 245
259 249
259 250
259 254
259 255
259 384
259 385
259 401
259 402
259 464
260 24
260 232
260 233
260 234
260 235
260 236
260 245
260 246
260 247
260 248
260 249
260 255
260 384
260 402
260 464
261 24
261 230
261 231
261 232
261 254
261 255
261 383
261 384
261 402
261 464
262 24
262 230
262 254
262 380
262 381
262 382
262 383
262 402
262 464
263 24
263 228
263 229
263 230
263 254
263 375
263 376
263 377
263 378
263 379
263 380
263 402
263 426
263 464
264 24
264 227
264 228
264 254
264 375
264 402
264 424
264 425
264 426
264 463
264 464
265 24
265 226
265 227
265 254
265 374
265 375
265 402
265 424
265 462
265 463
266 24
266 25
266 226
266 254
266 370
266 371
266 372
266 373
266 374
266 402
266 424
266 460
266 461
266 462
267 25
267 226
267 254
267 370
267 402
267 424
267 460
268 25
268 225
268 226
268 254
268 255
268 370
268 402
268 424
268 460
269 25
269 225
269 255
269 369
269 370
269 402
269 424
269 460
269 461
270 25
270 225
270 254
270 255
270 368
270 369
270 402
270 403
270 404
270 423
270 424
270 461
271 25
271 224
271 225
271 254
271 404
271 423
271 460
271 461
272 25
272 26
272 27
272 28
272 29
272 224
272 225
272 254
272 404
272 423
272 460
273 29
273 224
273 254
273 276
273 404
273 423
273 460
274 29
274 224
274 254
274 255
274 256
274 276
274 404
274 423
274 460
275 29
275 30
275 224
275 256
275 257
275 258
275 276
275 404
275 407
275 421
275 422
275 423
275 460
276 30
276 177
276 178
276 224
276 258
276 259
276 275
276 276
276 404
276 405
276 406
276 407
276 408
276 415
276 416
276 417
276 418
276 419
276 420
276 421
276 422
276 459
276 460
277 30
277 177
277 178
277 224
277 259
277 275
277 408
277 409
277 410
277 415
277 422
277 459
278 30
278 178
278 179
278 224
278 259
278 275
278 410
278 414
278 415
278 422
278 459
279 30
279 179
279 224
279 259
279 261
279 262
279 263
279 264
279 265
279 266
279 267
279 268
279 269
279 270
279 271
279 272
279 273
279 274
279 275
279 410
279 411
279 412
279 413
279 414
279 422
279 459
280 30
280 31
280 179
280 224
280 259
280 260
280 261
280 264
280 265
280 275
280 422
280 441
280 442
280 443
280 444
280 445
280 446
280 447
280 449
280 450
280 451
280 459
281 30
281 31
281 179
281 180
281 181
281 182
281 224
281 258
281 259
281 260
281 275
281 422
281 423
281 441
281 447
281 448
281 449
281 451
281 459
282 30
282 182
282 224
282 258
282 275
282 276
282 277
282 278
282 279
282 423
282 424
282 440
282 441
282 451
282 452
282 453
282 454
282 455
282 456
282 457
282 458
282 459
282 460
283 30
283 31
283 32
283 182
283 224
283 225
283 279
283 424
283 439
283 440
283 460
284 21
284 22
284 32
284 37
284 182
284 183
284 184
284 185
284 225
284 279
284 424
284 425
284 439
284 460
285 22
285 23
285 32
285 33
285 36
285 37
285 185
285 186
285 225
285 279
285 280
285 281
285 425
285 429
285 439
285 460
285 461
285 462
285 463
286 23
286 24
286 33
286 34
286 35
286 36
286 186
286 187
286 188
286 225
286 281
286 282
286 283
286 425
286 426
286 429
286 439
286 440
286 441
286 463
287 24
287 25
287 28
287 29
287 30
287 31
287 32
287 33
287 188
287 225
287 283
287 284
287 426
287 429
287 430
287 431
287 432
287 433
287 434
287 438
287 439
287 463
287 464
287 465
287 466
288 25
288 26
288 27
288 28
288 32
288 84
288 85
288 188
288 225
288 284
288 297
288 426
288 427
288 428
288 429
288 434
288 435
288 436
288 437
288 438
288 466
288 467
288 468
288 469
288 470
288 471
289 32
289 85
289 188
289 225
289 283
289 284
289 297
289 298
289 425
289 426
289 471
289 472
290 32
290 85
290 86
290 188
290 224
290 225
290 283
290 298
290 424
290 425
290 472
291 32
291 86
291 188
291 224
291 283
291 296
291 297
291 298
291 424
291 472
291 473
291 474
291 475
291 476
292 32
292 86
292 188
292 224
292 283
292 295
292 296
292 424
292 472
292 476
293 32
293 79
293 80
293 86
293 188
293 224
293 283
293 295
293 332
293 333
293 334
293 335
293 423
293 424
293 476
294 32
294 78
294 79
294 80
294 81
294 82
294 83
294 84
294 85
294 86
294 188
294 189
294 194
294 195
294 196
294 197
294 198
294 224
294 283
294 284
294 295
294 332
294 423
294 476
294 477
295 32
295 70
295 71
295 78
295 83
295 84
295 86
295 189
295 194
295 198
295 199
295 200
295 201
295 202
295 203
295 209
295 210
295 211
295 212
295 213
295 224
295 284
295 295
295 332
295 422
295 423
295 477
295 478
295 479
296 32
296 33
296 70
296 71
296 72
296 73
296 74
296 75
296 76
296 77
296 78
296 86
296 87
296 189
296 194
296 203
296 207
296 208
296 209
296 213
296 214
296 215
296 216
296 217
296 218
296 223
296 224
296 284
296 295
296 296
296 332
296 422
296 479
297 33
297 70
297 87
297 88
297 189
297 194
297 203
297 204
297 205
297 206
297 207
297 218
297 223
297 284
297 296
297 332
297 422
297 479
297 480
298 33
298 69
298 70
298 88
298 188
298 189
298 190
298 191
298 192
298 194
298 218
298 219
298 220
298 221
298 222
298 223
298 284
298 296
298 332
298 422
298 480
299 33
299 64
299 65
299 66
299 67
299 68
299 69
299 88
299 89
299 188
299 192
299 193
299 194
299 221
299 222
299 223
299 224
299 225
299 284
299 295
299 296
299 297
299 298
299 332
299 333
299 339
299 340
299 341
299 342
299 343
299 344
299 345
299 346
299 347
299 422
299 480
299 481
300 33
300 34
300 64
300 89
300 188
300 225
300 226
300 283
300 284
300 285
300 286
300 287
300 295
300 298
300 333
300 334
300 335
300 336
300 338
300 339
300 347
300 422
300 481
301 34
301 59
301 60
301 61
301 62
301 63
301 64
301 89
301 90
301 188
301 226
301 280
301 281
301 282
301 283
301 287
301 288
301 289
301 290
301 291
301 292
301 293
301 294
301 295
301 298
301 299
301 335
301 336
301 337
301 338
301 347
301 348
301 422
301 481
302 34
302 35
302 36
302 37
302 42
302 43
302 44
302 45
302 46
302 47
302 48
302 49
302 50
302 51
302 52
302 53
302 54
302 56
302 57
302 58
302 59
302 90
302 91
302 185
302 186
302 187
302 188
302 226
302 227
302 280
302 281
302 299
302 334
302 335
302 348
302 422
302 481
303 33
303 34
303 37
303 38
303 39
303 40
303 41
303 42
303 54
303 55
303 56
303 91
303 185
303 227
303 228
303 229
303 299
303 333
303 334
303 348
303 422
303 423
303 481
303 482
304 37
304 38
304 91
304 183
304 184
304 185
304 229
304 299
304 333
304 334
304 348
304 423
304 424
304 482
304 483
304 484
304 485
304 486
304 487
305 91
305 183
305 229
305 230
305 231
305 299
305 334
305 348
305 349
305 424
305 425
305 487
305 488
306 91
306 182
306 183
306 231
306 299
306 300
306 334
306 335
306 349
306 350
306 425
306 488
307 91
307 180
307 181
307 182
307 231
307 300
307 301
307 302
307 303
307 335
307 350
307 425
307 426
307 488
307 489
307 490
308 91
308 179
308 180
308 231
308 232
308 233
308 303
308 335
308 350
308 351
308 426
308 427
308 490
309 90
309 91
309 175
309 176
309 177
309 178
309 179
309 233
309 303
309 304
309 335
309 351
309 427
309 490
310 90
310 91
310 170
310 171
310 172
310 173
310 174
310 175
310 233
310 234
310 303
310 304
310 335
310 351
310 427
310 428
310 490
311 91
311 170
311 234
311 303
311 309
311 310
311 311
311 335
311 351
311 352
311 353
311 354
311 355
311 356
311 428
311 429
311 490
312 91
312 92
312 168
312 169
312 170
312 234
312 303
312 304
312 305
312 306
312 307
312 308
312 309
312 311
312 335
312 356
312 357
312 358
312 429
312 490
312 491
313 92
313 168
313 234
313 311
313 325
313 326
313 327
313 328
313 335
313 336
313 357
313 358
313 429
313 491
314 92
314 93
314 94
314 95
314 234
314 311
314 312
314 313
314 314
314 315
314 316
314 317
314 318
314 319
314 320
314 321
314 322
314 323
314 324
314 325
314 328
314 336
314 358
314 359
314 360
314 361
314 362
314 363
314 364
314 365
314 366
314 367
314 368
314 369
314 429
314 491
315 95
315 96
315 97
315 234
315 235
315 328
315 336
315 337
315 369
315 370
315 371
315 372
315 429
315 491
316 97
316 98
316 235
316 328
316 337
316 372
316 373
316 429
316 491
316 492
317 98
317 235
317 328
317 329
317 334
317 335
317 336
317 337
317 373
317 428
317 429
317 492
318 98
318 235
318 329
318 330
318 331
318 332
318 333
318 334
318 336
318 373
318 428
319 98
319 99
319 235
319 236
319 251
319 252
319 253
319 336
319 373
319 374
319 428
320 98
320 236
320 237
320 247
320 248
320 249
320 250
320 251
320 253
320 374
320 426
320 427
320 428
321 98
321 235
321 236
321 237
321 238
321 242
321 243
321 244
321 245
321 246
321 247
321 253
321 254
321 255
321 374
321 426
322 98
322 235
322 238
322 239
322 240
322 241
322 242
322 255
322 374
322 375
322 376
322 426
323 97
323 98
323 235
323 242
323 255
323 256
323 257
323 376
323 426
324 97
324 233
324 234
324 235
324 242
324 243
324 257
324 376
324 425
324 426
325 97
325 233
325 257
325 258
325 376
325 377
325 425
326 95
326 96
326 97
326 232
326 233
326 258
326 259
326 377
326 425
327 94
327 95
327 233
327 377
327 425
328 94
328 233
328 234
328 377
328 378
328 425
329 91
329 92
329 93
329 94
329 234
329 378
329 390
329 425
330 91
330 234
330 378
330 389
330 390
330 425
331 90
331 91
331 233
331 234
331 378
331 389
331 425
332 89
332 90
332 233
332 378
332 389
332 425
333 89
333 233
333 378
333 389
333 390
333 425
334 89
334 213
334 214
334 215
334 216
334 217
334 233
334 378
334 379
334 390
334 424
334 425
335 88
335 89
335 210
335 211
335 212
335 213
335 217
335 218
335 219
335 220
335 221
335 233
335 379
335 380
335 381
335 390
335 391
335 424
336 5
336 6
336 86
336 87
336 88
336 208
336 209
336 210
336 221
336 222
336 233
336 381
336 389
336 390
336 391
336 424
337 6
337 7
337 86
337 206
337 207
337 208
337 222
337 233
337 381
337 388
337 389
337 391
337 424
338 7
338 86
338 186
338 187
338 188
338 189
338 190
338 191
338 192
338 193
338 199
338 200
338 201
338 202
338 203
338 204
338 205
338 206
338 222
338 233
338 234
338 359
338 360
338 362
338 363
338 364
338 365
338 366
338 381
338 388
338 391
338 424
339 7
339 8
339 86
339 153
339 154
339 183
339 184
339 185
339 186
339 192
339 193
339 194
339 195
339 196
339 197
339 198
339 199
339 222
339 223
339 224
339 225
339 226
339 227
339 228
339 229
339 232
339 233
339 234
339 235
339 236
339 346
339 347
339 348
339 349
339 351
339 352
339 353
339 354
339 355
339 356
339 357
339 358
339 359
339 360
339 361
339 362
339 366
339 367
339 381
339 386
339 387
339 388
339 391
339 392
339 424
340 8
340 9
340 10
340 86
340 149
340 150
340 151
340 152
340 153
340 154
340 155
340 183
340 229
340 231
340 232
340 236
340 237
340 238
340 239
340 240
340 241
340 242
340 345
340 346
340 349
340 351
340 367
340 381
340 382
340 384
340 385
340 386
340 392
340 420
340 421
340 422
340 423
340 424
341 10
341 11
341 12
341 86
341 150
341 155
341 156
341 157
341 158
341 180
341 181
341 182
341 183
341 229
341 230
341 231
341 242
341 345
341 349
341 350
341 351
341 367
341 381
341 382
341 383
341 384
341 391
341 392
341 420
342 12
342 86
342 87
342 150
342 158
342 159
342 160
342 161
342 179
342 180
342 229
342 242
342 243
342 339
342 340
342 341
342 342
342 343
342 344
342 345
342 367
342 368
342 369
342 370
342 378
342 379
342 380
342 381
342 391
342 420
342 421
343 12
343 13
343 87
343 88
343 89
343 90
343 91
343 150
343 161
343 162
343 177
343 178
343 179
343 229
343 230
343 243
343 244
343 335
343 339
343 370
343 371
343 372
343 373
343 374
343 375
343 376
343 377
343 378
343 391
343 392
343 421
344 13
344 14
344 15
344 16
344 17
344 18
344 91
344 150
344 151
344 162
344 177
344 230
344 244
344 245
344 335
344 336
344 337
344 338
344 339
344 392
344 393
344 421
345 18
345 19
345 20
345 22
345 23
345 24
345 25
345 91
345 92
345 93
345 151
345 162
345 163
345 164
345 165
345 166
345 176
345 177
345 229
345 230
345 245
345 393
345 421
346 20
346 21
346 22
346 25
346 26
346 93
346 94
346 95
346 96
346 97
346 98
346 150
346 151
346 166
346 167
346 168
346 169
346 170
346 171
346 172
346 173
346 174
346 176
346 229
346 245
346 246
346 247
346 248
346 249
346 393
346 421
346 451
347 26
347 98
347 150
347 167
347 168
347 174
347 175
347 176
347 249
347 393
347 421
347 450
347 451
348 26
348 98
348 111
348 150
348 172
348 173
348 174
348 249
348 250
348 251
348 393
348 420
348 421
348 447
348 448
348 449
348 450
349 26
349 98
349 109
349 110
349 111
349 112
349 113
349 114
349 115
349 116
349 117
349 118
349 149
349 150
349 171
349 172
349 173
349 251
349 252
349 253
349 254
349 255
349 393
349 420
349 447
350 25
350 26
350 98
350 99
350 100
350 101
350 102
350 103
350 104
350 105
350 106
350 107
350 108
350 109
350 118
350 119
350 120
350 121
350 122
350 149
350 171
350 255
350 393
350 420
350 447
351 25
351 122
351 149
351 171
351 255
351 256
351 257
351 258
351 259
351 260
351 261
351 262
351 393
351 419
351 420
351 446
351 447
352 25
352 122
352 148
352 149
352 170
352 171
352 262
352 263
352 264
352 393
352 419
352 420
352 446
353 25
353 26
353 122
353 123
353 124
353 148
353 170
353 264
353 393
353 420
353 446
354 26
354 124
354 147
354 148
354 170
354 264
354 393
354 420
354 444
354 445
354 446
355 26
355 124
355 125
355 126
355 147
355 170
355 264
355 265
355 303
355 304
355 393
355 394
355 420
355 444
356 26
356 126
356 147
356 170
356 265
356 266
356 303
356 394
356 395
356 396
356 420
356 443
356 444
357 26
357 126
357 143
357 144
357 145
357 146
357 147
357 169
357 170
357 266
357 267
357 298
357 299
357 300
357 301
357 302
357 303
357 396
357 420
357 441
357 442
357 443
358 26
358 27
358 126
358 142
358 143
358 169
358 170
358 171
358 267
358 268
358 269
358 270
358 296
358 297
358 298
358 395
358 396
358 420
358 440
358 441
359 27
359 126
359 128
359 129
359 130
359 131
359 132
359 133
359 134
359 135
359 136
359 142
359 169
359 171
359 172
359 173
359 174
359 175
359 270
359 296
359 298
359 299
359 396
359 420
359 435
359 436
359 437
359 438
359 439
359 440
360 27
360 126
360 127
360 128
360 136
360 137
360 138
360 139
360 140
360 141
360 142
360 169
360 170
360 175
360 176
360 177
360 270
360 293
360 294
360 295
360 296
360 299
360 300
360 396
360 420
360 435
361 27
361 125
361 126
361 170
361 177
361 270
361 290
361 291
361 292
361 293
361 300
361 396
361 420
361 421
361 432
361 433
361 434
361 435
362 26
362 27
362 123
362 124
362 125
362 170
362 177
362 178
362 179
362 180
362 181
362 182
362 270
362 287
362 288
362 289
362 290
362 300
362 396
362 421
362 432
362 493
362 494
362 495
362 496
363 25
363 26
363 182
363 183
363 270
363 285
363 286
363 287
363 300
363 396
363 421
363 428
363 429
363 430
363 431
363 432
363 492
363 493
363 496
363 497
364 25
364 183
364 184
364 270
364 285
364 300
364 396
364 397
364 421
364 428
364 489
364 490
364 491
364 492
365 25
365 184
365 185
365 186
365 187
365 188
365 189
365 270
365 284
365 285
365 300
365 397
365 421
365 422
365 423
365 424
365 425
365 426
365 427
365 428
365 489
366 25
366 270
366 271
366 283
366 284
366 300
366 301
366 396
366 397
366 422
366 488
366 489
367 25
367 26
367 27
367 28
367 271
367 277
367 278
367 279
367 283
367 301
367 396
367 397
367 421
367 422
367 487
367 488
368 28
368 29
368 271
368 272
368 273
368 274
368 275
368 276
368 277
368 279
368 280
368 281
368 282
368 283
368 301
368 397
368 420
368 421
368 487
369 28
369 271
369 272
369 301
369 397
369 417
369 418
369 419
369 420
369 487
370 28
370 29
370 271
370 272
370 301
370 302
370 397
370 398
370 408
370 409
370 410
370 411
370 412
370 413
370 414
370 415
370 416
370 417
370 419
370 487
371 29
371 30
371 31
371 270
371 271
371 301
371 302
371 398
371 408
371 419
371 487
372 31
372 32
372 33
372 269
372 270
372 301
372 398
372 399
372 400
372 403
372 404
372 405
372 406
372 407
372 408
372 419
372 420
372 421
372 487
373 33
373 34
373 35
373 36
373 37
373 38
373 269
373 301
373 302
373 400
373 402
373 403
373 421
373 487
374 38
374 39
374 269
374 302
374 303
374 304
374 305
374 400
374 401
374 402
374 421
374 487
375 39
375 269
375 305
375 400
375 421
375 487
376 39
376 42
376 51
376 52
376 53
376 54
376 55
376 56
376 59
376 60
376 61
376 269
376 305
376 391
376 392
376 393
376 394
376 395
376 396
376 397
376 398
376 399
376 400
376 421
376 422
376 487
377 39
377 40
377 41
377 42
377 43
377 50
377 51
377 56
377 57
377 58
377 59
377 61
377 62
377 63
377 64
377 269
377 305
377 389
377 390
377 391
377 400
377 422
377 423
377 424
377 487
378 43
378 44
378 45
378 46
378 47
378 48
378 49
378 50
378 64
378 265
378 266
378 267
378 268
378 269
378 305
378 389
378 400
378 401
378 402
378 403
378 424
378 425
378 487
379 50
379 64
379 65
379 265
379 269
379 305
379 388
379 389
379 403
379 404
379 425
379 426
379 487
379 488
379 489
380 65
380 265
380 305
380 306
380 307
380 308
380 387
380 388
380 404
380 405
380 406
380 426
380 427
380 489
381 65
381 66
381 265
381 308
381 387
381 388
381 406
381 427
381 428
381 429
381 430
381 489
382 66
382 67
382 263
382 264
382 265
382 308
382 388
382 406
382 429
382 489
383 67
383 68
383 69
383 70
383 263
383 308
383 386
383 387
383 388
383 406
383 407
383 408
383 429
383 489
383 490
384 70
384 263
384 308
384 309
384 310
384 311
384 312
384 313
384 408
384 429
384 430
384 490
384 491
384 492
385 70
385 262
385 263
385 313
385 314
385 408
385 409
385 430
385 431
385 492
386 70
386 261
386 262
386 314
386 409
386 410
386 411
386 431
386 432
386 433
386 492
386 493
386 494
387 70
387 71
387 72
387 261
387 314
387 315
387 411
387 412
387 433
387 434
387 435
387 494
388 72
388 261
388 314
388 315
388 411
388 412
388 435
388 494
389 72
389 261
389 314
389 411
389 435
389 436
389 494
390 72
390 73
390 254
390 255
390 259
390 260
390 261
390 314
390 315
390 411
390 436
390 437
390 494
391 73
391 74
391 255
391 256
391 257
391 259
391 315
391 411
391 412
391 413
391 437
391 438
391 494
392 74
392 75
392 76
392 77
392 257
392 258
392 259
392 315
392 413
392 438
392 494
393 77
393 78
393 79
393 80
393 81
393 315
393 316
393 413
393 438
393 439
393 440
393 441
393 442
393 456
393 494
394 81
394 316
394 317
394 413
394 442
394 443
394 444
394 447
394 448
394 449
394 450
394 451
394 452
394 453
394 455
394 456
394 494
395 81
395 317
395 318
395 413
395 444
395 445
395 446
395 447
395 453
395 454
395 455
395 456
395 457
395 494
395 495
396 81
396 318
396 413
396 414
396 457
396 494
396 495
397 81
397 318
397 414
397 457
397 494
398 81
398 213
398 318
398 414
398 457
398 458
398 494
399 81
399 212
399 213
399 317
399 318
399 413
399 414
399 458
399 492
399 493
399 494
399 495
399 496
400 81
400 212
400 317
400 413
400 458
400 459
400 489
400 490
400 491
400 492
401 81
401 212
401 317
401 318
401 413
401 459
401 487
401 488
401 489
402 81
402 212
402 318
402 413
402 459
402 460
402 487
403 81
403 150
403 151
403 212
403 318
403 413
403 414
403 415
403 460
403 487
404 81
404 150
404 212
404 318
404 415
404 416
404 417
404 460
404 487
405 81
405 150
405 212
405 213
405 214
405 318
405 417
405 460
405 487
406 81
406 145
406 146
406 150
406 214
406 317
406 318
406 417
406 460
406 487
406 488
406 489
407 80
407 81
407 145
407 146
407 147
407 148
407 149
407 150
407 214
407 317
407 417
407 460
407 489
408 78
408 79
408 80
408 144
408 145
408 214
408 317
408 417
408 418
408 419
408 460
408 489
409 78
409 144
409 214
409 317
409 418
409 419
409 460
409 489
410 77
410 78
410 143
410 144
410 214
410 317
410 418
410 460
410 489
411 77
411 143
411 214
411 316
411 317
411 418
411 460
411 461
411 489
412 74
412 75
412 76
412 77
412 142
412 143
412 214
412 215
412 316
412 418
412 419
412 461
412 489
413 26
413 73
413 74
413 142
413 215
413 316
413 419
413 420
413 460
413 461
413 488
413 489
413 490
413 491
413 492
414 26
414 73
414 139
414 140
414 141
414 142
414 215
414 216
414 316
414 420
414 421
414 459
414 460
414 484
414 485
414 486
414 487
414 488
414 492
414 493
415 26
415 73
415 139
415 216
415 217
415 316
415 420
415 421
415 459
415 477
415 478
415 479
415 480
415 481
415 482
415 484
415 487
415 488
415 493
416 26
416 73
416 139
416 217
416 316
416 420
416 459
416 476
416 477
416 482
416 483
416 484
416 493
416 494
416 495
417 26
417 73
417 138
417 139
417 217
417 218
417 219
417 220
417 316
417 420
417 459
417 460
417 475
417 476
417 495
417 496
418 26
418 70
418 71
418 72
418 73
418 137
418 138
418 220
418 311
418 312
418 313
418 314
418 315
418 316
418 420
418 421
418 460
418 461
418 475
418 495
419 26
419 27
419 69
419 70
419 137
419 220
419 221
419 309
419 310
419 311
419 421
419 461
419 474
419 475
419 495
419 496
420 27
420 67
420 68
420 69
420 137
420 221
420 224
420 307
420 308
420 309
420 419
420 420
420 421
420 461
420 474
420 496
421 27
421 28
421 29
421 30
421 55
421 56
421 67
421 137
421 221
421 223
421 224
421 304
421 305
421 306
421 307
421 418
421 419
421 461
421 471
421 472
421 473
421 474
421 496
422 30
422 31
422 56
422 57
422 58
422 67
422 137
422 221
422 222
422 223
422 269
422 304
422 418
422 461
422 462
422 468
422 469
422 470
422 471
422 496
423 31
423 58
423 66
423 67
423 137
423 222
423 223
423 269
423 303
423 304
423 414
423 415
423 416
423 417
423 418
423 462
423 463
423 464
423 465
423 466
423 467
423 468
423 493
423 494
423 495
423 496
424 31
424 58
424 65
424 66
424 137
424 222
424 223
424 269
424 303
424 412
424 413
424 414
424 463
424 466
424 493
425 31
425 58
425 59
425 62
425 63
425 64
425 65
425 135
425 136
425 137
425 222
425 268
425 269
425 303
425 410
425 411
425 412
425 463
425 464
425 466
425 493
426 31
426 59
426 60
426 61
426 62
426 134
426 135
426 222
426 268
426 303
426 405
426 406
426 407
426 408
426 409
426 410
426 462
426 463
426 464
426 466
426 493
427 31
427 61
427 62
427 134
427 222
427 267
427 268
427 303
427 304
427 305
427 403
427 404
427 405
427 461
427 462
427 493
428 29
428 30
428 31
428 32
428 33
428 34
428 35
428 61
428 134
428 222
428 223
428 267
428 302
428 303
428 305
428 403
428 461
428 493
429 35
429 36
429 37
429 60
429 61
429 134
429 223
429 266
429 267
429 302
429 305
429 306
429 307
429 401
429 402
429 403
429 461
429 493
430 37
430 38
430 39
430 40
430 41
430 42
430 43
430 44
430 45
430 46
430 47
430 60
430 129
430 130
430 131
430 132
430 133
430 134
430 223
430 224
430 225
430 266
430 267
430 302
430 307
430 308
430 309
430 397
430 398
430 399
430 400
430 401
430 461
430 493
430 494
431 47
431 48
431 49
431 50
431 60
431 129
431 225
431 266
431 267
431 301
431 302
431 309
431 310
431 385
431 386
431 387
431 388
431 389
431 397
431 461
431 494
432 50
432 51
432 60
432 129
432 225
432 265
432 266
432 301
432 310
432 385
432 389
432 390
432 391
432 392
432 393
432 394
432 397
432 398
432 461
432 494
433 50
433 60
433 61
433 129
433 225
433 226
433 265
433 301
433 310
433 364
433 365
433 366
433 385
433 390
433 394
433 395
433 396
433 397
433 398
433 461
433 494
434 50
434 57
434 58
434 59
434 60
434 61
434 129
434 130
434 226
434 227
434 228
434 265
434 301
434 310
434 311
434 364
434 366
434 367
434 368
434 369
434 378
434 379
434 380
434 381
434 382
434 383
434 384
434 385
434 390
434 461
434 494
435 50
435 56
435 57
435 61
435 130
435 225
435 226
435 228
435 265
435 301
435 311
435 369
435 370
435 371
435 372
435 373
435 374
435 375
435 376
435 377
435 378
435 390
435 461
435 494
435 495
436 50
436 51
436 52
436 53
436 54
436 55
436 56
436 61
436 107
436 129
436 130
436 221
436 222
436 223
436 224
436 225
436 228
436 229
436 265
436 301
436 311
436 372
436 373
436 390
436 460
436 461
436 495
436 496
436 497
437 61
437 62
437 107
437 129
437 216
437 217
437 218
437 219
437 220
437 221
437 228
437 229
437 245
437 246
437 247
437 264
437 265
437 301
437 311
437 373
437 390
437 497
438 62
438 107
438 108
438 109
438 110
438 111
438 129
438 215
438 216
438 229
438 245
438 247
438 248
438 264
438 301
438 311
438 373
438 390
438 497
439 62
439 63
439 111
439 112
439 113
439 114
439 129
439 206
439 207
439 208
439 209
439 210
439 211
439 212
439 213
439 214
439 215
439 229
439 232
439 233
439 234
439 235
439 236
439 237
439 238
439 239
439 240
439 241
439 242
439 243
439 244
439 245
439 248
439 249
439 250
439 264
439 301
439 311
439 373
439 390
439 497
440 63
440 114
440 129
440 167
440 168
440 169
440 203
440 204
440 205
440 206
440 229
440 230
440 231
440 232
440 250
440 264
440 301
440 373
440 390
440 497
441 63
441 64
441 114
441 128
441 129
441 169
441 176
441 177
441 178
441 179
441 203
441 250
441 251
441 263
441 264
441 300
441 301
441 372
441 373
441 390
441 497
441 498
442 64
442 114
442 128
442 169
442 170
442 171
442 172
442 173
442 174
442 175
442 176
442 179
442 180
442 181
442 182
442 203
442 251
442 252
442 253
442 263
442 300
442 301
442 372
442 390
442 391
442 498
443 64
443 65
443 114
443 123
443 124
443 125
443 127
443 128
443 182
443 183
443 184
443 185
443 186
443 201
443 202
443 203
443 253
443 254
443 255
443 256
443 263
443 301
443 372
443 391
443 392
443 498
444 65
444 66
444 67
444 114
444 115
444 116
444 117
444 118
444 119
444 120
444 121
444 122
444 123
444 125
444 126
444 127
444 186
444 187
444 188
444 189
444 190
444 197
444 198
444 199
444 200
444 201
444 202
444 256
444 263
444 301
444 372
444 392
444 393
444 497
444 498
445 67
445 118
445 190
445 191
445 192
445 193
445 194
445 195
445 196
445 197
445 256
445 257
445 258
445 259
445 260
445 261
445 262
445 263
445 300
445 301
445 372
445 393
445 394
445 497
446 67
446 117
446 118
446 194
446 262
446 263
446 300
446 372
446 394
446 395
446 396
446 397
446 497
447 67
447 68
447 117
447 194
447 263
447 300
447 372
447 397
447 398
447 399
447 497
447 498
448 68
448 117
448 194
448 195
448 263
448 264
448 297
448 298
448 299
448 300
448 372
448 399
448 498
449 68
449 117
449 195
449 264
449 289
449 293
449 294
449 295
449 296
449 297
449 300
449 372
449 399
449 498
450 68
450 69
450 117
450 195
450 264
450 265
450 289
450 291
450 292
450 293
450 300
450 301
450 372
450 399
450 498
450 499
451 69
451 117
451 194
451 195
451 265
451 289
451 291
451 301
451 372
451 399
451 499
452 69
452 117
452 118
452 194
452 265
452 287
452 288
452 289
452 290
452 291
452 301
452 302
452 303
452 372
452 399
452 499
453 68
453 69
453 118
453 119
453 194
453 195
453 263
453 264
453 265
453 266
453 267
453 281
453 282
453 283
453 284
453 287
453 303
453 372
453 499
454 68
454 119
454 195
454 262
454 263
454 267
454 277
454 278
454 279
454 280
454 281
454 284
454 285
454 286
454 287
454 303
454 372
454 499
455 68
455 119
455 195
455 262
455 267
455 268
455 269
455 277
455 303
455 369
455 370
455 371
455 372
455 373
455 499
456 68
456 69
456 119
456 195
456 259
456 260
456 261
456 262
456 269
456 273
456 274
456 275
456 276
456 277
456 303
456 369
456 373
456 499
457 69
457 70
457 119
457 194
457 195
457 259
457 269
457 270
457 271
457 272
457 273
457 303
457 369
457 499
458 70
458 119
458 193
458 194
458 259
458 273
458 303
458 304
458 305
458 369
458 498
458 499
459 70
459 119
459 193
459 259
459 273
459 274
459 275
459 305
459 367
459 368
459 369
459 498
460 70
460 119
460 193
460 259
460 275
460 304
460 305
460 367
460 498
461 70
461 119
461 120
461 121
461 193
461 254
461 255
461 256
461 257
461 258
461 259
461 275
461 364
461 365
461 366
461 367
461 498
462 70
462 121
462 193
462 258
462 259
462 275
462 363
462 364
462 498
463 70
463 121
463 122
463 192
463 193
463 275
463 276
463 277
463 363
463 498
464 69
464 70
464 122
464 191
464 192
464 277
464 363
464 498
465 69
465 122
465 191
465 277
465 362
465 363
465 498
466 69
466 70
466 71
466 87
466 88
466 122
466 123
466 191
466 277
466 360
466 361
466 362
466 498
467 69
467 71
467 72
467 73
467 74
467 75
467 76
467 77
467 78
467 79
467 80
467 81
467 82
467 83
467 84
467 85
467 86
467 87
467 88
467 101
467 122
467 123
467 191
467 276
467 277
467 359
467 360
467 498
468 69
468 71
468 88
468 89
468 90
468 91
468 92
468 93
468 94
468 95
468 96
468 99
468 100
468 101
468 102
468 103
468 104
468 105
468 121
468 122
468 190
468 191
468 276
468 359
468 498
469 69
469 96
469 97
469 98
469 99
469 105
469 106
469 107
469 108
469 109
469 110
469 111
469 121
469 189
469 190
469 275
469 276
469 359
469 498
470 69
470 111
470 121
470 183
470 184
470 185
470 186
470 189
470 275
470 276
470 358
470 359
470 497
470 498
471 67
471 68
471 69
471 111
471 121
471 183
471 186
471 187
471 188
471 189
471 276
471 358
471 497
472 66
472 67
472 111
472 112
472 113
472 114
472 115
472 116
472 117
472 118
472 119
472 120
472 121
472 180
472 181
472 182
472 183
472 188
472 276
472 277
472 358
472 497
473 64
473 65
473 66
473 119
473 131
473 180
473 188
473 277
473 358
473 497
474 61
474 62
474 63
474 64
474 119
474 120
474 121
474 122
474 123
474 130
474 131
474 180
474 188
474 277
474 358
474 497
474 498
475 60
475 61
475 123
475 124
475 125
475 126
475 127
475 128
475 129
475 130
475 131
475 132
475 134
475 135
475 136
475 137
475 138
475 178
475 179
475 180
475 188
475 277
475 358
475 498
476 56
476 57
476 58
476 59
476 60
476 132
476 133
476 134
476 138
476 139
476 140
476 141
476 142
476 178
476 188
476 277
476 357
476 358
476 498
477 55
477 56
477 142
477 177
477 178
477 188
477 189
477 277
477 357
477 498
478 55
478 142
478 143
478 170
478 171
478 172
478 173
478 174
478 175
478 176
478 177
478 178
478 189
478 190
478 191
478 192
478 193
478 277
478 357
478 358
478 498
479 53
479 54
479 55
479 143
479 144
479 145
479 170
479 178
479 193
479 194
479 277
479 358
479 498
480 52
480 53
480 145
480 146
480 147
480 148
480 170
480 178
480 194
480 195
480 196
480 277
480 357
480 358
480 498
481 39
481 40
481 41
481 42
481 43
481 44
481 45
481 46
481 47
481 51
481 52
481 148
481 162
481 163
481 164
481 165
481 169
481 170
481 175
481 176
481 177
481 178
481 196
481 197
481 277
481 357
481 498
481 499
482 39
482 47
482 48
482 49
482 50
482 51
482 148
482 160
482 161
482 162
482 165
482 166
482 167
482 168
482 169
482 197
482 198
482 199
482 277
482 278
482 357
482 499
483 38
483 39
483 148
483 149
483 154
483 155
483 156
483 157
483 158
483 159
483 160
483 199
483 200
483 278
483 357
483 499
484 38
484 149
484 150
484 151
484 152
484 153
484 154
484 158
484 200
484 201
484 278
484 279
484 357
484 499
485 28
485 29
485 30
485 31
485 32
485 33
485 34
485 35
485 36
485 37
485 38
485 201
485 202
485 279
485 280
485 356
485 357
485 499
486 27
486 28
486 202
486 203
486 280
486 356
486 499
487 10
487 11
487 12
487 13
487 24
487 25
487 26
487 27
487 203
487 280
487 356
487 499
488 10
488 13
488 14
488 15
488 16
488 22
488 23
488 24
488 203
488 280
488 356
488 499
489 9
489 10
489 16
489 17
489 18
489 19
489 20
489 21
489 22
489 203
489 280
489 281
489 282
489 356
489 499
490 5
490 6
490 7
490 8
490 9
490 203
490 282
490 355
490 356
490 499
491 5
491 203
491 204
491 282
491 355
492 4
492 5
492 204
492 282
492 355
493 4
493 204
493 205
493 282
493 354
493 355
494 4
494 282
494 353
494 354
495 281
495 282
495 353
496 281
496 353
497 353
