40 26
41 24
41 25
41 26
42 24
43 23
43 24
44 23
45 23
46 23
47 23
48 23
49 20
49 21
49 22
49 23
50 20
51 20
52 20
53 20
54 20
55 20
55 21
56 21
57 21
57 22
58 22
58 23
59 23
60 23
60 24
60 25
61 25
61 26
62 26
62 27
63 26
64 26
64 27
64 28
65 28
66 28
66 29
67 29
68 29
69 29
70 29
71 29
71 30
72 28
72 29
72 30
72 36
73 27
73 28
73 30
73 31
73 32
73 33
73 34
73 35
73 36
74 22
74 23
74 24
74 26
74 27
74 36
75 18
75 19
75 20
75 21
75 22
75 24
75 25
75 26
75 35
75 36
76 16
76 17
76 18
76 35
77 15
77 16
77 35
78 35
79 35
80 35
81 35
81 36
81 37
81 38
82 38
83 38
83 86
84 38
84 86
84 87
84 88
84 89
84 90
84 91
84 92
85 38
85 86
85 87
85 92
86 38
86 85
86 86
86 92
87 38
87 85
88 37
88 38
88 67
88 68
88 84
88 85
89 37
89 42
89 43
89 44
89 66
89 67
89 68
89 82
89 83
89 84
90 37
90 38
90 39
90 40
90 41
90 42
90 44
90 45
90 46
90 47
90 48
90 49
90 50
90 59
90 60
90 61
90 62
90 63
90 64
90 65
90 66
90 68
90 69
90 73
90 74
90 75
90 81
90 82
91 37
91 50
91 51
91 58
91 59
91 69
91 70
91 71
91 72
91 73
91 75
91 76
91 77
91 78
91 79
91 80
91 81
92 36
92 37
92 51
92 52
92 53
92 54
92 55
92 56
92 57
92 58
93 35
93 36
