10 43
10 44
11 42
11 43
12 41
12 42
13 41
13 42
13 43
13 44
13 47
13 48
13 49
13 50
13 51
13 52
13 53
13 54
14 44
14 45
14 46
14 47
14 54
14 55
14 56
15 44
15 56
15 57
15 58
16 44
16 58
16 59
16 60
17 44
17 60
17 61
17 62
17 63
18 43
18 44
19 42
19 43
20 42
21 42
22 42
23 42
23 43
23 44
24 44
25 44
26 44
26 45
26 46
27 46
28 46
29 46
30 46
31 46
32 46
33 45
33 46
34 24
34 25
34 29
34 30
34 31
34 32
34 33
34 34
34 35
34 36
34 37
34 38
34 39
34 40
34 44
34 45
35 20
35 21
35 22
35 23
35 24
35 25
35 26
35 27
35 28
35 29
35 40
35 41
35 42
35 43
35 44
36 14
36 15
36 16
36 17
36 18
36 19
36 20
36 43
37 14
37 43
38 12
38 13
38 14
38 43
39 6
39 7
39 8
39 9
39 10
39 11
39 12
39 43
39 44
39 45
39 46
40 6
40 7
40 46
40 47
41 47
41 48
41 49
41 50
41 51
