5 314
5 315
5 316
5 495
6 313
6 314
6 492
6 493
6 494
6 495
6 496
6 497
6 498
7 108
7 109
7 110
7 111
7 260
7 287
7 288
7 289
7 290
7 291
7 292
7 293
7 294
7 312
7 313
7 492
7 498
7 499
7 500
8 106
8 107
8 108
8 111
8 112
8 113
8 260
8 287
8 294
8 295
8 311
8 312
8 492
8 500
8 501
9 99
9 100
9 101
9 102
9 103
9 104
9 105
9 106
9 113
9 260
9 287
9 295
9 307
9 308
9 309
9 310
9 311
9 492
10 99
10 100
10 113
10 259
10 260
10 285
10 286
10 287
10 295
10 296
10 297
10 298
10 299
10 300
10 306
10 307
10 490
10 491
10 492
11 99
11 100
11 113
11 259
11 285
11 300
11 301
11 302
11 303
11 304
11 305
11 306
11 490
12 113
12 259
12 283
12 284
12 285
12 490
13 113
13 259
13 260
13 283
13 284
13 439
13 440
13 441
13 442
13 490
14 113
14 114
14 115
14 260
14 284
14 386
14 442
14 490
15 115
15 116
15 117
15 149
15 259
15 260
15 284
15 385
15 386
15 442
15 490
16 117
16 147
16 148
16 149
16 150
16 151
16 259
16 260
16 282
16 283
16 284
16 385
16 442
16 443
16 444
16 445
16 450
16 451
16 452
16 453
16 454
16 455
16 456
16 457
16 458
16 459
16 488
16 489
16 490
17 117
17 146
17 147
17 151
17 152
17 153
17 154
17 155
17 156
17 157
17 158
17 260
17 282
17 385
17 386
17 445
17 446
17 447
17 448
17 449
17 450
17 456
17 457
17 459
17 460
17 461
17 487
17 488
18 117
18 146
18 260
18 282
18 386
18 461
18 462
18 463
18 464
18 486
18 487
19 117
19 118
19 146
19 257
19 258
19 259
19 260
19 282
19 386
19 387
19 388
19 464
19 484
19 485
19 486
20 118
20 145
20 146
20 257
20 282
20 388
20 464
20 465
20 466
20 467
20 468
20 469
20 484
21 118
21 119
21 120
21 121
21 122
21 144
21 145
21 257
21 281
21 282
21 388
21 465
21 469
21 470
21 484
22 122
22 123
22 124
22 125
22 144
22 257
22 281
22 282
22 388
22 389
22 390
22 391
22 463
22 464
22 465
22 470
22 471
22 472
22 473
22 474
22 475
22 484
23 125
23 144
23 257
23 282
23 283
23 284
23 391
23 392
23 463
23 475
23 476
23 484
24 125
24 144
24 257
24 258
24 284
24 392
24 393
24 462
24 463
24 476
24 477
24 478
24 479
24 480
24 484
25 125
25 144
25 258
25 282
25 283
25 284
25 393
25 394
25 462
25 478
25 479
25 480
25 482
25 483
25 484
26 125
26 144
26 258
26 276
26 277
26 278
26 279
26 280
26 281
26 282
26 284
26 394
26 462
26 480
26 481
26 482
26 484
27 125
27 126
27 143
27 144
27 258
27 259
27 271
27 272
27 273
27 274
27 275
27 276
27 281
27 284
27 285
27 286
27 287
27 288
27 394
27 462
27 484
27 485
27 486
27 487
27 488
27 489
27 490
28 126
28 140
28 141
28 142
28 143
28 259
28 267
28 268
28 269
28 270
28 271
28 281
28 288
28 289
28 290
28 394
28 459
28 460
28 461
28 462
28 490
28 491
28 492
29 126
29 139
29 140
29 143
29 258
29 259
29 265
29 266
29 267
29 281
29 290
29 291
29 394
29 395
29 458
29 459
30 126
30 137
30 138
30 139
30 143
30 258
30 265
30 281
30 291
30 395
30 458
31 126
31 127
31 137
31 143
31 186
31 187
31 188
31 189
31 258
31 261
31 262
31 263
31 264
31 265
31 281
31 291
31 395
31 396
31 458
31 459
32 35
32 126
32 127
32 137
32 143
32 185
32 186
32 189
32 190
32 191
32 254
32 255
32 256
32 257
32 258
32 259
32 260
32 261
32 281
32 396
32 459
33 35
33 36
33 43
33 44
33 45
33 46
33 47
33 126
33 136
33 137
33 143
33 144
33 185
33 191
33 192
33 193
33 194
33 252
33 253
33 254
33 259
33 260
33 281
33 396
33 397
33 398
33 458
33 459
34 36
34 37
34 38
34 39
34 43
34 47
34 126
34 136
34 137
34 144
34 145
34 185
34 194
34 195
34 196
34 197
34 252
34 281
34 398
34 399
34 400
34 401
34 402
34 403
34 458
35 39
35 40
35 41
35 42
35 43
35 47
35 126
35 134
35 135
35 136
35 137
35 145
35 146
35 185
35 197
35 198
35 199
35 200
35 251
35 252
35 403
35 458
36 47
36 48
36 126
36 131
36 132
36 133
36 134
36 146
36 185
36 200
36 201
36 202
36 203
36 204
36 205
36 250
36 251
36 403
36 404
36 457
36 458
37 47
37 48
37 123
37 124
37 125
37 126
37 127
37 128
37 129
37 130
37 131
37 146
37 147
37 148
37 185
37 205
37 206
37 207
37 249
37 250
37 404
37 457
38 47
38 123
38 148
38 184
38 185
38 249
38 404
38 405
38 457
39 47
39 123
39 148
39 184
39 249
39 405
39 406
39 457
40 47
40 122
40 123
40 148
40 149
40 150
40 151
40 152
40 153
40 154
40 181
40 182
40 183
40 184
40 249
40 250
40 406
40 407
40 408
40 409
40 457
41 47
41 48
41 49
41 121
41 122
41 154
41 180
41 181
41 250
41 409
41 410
41 411
41 412
41 413
41 414
41 456
41 457
42 49
42 121
42 154
42 179
42 180
42 249
42 250
42 414
42 456
42 457
43 49
43 119
43 120
43 121
43 154
43 177
43 178
43 179
43 249
43 414
43 457
44 49
44 117
44 118
44 119
44 154
44 155
44 177
44 247
44 248
44 249
44 414
44 457
45 48
45 49
45 116
45 117
45 155
45 177
45 247
45 414
45 457
46 48
46 116
46 155
46 175
46 176
46 177
46 247
46 414
46 457
47 47
47 48
47 109
47 110
47 111
47 115
47 116
47 155
47 175
47 247
47 414
47 457
47 458
48 47
48 108
48 109
48 111
48 112
48 113
48 114
48 115
48 155
48 156
48 175
48 246
48 247
48 414
48 457
48 458
49 47
49 48
49 88
49 108
49 156
49 157
49 158
49 175
49 246
49 247
49 414
49 415
49 457
50 48
50 87
50 88
50 104
50 105
50 106
50 107
50 108
50 158
50 175
50 247
50 342
50 343
50 415
50 457
51 48
51 86
51 87
51 88
51 94
51 95
51 96
51 97
51 98
51 99
51 100
51 101
51 102
51 103
51 104
51 157
51 158
51 171
51 172
51 173
51 174
51 175
51 246
51 247
51 342
51 415
51 439
51 457
51 458
51 459
51 460
51 461
52 48
52 86
52 88
52 89
52 90
52 91
52 92
52 93
52 94
52 157
52 167
52 168
52 169
52 170
52 171
52 245
52 246
52 342
52 415
52 436
52 437
52 438
52 439
52 455
52 456
52 457
52 458
53 48
53 86
53 157
53 167
53 245
53 342
53 415
53 416
53 419
53 420
53 421
53 422
53 423
53 424
53 425
53 426
53 427
53 428
53 432
53 433
53 434
53 435
53 436
53 439
53 449
53 450
53 451
53 452
53 453
53 454
53 455
54 48
54 49
54 85
54 86
54 157
54 167
54 245
54 342
54 416
54 417
54 418
54 419
54 428
54 429
54 430
54 431
54 432
54 439
54 442
54 443
54 444
54 449
55 49
55 85
55 86
55 157
55 158
55 161
55 162
55 163
55 164
55 165
55 166
55 167
55 245
55 342
55 439
55 440
55 441
55 442
55 444
55 445
55 446
55 447
55 448
55 449
56 49
56 50
56 86
56 158
56 159
56 160
56 161
56 243
56 244
56 245
56 342
56 440
57 50
57 78
57 79
57 80
57 81
57 83
57 84
57 85
57 86
57 158
57 242
57 243
57 341
57 342
57 440
58 50
58 78
58 81
58 82
58 83
58 158
58 228
58 229
58 242
58 341
58 440
59 50
59 73
59 74
59 75
59 76
59 77
59 78
59 158
59 228
59 241
59 242
59 243
59 244
59 251
59 341
59 440
59 441
60 50
60 73
60 158
60 228
60 241
60 244
60 245
60 246
60 247
60 248
60 249
60 250
60 251
60 252
60 253
60 254
60 255
60 256
60 341
60 441
61 50
61 51
61 52
61 53
61 54
61 55
61 56
61 57
61 58
61 73
61 158
61 228
61 241
61 256
61 341
61 441
62 5
62 6
62 7
62 8
62 9
62 47
62 48
62 50
62 51
62 58
62 73
62 158
62 159
62 160
62 161
62 228
62 239
62 240
62 241
62 256
62 257
62 340
62 341
62 441
63 9
63 10
63 45
63 46
63 47
63 48
63 49
63 50
63 58
63 73
63 161
63 228
63 239
63 340
63 440
63 441
64 10
64 45
64 58
64 73
64 161
64 227
64 228
64 239
64 339
64 340
64 438
64 439
64 440
65 10
65 45
65 58
65 59
65 73
65 161
65 225
65 226
65 227
65 228
65 238
65 239
65 339
65 438
66 10
66 44
66 45
66 59
66 70
66 71
66 72
66 73
66 161
66 224
66 225
66 228
66 229
66 230
66 231
66 238
66 339
66 438
67 10
67 44
67 59
67 60
67 61
67 70
67 161
67 224
67 231
67 238
67 339
67 438
68 10
68 11
68 44
68 61
68 70
68 161
68 222
68 223
68 224
68 231
68 232
68 238
68 339
68 438
69 11
69 12
69 43
69 44
69 61
69 62
69 63
69 67
69 68
69 69
69 70
69 161
69 232
69 233
69 234
69 235
69 236
69 237
69 238
69 339
69 438
70 12
70 42
70 43
70 63
70 64
70 65
70 66
70 67
70 68
70 69
70 161
70 237
70 238
70 339
70 437
70 438
71 12
71 41
71 42
71 69
71 161
71 162
71 237
71 333
71 334
71 335
71 336
71 337
71 338
71 339
71 436
71 437
72 12
72 13
72 41
72 69
72 70
72 71
72 161
72 162
72 237
72 331
72 332
72 333
72 436
73 13
73 14
73 15
73 39
73 40
73 41
73 161
73 237
73 331
73 436
74 15
74 38
74 39
74 161
74 236
74 237
74 331
74 436
74 449
74 450
74 451
74 452
75 15
75 37
75 38
75 161
75 236
75 329
75 330
75 331
75 436
75 446
75 447
75 448
75 449
76 15
76 37
76 161
76 236
76 329
76 436
76 444
76 445
76 446
77 15
77 37
77 160
77 161
77 236
77 329
77 433
77 434
77 435
77 436
77 437
77 438
77 443
77 444
78 15
78 37
78 159
78 160
78 236
78 329
78 425
78 426
78 427
78 430
78 431
78 432
78 433
78 438
78 439
78 440
78 442
78 443
79 15
79 36
79 37
79 159
79 236
79 329
79 425
79 427
79 428
79 430
79 440
79 441
79 442
80 15
80 16
80 36
80 159
80 160
80 161
80 236
80 329
80 424
80 425
80 428
80 429
80 430
81 16
81 36
81 161
81 235
81 236
81 255
81 329
81 424
82 16
82 36
82 161
82 234
82 235
82 236
82 237
82 238
82 239
82 240
82 241
82 242
82 243
82 244
82 255
82 329
82 424
83 16
83 17
83 18
83 19
83 20
83 21
83 22
83 23
83 24
83 25
83 26
83 27
83 28
83 29
83 30
83 31
83 32
83 33
83 35
83 36
83 161
83 234
83 244
83 246
83 247
83 248
83 249
83 250
83 251
83 252
83 253
83 254
83 255
83 328
83 329
83 424
83 425
84 17
84 33
84 34
84 35
84 161
84 162
84 234
84 244
84 245
84 246
84 328
84 425
84 504
85 34
85 35
85 36
85 37
85 161
85 162
85 234
85 235
85 328
85 329
85 425
85 504
86 37
86 155
86 156
86 157
86 158
86 159
86 160
86 161
86 235
86 328
86 329
86 425
86 504
87 37
87 38
87 155
87 233
87 234
87 235
87 328
87 344
87 345
87 425
87 504
88 38
88 152
88 153
88 154
88 155
88 226
88 227
88 228
88 229
88 230
88 231
88 233
88 328
88 329
88 344
88 425
88 504
89 38
89 39
89 40
89 41
89 141
89 142
89 143
89 144
89 145
89 150
89 151
89 152
89 222
89 223
89 224
89 225
89 226
89 231
89 232
89 233
89 329
89 330
89 344
89 425
89 503
89 504
90 41
90 138
90 139
90 140
90 141
90 145
90 146
90 147
90 148
90 149
90 150
90 197
90 198
90 199
90 200
90 218
90 219
90 220
90 221
90 222
90 330
90 331
90 343
90 344
90 425
90 503
91 41
91 138
91 146
91 147
91 200
91 218
91 331
91 343
91 425
91 503
92 41
92 42
92 135
92 136
92 137
92 138
92 200
92 213
92 214
92 215
92 216
92 217
92 218
92 331
92 340
92 341
92 342
92 343
92 423
92 424
92 425
92 503
93 41
93 135
93 200
93 201
93 213
93 331
93 332
93 333
93 334
93 339
93 340
93 423
93 502
93 503
94 41
94 135
94 136
94 201
94 202
94 203
94 204
94 212
94 213
94 334
94 335
94 336
94 337
94 338
94 339
94 421
94 422
94 423
94 502
95 41
95 136
95 204
95 211
95 212
95 337
95 421
95 501
95 502
96 41
96 135
96 136
96 204
96 210
96 211
96 337
96 421
96 501
97 40
97 41
97 132
97 133
97 134
97 135
97 204
97 205
97 209
97 210
97 211
97 337
97 421
97 501
98 40
98 132
98 205
98 206
98 207
98 208
98 209
98 211
98 337
98 421
98 501
99 40
99 126
99 127
99 128
99 129
99 130
99 132
99 211
99 212
99 336
99 337
99 421
99 501
100 36
100 37
100 38
100 39
100 40
100 41
100 126
100 130
100 131
100 132
100 212
100 336
100 421
100 500
100 501
101 41
101 112
101 113
101 124
101 125
101 126
101 212
101 213
101 336
101 421
101 422
101 500
102 41
102 113
102 114
102 124
102 213
102 334
102 335
102 336
102 422
102 499
102 500
103 41
103 114
103 115
103 119
103 120
103 121
103 122
103 123
103 124
103 213
103 214
103 215
103 216
103 217
103 218
103 334
103 422
103 498
103 499
104 41
104 115
104 118
104 119
104 218
104 334
104 422
104 497
104 498
105 41
105 115
105 116
105 117
105 118
105 218
105 334
105 422
105 497
106 41
106 116
106 218
106 334
106 422
106 423
106 494
106 495
106 496
106 497
107 41
107 42
107 43
107 44
107 45
107 46
107 47
107 48
107 49
107 50
107 116
107 218
107 334
107 335
107 423
107 424
107 494
108 50
108 51
108 73
108 116
108 117
108 218
108 261
108 335
108 336
108 424
108 494
109 51
109 52
109 53
109 70
109 71
109 72
109 73
109 117
109 118
109 217
109 218
109 261
109 336
109 424
109 491
109 492
109 493
109 494
110 53
110 54
110 70
110 118
110 119
110 120
110 217
110 261
110 336
110 424
110 491
111 54
111 55
111 56
111 69
111 70
111 120
111 121
111 217
111 218
111 260
111 261
111 336
111 424
111 489
111 490
111 491
112 56
112 57
112 58
112 67
112 68
112 69
112 70
112 71
112 121
112 218
112 260
112 336
112 424
112 489
113 58
113 67
113 71
113 121
113 218
113 259
113 260
113 336
113 337
113 424
113 489
114 58
114 59
114 60
114 61
114 67
114 71
114 121
114 218
114 219
114 259
114 337
114 424
114 425
114 489
115 58
115 59
115 61
115 62
115 63
115 65
115 66
115 67
115 71
115 72
115 121
115 219
115 220
115 221
115 222
115 254
115 255
115 256
115 257
115 258
115 259
115 260
115 337
115 425
115 489
116 59
116 63
116 64
116 65
116 72
116 121
116 222
116 223
116 254
116 260
116 261
116 262
116 263
116 264
116 265
116 335
116 336
116 337
116 425
116 489
116 490
116 491
116 492
117 57
117 58
117 59
117 72
117 73
117 74
117 75
117 76
117 121
117 223
117 254
117 265
117 266
117 335
117 425
117 488
117 489
117 492
118 57
118 76
118 77
118 121
118 223
118 253
118 254
118 265
118 266
118 267
118 335
118 425
118 487
118 488
118 492
118 493
118 494
118 495
119 57
119 77
119 121
119 223
119 224
119 250
119 251
119 252
119 253
119 265
119 267
119 335
119 425
119 487
119 495
120 56
120 57
120 77
120 121
120 224
120 247
120 248
120 249
120 250
120 267
120 335
120 425
120 487
120 495
120 496
120 497
121 56
121 77
121 121
121 224
121 225
121 244
121 245
121 246
121 247
121 267
121 268
121 269
121 335
121 424
121 425
121 487
121 497
122 56
122 120
122 121
122 225
122 226
122 227
122 244
122 269
122 270
122 335
122 336
122 423
122 424
122 487
122 497
122 498
123 56
123 120
123 188
123 189
123 190
123 191
123 192
123 193
123 227
123 243
123 244
123 270
123 336
123 423
123 487
123 498
123 499
123 500
124 56
124 120
124 182
124 183
124 184
124 185
124 186
124 187
124 188
124 193
124 194
124 227
124 228
124 229
124 239
124 240
124 241
124 242
124 243
124 270
124 271
124 336
124 421
124 422
124 423
124 486
124 487
124 500
124 501
125 56
125 119
125 120
125 181
125 182
125 193
125 229
125 239
125 271
125 335
125 336
125 422
125 423
125 486
125 501
126 55
126 56
126 119
126 120
126 151
126 152
126 153
126 154
126 181
126 193
126 194
126 229
126 231
126 232
126 233
126 239
126 271
126 335
126 423
126 484
126 485
126 486
126 501
126 502
127 45
127 46
127 47
127 53
127 54
127 55
127 120
127 149
127 150
127 151
127 154
127 181
127 194
127 195
127 224
127 225
127 226
127 227
127 228
127 229
127 230
127 231
127 233
127 234
127 235
127 239
127 271
127 272
127 273
127 274
127 334
127 335
127 423
127 424
127 425
127 426
127 481
127 482
127 483
127 484
127 502
127 503
128 47
128 53
128 120
128 129
128 130
128 131
128 132
128 133
128 148
128 149
128 154
128 155
128 156
128 157
128 178
128 179
128 180
128 181
128 195
128 196
128 224
128 235
128 236
128 239
128 274
128 275
128 291
128 292
128 293
128 294
128 295
128 296
128 297
128 334
128 426
128 480
128 481
128 503
128 504
129 47
129 48
129 51
129 52
129 53
129 118
129 119
129 120
129 121
129 122
129 123
129 124
129 125
129 126
129 127
129 128
129 129
129 133
129 134
129 135
129 145
129 146
129 147
129 148
129 157
129 172
129 173
129 174
129 175
129 176
129 177
129 178
129 196
129 223
129 224
129 236
129 237
129 238
129 239
129 275
129 276
129 277
129 281
129 282
129 283
129 284
129 285
129 290
129 291
129 294
129 295
129 296
129 297
129 334
129 426
129 480
129 504
129 505
130 48
130 49
130 50
130 51
130 118
130 135
130 136
130 137
130 138
130 139
130 140
130 144
130 145
130 157
130 172
130 196
130 219
130 220
130 221
130 222
130 223
130 239
130 240
130 277
130 278
130 279
130 280
130 281
130 285
130 286
130 287
130 288
130 289
130 290
130 296
130 297
130 334
130 426
130 480
130 505
131 47
131 48
131 117
131 118
131 140
131 141
131 142
131 143
131 144
131 157
131 158
131 159
131 160
131 161
131 165
131 166
131 167
131 168
131 169
131 172
131 196
131 218
131 219
131 240
131 241
131 297
131 298
131 334
131 359
131 360
131 361
131 362
131 363
131 426
131 478
131 479
131 480
131 505
132 47
132 117
132 161
132 164
132 165
132 169
132 170
132 171
132 172
132 196
132 218
132 241
132 298
132 299
132 300
132 301
132 302
132 303
132 304
132 305
132 306
132 333
132 334
132 347
132 348
132 349
132 350
132 351
132 352
132 353
132 354
132 355
132 356
132 357
132 358
132 359
132 363
132 426
132 478
132 505
133 47
133 117
133 161
133 162
133 163
133 164
133 196
133 197
133 198
133 199
133 200
133 201
133 217
133 218
133 241
133 306
133 307
133 333
133 347
133 363
133 364
133 426
133 478
133 505
134 47
134 48
134 117
134 164
134 201
134 203
134 204
134 207
134 208
134 209
134 210
134 211
134 212
134 213
134 214
134 215
134 216
134 217
134 307
134 333
134 347
134 426
134 478
134 505
135 48
135 117
135 164
135 201
135 202
135 203
135 204
135 205
135 206
135 207
135 212
135 213
135 307
135 308
135 309
135 310
135 311
135 312
135 313
135 314
135 333
135 334
135 347
135 426
135 427
135 428
135 429
135 477
135 478
135 505
136 48
136 164
136 212
136 314
136 315
136 316
136 317
136 329
136 330
136 331
136 334
136 347
136 429
136 477
136 505
137 48
137 164
137 212
137 317
137 318
137 319
137 320
137 321
137 322
137 326
137 327
137 328
137 329
137 331
137 332
137 333
137 334
137 335
137 343
137 344
137 345
137 347
137 429
137 477
137 505
138 48
138 49
138 164
138 322
138 323
138 324
138 325
138 326
138 335
138 341
138 342
138 343
138 345
138 346
138 347
138 429
138 476
138 477
139 49
139 164
139 335
139 341
139 429
139 430
139 431
139 432
139 433
139 434
139 435
139 436
139 437
139 438
139 476
140 49
140 164
140 335
140 336
140 341
140 438
140 476
141 49
141 164
141 336
141 341
141 438
141 439
141 474
141 475
141 476
142 48
142 49
142 164
142 336
142 337
142 338
142 339
142 340
142 341
142 439
142 440
142 474
143 48
143 164
143 165
143 338
143 339
143 440
143 441
143 474
144 41
144 42
144 43
144 44
144 45
144 46
144 47
144 48
144 165
144 166
144 167
144 339
144 441
144 474
145 39
145 40
145 41
145 47
145 167
145 339
145 441
145 470
145 471
145 472
145 473
145 474
146 36
146 37
146 38
146 39
146 47
146 167
146 168
146 339
146 441
146 442
146 470
147 34
147 35
147 36
147 47
147 48
147 49
147 168
147 339
147 442
147 469
147 470
148 34
148 49
148 168
148 339
148 442
148 469
148 470
149 26
149 27
149 28
149 29
149 30
149 31
149 32
149 33
149 34
149 49
149 168
149 169
149 170
149 339
149 340
149 442
149 467
149 468
149 469
149 470
150 25
150 26
150 49
150 170
150 340
150 442
150 449
150 466
150 467
151 25
151 49
151 50
151 170
151 340
151 442
151 449
151 450
151 451
151 452
151 453
151 466
152 13
152 14
152 15
152 24
152 25
152 50
152 170
152 171
152 172
152 173
152 174
152 175
152 340
152 442
152 443
152 449
152 453
152 454
152 455
152 466
153 10
153 11
153 12
153 13
153 15
153 16
153 18
153 19
153 20
153 21
153 22
153 23
153 24
153 50
153 80
153 81
153 170
153 175
153 176
153 177
153 186
153 187
153 188
153 340
153 443
153 449
153 455
153 465
153 466
154 10
154 16
154 17
154 18
154 50
154 81
154 170
154 177
154 178
154 181
154 182
154 183
154 184
154 185
154 186
154 188
154 340
154 443
154 446
154 447
154 448
154 449
154 455
154 456
154 457
154 458
154 459
154 465
155 50
155 81
155 82
155 170
155 178
155 179
155 180
155 181
155 188
155 339
155 340
155 443
155 444
155 445
155 446
155 459
155 460
155 461
155 464
155 465
156 50
156 82
156 169
156 170
156 339
156 445
156 461
156 462
156 463
156 464
157 50
157 82
157 169
157 339
157 445
157 462
158 50
158 82
158 169
158 339
158 444
158 445
158 462
158 463
159 50
159 82
159 168
159 169
159 339
159 444
159 463
160 50
160 82
160 168
160 339
160 340
160 341
160 342
160 343
160 344
160 345
160 444
160 463
160 464
161 50
161 82
161 83
161 167
161 168
161 345
161 442
161 443
161 444
161 464
162 49
162 50
162 83
162 167
162 345
162 346
162 442
162 464
163 48
163 49
163 83
163 167
163 346
163 388
163 442
163 464
163 465
164 48
164 83
164 167
164 346
164 387
164 388
164 442
164 465
164 466
165 48
165 82
165 83
165 167
165 346
165 347
165 385
165 386
165 387
165 439
165 440
165 441
165 442
165 466
166 48
166 82
166 167
166 347
166 348
166 349
166 385
166 438
166 439
166 466
166 467
167 48
167 82
167 163
167 164
167 165
167 166
167 167
167 349
167 350
167 382
167 383
167 384
167 385
167 438
167 467
167 468
168 48
168 82
168 153
168 154
168 156
168 157
168 158
168 159
168 163
168 350
168 382
168 437
168 438
168 468
169 48
169 82
169 153
169 154
169 155
169 156
169 159
169 160
169 161
169 162
169 163
169 350
169 382
169 437
169 468
170 48
170 49
170 82
170 136
170 137
170 138
170 139
170 150
170 151
170 152
170 153
170 314
170 350
170 380
170 381
170 382
170 437
170 468
171 49
171 82
171 135
171 136
171 139
171 140
171 150
171 314
171 315
171 350
171 380
171 437
171 468
172 49
172 50
172 51
172 52
172 53
172 54
172 82
172 90
172 91
172 134
172 135
172 140
172 144
172 145
172 146
172 147
172 148
172 149
172 150
172 315
172 350
172 351
172 379
172 380
172 436
172 437
172 468
173 54
173 55
173 56
173 82
173 83
173 90
173 135
173 140
173 141
173 142
173 143
173 144
173 315
173 351
173 352
173 377
173 378
173 379
173 435
173 436
173 468
174 56
174 57
174 58
174 79
174 80
174 81
174 82
174 83
174 84
174 90
174 135
174 144
174 315
174 316
174 352
174 375
174 376
174 377
174 432
174 433
174 434
174 435
174 468
174 469
175 58
175 59
175 60
175 61
175 62
175 63
175 64
175 67
175 68
175 69
175 77
175 78
175 79
175 84
175 85
175 86
175 87
175 88
175 89
175 90
175 135
175 136
175 316
175 352
175 375
175 377
175 432
175 469
176 58
176 59
176 64
176 65
176 66
176 67
176 69
176 70
176 71
176 72
176 73
176 74
176 75
176 76
176 77
176 136
176 316
176 317
176 352
176 353
176 374
176 375
176 377
176 378
176 379
176 380
176 381
176 432
176 469
176 470
177 57
177 58
177 135
177 136
177 317
177 353
177 370
177 371
177 372
177 373
177 374
177 381
177 432
177 468
177 469
177 470
178 57
178 135
178 317
178 353
178 367
178 368
178 369
178 370
178 381
178 382
178 383
178 432
178 468
179 57
179 132
179 133
179 134
179 135
179 317
179 353
179 354
179 355
179 356
179 367
179 383
179 384
179 431
179 432
179 468
180 57
180 132
180 317
180 349
180 350
180 351
180 352
180 353
180 356
180 357
180 358
180 359
180 361
180 364
180 365
180 366
180 367
180 384
180 385
180 386
180 387
180 388
180 389
180 390
180 431
180 468
181 56
181 57
181 132
181 317
181 349
181 359
181 360
181 361
181 362
181 363
181 364
181 390
181 391
181 431
181 468
182 55
182 56
182 129
182 130
182 131
182 132
182 317
182 318
182 319
182 348
182 349
182 363
182 391
182 392
182 431
182 468
183 55
183 129
183 319
183 320
183 330
183 331
183 332
183 333
183 344
183 345
183 346
183 347
183 348
183 363
183 364
183 392
183 393
183 394
183 395
183 396
183 397
183 398
183 401
183 402
183 403
183 404
183 431
183 468
184 55
184 56
184 127
184 128
184 129
184 320
184 330
184 333
184 341
184 342
184 343
184 344
184 364
184 365
184 398
184 399
184 400
184 401
184 404
184 405
184 406
184 414
184 415
184 431
184 468
185 56
185 57
185 58
185 59
185 60
185 127
185 320
185 321
185 329
185 330
185 333
185 334
185 335
185 336
185 337
185 338
185 339
185 340
185 341
185 406
185 407
185 411
185 412
185 413
185 414
185 415
185 416
185 417
185 418
185 419
185 420
185 421
185 422
185 423
185 431
185 468
186 60
186 127
186 321
186 322
186 323
186 324
186 325
186 326
186 327
186 328
186 329
186 337
186 338
186 407
186 408
186 409
186 410
186 411
186 423
186 424
186 425
186 426
186 427
186 428
186 429
186 430
186 431
186 468
187 60
187 127
187 325
187 409
187 410
187 468
187 469
188 58
188 59
188 60
188 127
188 128
188 324
188 325
188 409
188 468
188 469
189 58
189 128
189 129
189 409
189 467
189 468
190 57
190 58
190 129
190 409
190 467
190 468
191 57
191 58
191 129
191 409
191 468
192 57
192 58
192 128
192 129
192 409
192 468
193 56
193 57
193 128
193 408
193 409
193 468
194 56
194 128
194 129
194 407
194 408
194 465
194 466
194 467
194 468
195 55
195 56
195 129
195 407
195 465
196 51
196 52
196 55
196 129
196 407
196 465
196 466
197 52
197 55
197 129
197 130
197 407
197 466
198 52
198 53
198 54
198 55
198 129
198 130
198 407
198 408
198 466
199 52
199 53
199 54
199 55
199 129
199 228
199 229
199 408
199 409
199 466
200 52
200 129
200 227
200 228
200 229
200 230
200 231
200 409
200 410
200 466
201 51
201 52
201 129
201 219
201 220
201 221
201 222
201 223
201 224
201 225
201 226
201 227
201 231
201 232
201 410
201 466
202 51
202 129
202 219
202 232
202 410
202 465
202 466
203 50
203 51
203 129
203 217
203 218
203 219
203 232
203 410
203 464
203 465
204 50
204 129
204 217
204 232
204 233
204 410
205 50
205 129
205 130
205 198
205 215
205 216
205 217
205 233
205 234
205 410
205 411
205 412
205 413
206 50
206 115
206 116
206 117
206 118
206 119
206 120
206 121
206 128
206 129
206 130
206 131
206 197
206 198
206 199
206 200
206 201
206 202
206 203
206 209
206 210
206 211
206 215
206 234
206 413
206 414
206 415
206 416
206 417
206 418
206 419
206 420
207 50
207 109
207 110
207 111
207 112
207 113
207 114
207 115
207 121
207 122
207 123
207 126
207 127
207 128
207 131
207 132
207 133
207 191
207 192
207 195
207 196
207 197
207 203
207 208
207 209
207 211
207 212
207 213
207 215
207 234
207 420
207 421
208 50
208 108
208 109
208 123
208 124
208 125
208 126
208 133
208 186
208 187
208 188
208 189
208 190
208 191
208 192
208 193
208 194
208 195
208 203
208 204
208 205
208 206
208 207
208 208
208 213
208 214
208 215
208 234
208 421
209 50
209 108
209 179
209 180
209 181
209 182
209 183
209 184
209 185
209 186
209 234
209 421
210 50
210 106
210 107
210 108
210 178
210 179
210 234
211 50
211 106
211 179
211 234
212 49
212 50
212 104
212 105
212 106
212 178
212 179
212 234
212 235
213 49
213 104
213 177
213 178
213 235
214 49
214 104
214 177
214 235
215 49
215 104
215 177
215 234
215 235
216 49
216 50
216 104
216 175
216 176
216 177
216 234
217 50
217 103
217 104
217 175
217 234
218 50
218 175
218 234
219 50
219 175
219 234
220 50
220 175
220 234
221 50
221 175
221 234
222 48
222 49
222 50
222 175
222 234
223 48
223 175
223 234
224 48
224 175
224 233
224 234
225 47
225 48
225 174
225 175
225 232
225 233
225 234
226 46
226 47
226 174
226 230
226 231
226 232
226 234
226 235
226 236
226 237
226 238
226 239
226 240
226 243
226 244
227 46
227 174
227 230
227 240
227 242
227 243
227 244
227 245
227 246
227 247
227 336
228 44
228 45
228 46
228 174
228 175
228 176
228 228
228 229
228 230
228 240
228 241
228 242
228 247
228 336
229 42
229 43
229 44
229 176
229 225
229 226
229 227
229 228
229 247
229 335
229 336
230 34
230 35
230 40
230 41
230 42
230 176
230 225
230 247
230 335
231 34
231 40
231 164
231 165
231 166
231 176
231 215
231 216
231 217
231 218
231 219
231 220
231 221
231 222
231 224
231 225
231 247
231 335
232 34
232 35
232 36
232 37
232 38
232 39
232 40
232 164
232 166
232 167
232 168
232 169
232 176
232 177
232 212
232 213
232 214
232 215
232 222
232 223
232 224
232 247
232 335
233 33
233 34
233 161
233 163
233 164
233 169
233 170
233 177
233 222
233 247
233 248
233 335
234 33
234 161
234 162
234 163
234 170
234 171
234 172
234 173
234 174
234 177
234 221
234 222
234 248
234 335
235 33
235 174
235 175
235 176
235 177
235 220
235 221
235 248
235 335
236 33
236 176
236 177
236 220
236 248
236 335
237 33
237 177
237 220
237 248
237 249
237 335
238 33
238 177
238 220
238 221
238 249
238 250
238 335
239 33
239 177
239 221
239 250
239 251
239 252
239 334
239 335
240 33
240 176
240 177
240 178
240 221
240 252
240 333
240 334
241 33
241 176
241 178
241 179
241 219
241 220
241 221
241 252
241 253
241 333
241 492
241 493
242 33
242 174
242 175
242 176
242 219
242 253
242 333
242 493
243 33
243 174
243 219
243 253
243 333
243 493
244 33
244 173
244 174
244 217
244 218
244 219
244 253
244 255
244 256
244 257
244 258
244 259
244 260
244 287
244 333
244 493
245 33
245 34
245 35
245 173
245 217
245 253
245 254
245 255
245 256
245 257
245 260
245 287
245 333
245 493
246 35
246 36
246 37
246 171
246 172
246 173
246 217
246 254
246 260
246 261
246 287
246 333
246 493
247 37
247 38
247 39
247 40
247 43
247 44
247 45
247 46
247 47
247 48
247 168
247 169
247 170
247 171
247 172
247 217
247 250
247 251
247 252
247 254
247 261
247 287
247 333
247 492
247 493
248 37
248 38
248 39
248 40
248 41
248 42
248 43
248 48
248 164
248 168
248 172
248 173
248 217
248 250
248 252
248 253
248 254
248 261
248 262
248 286
248 287
248 333
248 492
249 36
249 37
249 48
249 164
249 165
249 166
249 167
249 168
249 173
249 217
249 250
249 262
249 286
249 287
249 331
249 332
249 333
249 490
249 491
249 492
250 36
250 48
250 173
250 217
250 250
250 262
250 286
250 287
250 329
250 330
250 331
250 489
250 490
251 34
251 35
251 36
251 48
251 49
251 173
251 174
251 175
251 176
251 177
251 178
251 216
251 217
251 250
251 262
251 263
251 286
251 325
251 326
251 328
251 329
251 489
252 34
252 178
252 214
252 215
252 216
252 263
252 286
252 324
252 325
252 326
252 327
252 328
252 487
252 488
252 489
253 32
253 33
253 34
253 178
253 214
253 263
253 264
253 265
253 266
253 285
253 286
253 324
253 380
253 381
253 382
253 383
253 384
253 385
253 386
253 486
253 487
254 30
254 31
254 32
254 178
254 214
254 266
254 285
254 323
254 324
254 380
254 486
255 30
255 178
255 214
255 215
255 266
255 267
255 285
255 323
255 379
255 380
255 486
256 30
256 178
256 179
256 180
256 215
256 267
256 284
256 285
256 323
256 379
256 485
256 486
257 26
257 27
257 28
257 29
257 30
257 180
257 215
257 267
257 268
257 284
257 322
257 323
257 379
257 485
258 26
258 180
258 215
258 216
258 268
258 284
258 322
258 378
258 379
258 484
258 485
259 26
259 180
259 216
259 268
259 269
259 270
259 271
259 272
259 273
259 284
259 285
259 322
259 378
259 484
260 26
260 180
260 216
260 217
260 218
260 219
260 220
260 221
260 273
260 284
260 285
260 322
260 378
260 484
261 25
261 26
261 180
261 221
261 273
261 279
261 280
261 284
261 322
261 375
261 376
261 377
261 378
261 483
261 484
262 24
262 25
262 180
262 221
262 222
262 223
262 273
262 274
262 275
262 276
262 277
262 278
262 279
262 280
262 284
262 322
262 375
262 483
263 24
263 180
263 181
263 182
263 183
263 184
263 185
263 223
263 224
263 225
263 226
263 280
263 284
263 322
263 375
263 483
264 24
264 185
264 226
264 280
264 284
264 322
264 374
264 375
264 480
264 481
264 482
264 483
265 24
265 25
265 185
265 226
265 280
265 281
265 282
265 283
265 284
265 322
265 323
265 374
265 476
265 479
265 480
266 25
266 185
266 226
266 284
266 323
266 324
266 325
266 326
266 327
266 328
266 374
266 476
266 477
266 478
266 479
267 25
267 184
267 185
267 225
267 226
267 284
267 285
267 286
267 287
267 288
267 328
267 374
267 478
268 25
268 184
268 288
268 328
268 374
268 375
268 478
268 479
269 25
269 184
269 288
269 327
269 328
269 375
269 479
270 24
270 25
270 184
270 288
270 326
270 327
270 375
270 479
270 480
270 481
271 25
271 26
271 27
271 28
271 29
271 30
271 183
271 184
271 288
271 326
271 327
271 373
271 374
271 375
271 481
272 30
272 31
272 32
272 33
272 34
272 35
272 36
272 37
272 38
272 183
272 288
272 289
272 290
272 327
272 373
272 424
272 481
273 38
273 39
273 40
273 41
273 42
273 43
273 44
273 45
273 46
273 47
273 50
273 51
273 52
273 182
273 183
273 290
273 327
273 372
273 373
273 424
273 481
274 47
274 48
274 49
274 50
274 51
274 52
274 182
274 290
274 327
274 371
274 372
274 424
274 481
274 482
274 483
274 492
275 50
275 179
275 180
275 181
275 182
275 290
275 327
275 340
275 341
275 342
275 343
275 344
275 345
275 346
275 347
275 348
275 371
275 424
275 483
275 484
275 492
276 50
276 177
276 178
276 179
276 182
276 183
276 184
276 185
276 290
276 327
276 337
276 338
276 339
276 340
276 348
276 371
276 422
276 423
276 424
276 484
276 485
276 492
277 50
277 177
277 185
277 186
277 187
277 188
277 189
277 190
277 289
277 290
277 327
277 329
277 330
277 331
277 332
277 333
277 334
277 335
277 336
277 337
277 348
277 365
277 366
277 367
277 368
277 369
277 370
277 371
277 422
277 485
277 492
278 50
278 51
278 176
278 177
278 190
278 191
278 289
278 327
278 329
278 348
278 365
278 422
278 485
278 488
278 489
278 490
278 491
278 492
279 51
279 176
279 191
279 192
279 289
279 326
279 327
279 328
279 329
279 348
279 364
279 365
279 416
279 417
279 418
279 419
279 420
279 421
279 422
279 484
279 485
279 487
279 488
280 51
280 176
280 192
280 193
280 289
280 324
280 325
280 326
280 348
280 361
280 362
280 363
280 364
280 416
280 485
280 486
280 487
281 51
281 172
281 173
281 174
281 175
281 176
281 193
281 289
281 290
281 324
281 348
281 349
281 350
281 351
281 352
281 353
281 354
281 355
281 356
281 357
281 358
281 359
281 360
281 361
281 415
281 416
281 487
282 51
282 171
282 172
282 193
282 290
282 291
282 292
282 322
282 323
282 324
282 353
282 415
282 487
283 51
283 171
283 192
283 193
283 292
283 322
283 352
283 353
283 413
283 414
283 415
283 487
283 488
284 51
284 52
284 123
284 124
284 169
284 170
284 171
284 192
284 292
284 293
284 322
284 352
284 413
284 487
285 52
285 124
285 168
285 169
285 192
285 193
285 293
285 294
285 322
285 352
285 408
285 409
285 410
285 411
285 412
285 413
285 484
285 485
285 486
285 487
286 52
286 124
286 168
286 193
286 293
286 294
286 320
286 321
286 322
286 352
286 353
286 407
286 408
286 481
286 482
286 483
286 484
287 52
287 124
287 166
287 167
287 168
287 193
287 196
287 197
287 293
287 320
287 353
287 406
287 407
287 481
288 52
288 53
288 113
288 114
288 115
288 116
288 117
288 118
288 119
288 120
288 121
288 122
288 123
288 124
288 125
288 156
288 157
288 166
288 193
288 194
288 195
288 196
288 197
288 293
288 320
288 353
288 402
288 403
288 404
288 405
288 406
288 481
289 53
289 113
289 116
289 117
289 125
289 156
289 157
289 158
289 159
289 160
289 162
289 163
289 164
289 165
289 166
289 197
289 198
289 293
289 307
289 308
289 309
289 310
289 311
289 312
289 313
289 316
289 317
289 318
289 319
289 320
289 353
289 402
289 481
290 53
290 54
290 113
290 125
290 126
290 129
290 130
290 131
290 132
290 154
290 155
290 156
290 160
290 161
290 162
290 198
290 199
290 293
290 294
290 306
290 307
290 313
290 314
290 315
290 316
290 352
290 353
290 402
290 480
290 481
291 54
291 108
291 109
291 110
291 111
291 112
291 113
291 126
291 127
291 128
291 129
291 132
291 153
291 154
291 199
291 200
291 294
291 301
291 302
291 303
291 304
291 305
291 306
291 352
291 402
291 480
292 54
292 108
292 132
292 153
292 200
292 287
292 288
292 294
292 301
292 352
292 402
292 469
292 470
292 471
292 472
292 473
292 474
292 475
292 476
292 477
292 478
292 479
292 480
293 54
293 107
293 108
293 132
293 133
293 151
293 152
293 153
293 200
293 201
293 202
293 282
293 283
293 284
293 285
293 286
293 287
293 288
293 289
293 290
293 291
293 292
293 293
293 294
293 295
293 296
293 297
293 298
293 299
293 300
293 301
293 349
293 350
293 351
293 352
293 402
293 468
293 469
294 54
294 107
294 133
294 151
294 202
294 203
294 204
294 280
294 281
294 282
294 350
294 401
294 402
294 464
294 465
294 466
294 467
294 468
295 54
295 55
295 56
295 107
295 133
295 151
295 204
295 278
295 279
295 280
295 350
295 401
295 464
296 56
296 107
296 133
296 150
296 151
296 204
296 277
296 278
296 350
296 401
296 464
297 56
297 57
297 106
297 107
297 133
297 134
297 135
297 136
297 150
297 204
297 205
297 206
297 276
297 277
297 350
297 401
297 464
298 57
298 106
298 136
298 150
298 206
298 207
298 276
298 350
298 400
298 401
298 462
298 463
298 464
299 57
299 58
299 106
299 136
299 137
299 149
299 150
299 207
299 208
299 209
299 275
299 276
299 349
299 350
299 400
299 461
299 462
300 58
300 105
300 106
300 137
300 138
300 149
300 209
300 275
300 349
300 399
300 400
300 459
300 460
300 461
301 58
301 104
301 105
301 138
301 139
301 140
301 141
301 149
301 209
301 273
301 274
301 275
301 349
301 397
301 398
301 399
301 459
302 58
302 99
302 100
302 101
302 102
302 103
302 104
302 141
302 142
302 143
302 144
302 145
302 149
302 209
302 210
302 273
302 349
302 397
302 459
303 58
303 100
303 145
303 147
303 148
303 149
303 210
303 211
303 272
303 273
303 349
303 397
303 459
304 58
304 100
304 145
304 146
304 147
304 211
304 212
304 271
304 272
304 349
304 386
304 387
304 388
304 389
304 390
304 391
304 392
304 393
304 395
304 396
304 397
304 459
305 58
305 100
305 147
305 212
305 213
305 271
305 349
305 386
305 393
305 394
305 395
305 456
305 457
305 458
305 459
306 58
306 100
306 147
306 213
306 271
306 349
306 350
306 386
306 456
307 58
307 100
307 147
307 213
307 271
307 350
307 382
307 383
307 384
307 385
307 386
307 456
308 58
308 100
308 147
308 148
308 213
308 271
308 350
308 381
308 382
308 450
308 451
308 452
308 453
308 456
309 58
309 98
309 99
309 100
309 148
309 213
309 271
309 350
309 378
309 379
309 380
309 381
309 449
309 450
309 453
309 454
309 455
309 456
310 58
310 98
310 148
310 213
310 214
310 215
310 216
310 217
310 218
310 219
310 220
310 221
310 222
310 271
310 350
310 378
310 456
311 58
311 98
311 148
311 222
311 269
311 270
311 271
311 349
311 350
311 373
311 374
311 375
311 376
311 377
311 378
311 456
312 58
312 98
312 147
312 148
312 222
312 223
312 224
312 269
312 349
312 373
312 456
312 457
312 458
313 58
313 98
313 147
313 148
313 268
313 269
313 349
313 370
313 371
313 372
313 373
313 458
313 459
313 460
314 57
314 58
314 98
314 148
314 260
314 261
314 262
314 263
314 268
314 349
314 370
314 460
315 57
315 97
315 98
315 260
315 263
315 264
315 265
315 266
315 267
315 268
315 347
315 348
315 349
315 368
315 369
315 370
315 460
316 57
316 97
316 340
316 341
316 342
316 343
316 344
316 345
316 347
316 369
316 460
317 57
317 97
317 340
317 341
317 345
317 346
317 347
317 369
317 460
318 57
318 97
318 98
318 99
318 100
318 347
318 348
318 349
318 368
318 369
318 460
319 56
319 57
319 95
319 96
319 97
319 98
319 100
319 101
319 102
319 103
319 104
319 349
319 368
319 460
319 461
320 55
320 56
320 95
320 104
320 349
320 368
320 369
320 461
320 462
321 55
321 56
321 83
321 84
321 85
321 86
321 90
321 91
321 92
321 93
321 94
321 95
321 104
321 349
321 350
321 369
321 462
322 56
322 83
322 86
322 87
322 88
322 89
322 90
322 104
322 105
322 350
322 351
322 352
322 353
322 354
322 355
322 369
322 462
323 56
323 75
323 76
323 77
323 78
323 79
323 80
323 81
323 82
323 83
323 105
323 355
323 369
323 462
324 56
324 73
324 74
324 75
324 105
324 355
324 369
324 462
325 56
325 57
325 58
325 59
325 60
325 67
325 68
325 69
325 70
325 72
325 73
325 105
325 355
325 369
325 370
325 462
326 60
326 61
326 62
326 63
326 64
326 65
326 66
326 67
326 70
326 71
326 72
326 105
326 355
326 356
326 370
326 462
327 70
327 71
327 105
327 356
327 357
327 358
327 364
327 365
327 366
327 370
327 462
328 71
328 105
328 358
328 359
328 360
328 361
328 362
328 363
328 364
328 366
328 367
328 368
328 369
328 370
328 462
328 463
328 464
328 465
329 105
329 361
329 370
329 465
330 105
330 106
330 370
330 465
331 106
331 370
331 371
331 465
331 466
331 467
331 468
331 469
331 470
332 106
332 107
332 108
332 109
332 110
332 111
332 112
332 113
332 114
332 115
332 116
332 371
332 382
332 469
332 470
332 471
333 116
333 117
333 371
333 372
333 373
333 382
333 468
333 469
333 482
333 483
334 117
334 118
334 119
334 373
334 374
334 375
334 376
334 377
334 378
334 379
334 380
334 381
334 382
334 383
334 468
334 480
334 481
334 482
334 483
334 487
334 488
335 118
335 306
335 379
335 380
335 383
335 468
335 469
335 470
335 479
335 480
335 483
335 485
335 486
335 487
336 118
336 306
336 383
336 384
336 468
336 470
336 471
336 479
336 483
336 484
336 485
337 118
337 293
337 294
337 295
337 296
337 297
337 298
337 299
337 300
337 301
337 302
337 303
337 304
337 305
337 306
337 384
337 468
337 471
337 477
337 478
337 479
337 483
337 484
338 118
338 297
338 298
338 305
338 306
338 384
338 468
338 471
338 472
338 473
338 474
338 475
338 476
338 477
338 483
339 118
339 119
339 305
339 384
339 385
339 468
339 483
340 119
340 305
340 385
340 468
340 483
341 119
341 120
341 121
341 305
341 385
341 386
341 468
341 483
341 484
342 121
342 305
342 386
342 468
342 484
343 121
343 122
343 305
343 306
343 386
343 468
343 483
343 484
344 122
344 306
344 386
344 468
344 483
345 122
345 123
345 124
345 125
345 305
345 306
345 386
345 468
345 483
346 125
346 305
346 306
346 307
346 385
346 386
346 468
346 483
347 124
347 125
347 307
347 385
347 467
347 468
347 483
347 484
347 485
348 124
348 125
348 187
348 307
348 385
348 386
348 465
348 466
348 467
348 485
349 125
349 186
349 187
349 307
349 308
349 386
349 465
349 485
350 125
350 126
350 127
350 128
350 129
350 186
350 308
350 331
350 386
350 465
350 485
350 486
350 487
351 129
351 130
351 186
351 308
351 309
351 331
351 386
351 465
351 487
351 488
352 130
352 131
352 186
352 309
352 331
352 386
352 426
352 465
352 488
352 489
353 131
353 186
353 309
353 331
353 385
353 386
353 425
353 426
353 433
353 434
353 435
353 436
353 437
353 438
353 439
353 464
353 465
353 489
354 131
354 186
354 309
354 331
354 332
354 384
354 385
354 422
354 423
354 424
354 425
354 426
354 427
354 428
354 429
354 430
354 431
354 432
354 433
354 439
354 440
354 441
354 442
354 443
354 460
354 461
354 463
354 464
354 489
355 131
355 186
355 187
355 309
355 332
355 384
355 408
355 409
355 410
355 411
355 412
355 413
355 414
355 415
355 416
355 417
355 418
355 419
355 420
355 421
355 422
355 443
355 444
355 445
355 446
355 447
355 448
355 449
355 454
355 455
355 456
355 457
355 458
355 459
355 460
355 461
355 462
355 463
355 464
355 489
356 131
356 187
356 188
356 189
356 190
356 309
356 332
356 383
356 384
356 408
356 449
356 450
356 451
356 452
356 453
356 454
356 464
356 465
356 489
356 490
357 131
357 190
357 191
357 192
357 309
357 332
357 383
357 408
357 453
357 465
357 490
357 491
357 492
358 130
358 131
358 132
358 192
358 306
358 309
358 332
358 382
358 383
358 408
358 453
358 454
358 465
358 492
358 493
358 494
358 495
358 496
358 497
359 132
359 191
359 192
359 306
359 308
359 309
359 319
359 320
359 321
359 322
359 323
359 324
359 330
359 331
359 332
359 333
359 382
359 408
359 409
359 454
359 465
359 466
359 467
360 132
360 191
360 306
360 307
360 308
360 309
360 318
360 319
360 324
360 325
360 326
360 329
360 330
360 333
360 334
360 335
360 382
360 408
360 409
360 467
360 468
361 132
361 133
361 191
361 192
361 309
361 317
361 318
361 326
361 327
361 328
361 329
361 335
361 336
361 382
361 408
361 468
361 469
362 133
362 192
362 309
362 310
362 311
362 312
362 313
362 314
362 315
362 316
362 317
362 336
362 382
362 383
362 408
362 469
362 470
363 133
363 192
363 310
363 314
363 315
363 336
363 378
363 379
363 380
363 381
363 383
363 406
363 407
363 408
363 470
364 133
364 190
364 191
364 192
364 310
364 336
364 378
364 381
364 382
364 383
364 384
364 406
364 470
365 133
365 190
365 310
365 336
365 337
365 378
365 384
365 406
365 470
366 133
366 190
366 310
366 337
366 338
366 376
366 377
366 378
366 384
366 385
366 386
366 406
366 470
367 133
367 190
367 308
367 309
367 310
367 338
367 339
367 340
367 376
367 386
367 387
367 388
367 405
367 406
367 470
367 471
367 472
368 133
368 190
368 308
368 340
368 341
368 342
368 376
368 388
368 389
368 390
368 405
368 472
369 133
369 134
369 190
369 306
369 307
369 308
369 342
369 368
369 369
369 370
369 371
369 372
369 373
369 374
369 375
369 376
369 390
369 391
369 392
369 393
369 394
369 395
369 396
369 402
369 403
369 404
369 405
369 472
370 134
370 190
370 306
370 342
370 368
370 396
370 397
370 398
370 399
370 400
370 401
370 402
370 405
370 472
371 134
371 190
371 296
371 297
371 298
371 299
371 300
371 301
371 304
371 305
371 306
371 342
371 366
371 367
371 368
371 405
371 472
372 134
372 189
372 190
372 296
372 301
372 302
372 303
372 304
372 342
372 365
372 366
372 405
372 472
373 134
373 189
373 295
373 296
373 342
373 343
373 344
373 345
373 365
373 405
373 472
374 71
374 134
374 135
374 189
374 190
374 191
374 294
374 295
374 345
374 346
374 360
374 361
374 362
374 363
374 364
374 365
374 405
374 469
374 470
374 471
374 472
375 71
375 135
375 191
375 294
375 346
375 356
375 357
375 358
375 359
375 360
375 405
375 466
375 467
375 468
375 469
376 71
376 135
376 191
376 294
376 346
376 347
376 348
376 349
376 350
376 351
376 352
376 353
376 354
376 355
376 356
376 405
376 466
377 71
377 135
377 136
377 137
377 191
377 294
377 347
377 355
377 405
377 466
378 71
378 137
378 191
378 293
378 294
378 347
378 405
378 466
379 71
379 72
379 137
379 191
379 292
379 293
379 347
379 404
379 405
379 466
380 72
380 137
380 191
380 192
380 193
380 292
380 344
380 345
380 346
380 347
380 404
380 448
380 466
381 72
381 137
381 138
381 139
381 193
381 194
381 195
381 196
381 292
381 344
381 448
381 466
381 467
382 72
382 139
382 140
382 141
382 142
382 143
382 196
382 291
382 292
382 344
382 448
382 449
382 450
382 451
382 455
382 456
382 457
382 467
383 72
383 143
383 196
383 291
383 292
383 341
383 342
383 343
383 344
383 451
383 452
383 453
383 454
383 455
383 457
383 465
383 466
383 467
384 72
384 143
384 144
384 196
384 291
384 292
384 341
384 449
384 450
384 451
384 457
384 465
385 72
385 144
385 196
385 197
385 198
385 290
385 291
385 341
385 342
385 449
385 457
385 458
385 464
385 465
386 71
386 72
386 144
386 145
386 146
386 198
386 290
386 342
386 446
386 447
386 448
386 449
386 458
386 459
386 460
386 461
386 462
386 463
386 464
387 71
387 146
387 197
387 198
387 289
387 290
387 342
387 443
387 444
387 445
387 446
388 70
388 71
388 146
388 147
388 148
388 149
388 197
388 289
388 339
388 340
388 341
388 342
388 442
388 443
389 70
389 149
389 195
389 196
389 197
389 289
389 440
389 441
389 442
390 70
390 149
390 195
390 289
390 440
391 67
391 68
391 70
391 149
391 195
391 289
391 440
392 65
392 66
392 67
392 68
392 69
392 70
392 148
392 149
392 195
392 289
392 439
392 440
393 23
393 24
393 25
393 26
393 27
393 28
393 29
393 34
393 35
393 36
393 37
393 65
393 147
393 148
393 195
393 196
393 197
393 289
393 439
394 21
394 22
394 23
394 29
394 30
394 31
394 32
394 33
394 34
394 37
394 38
394 39
394 40
394 41
394 42
394 64
394 65
394 144
394 145
394 146
394 147
394 197
394 289
394 439
395 14
395 15
395 16
395 21
395 42
395 64
395 144
395 197
395 198
395 268
395 269
395 286
395 287
395 288
395 289
395 439
396 13
396 14
396 16
396 17
396 18
396 19
396 20
396 21
396 42
396 43
396 44
396 45
396 46
396 48
396 49
396 50
396 51
396 52
396 63
396 64
396 144
396 198
396 199
396 200
396 201
396 268
396 269
396 270
396 286
396 437
396 438
396 439
397 12
397 13
397 46
397 48
397 52
397 53
397 54
397 63
397 144
397 201
397 270
397 271
397 272
397 275
397 276
397 277
397 278
397 281
397 282
397 283
397 284
397 285
397 286
397 437
398 12
398 46
398 47
398 48
398 54
398 55
398 62
398 63
398 143
398 144
398 201
398 272
398 273
398 274
398 275
398 278
398 279
398 280
398 281
398 283
398 437
399 11
399 12
399 55
399 56
399 62
399 143
399 201
399 202
399 203
399 283
399 436
399 437
400 9
400 10
400 11
400 56
400 62
400 143
400 203
400 204
400 205
400 206
400 283
400 433
400 434
400 435
400 436
401 2
401 3
401 4
401 5
401 6
401 7
401 8
401 9
401 56
401 57
401 58
401 59
401 60
401 61
401 62
401 143
401 206
401 283
401 432
401 433
402 1
402 2
402 59
402 60
402 143
402 144
402 206
402 283
402 428
402 429
402 430
402 431
402 432
403 1
403 59
403 144
403 206
403 282
403 283
403 428
403 430
404 1
404 59
404 143
404 144
404 206
404 207
404 208
404 209
404 282
404 430
405 59
405 143
405 209
405 282
405 283
405 284
405 430
406 59
406 143
406 209
406 284
406 285
406 430
407 58
407 59
407 143
407 209
407 285
407 430
408 58
408 59
408 143
408 144
408 145
408 146
408 147
408 209
408 285
408 430
409 59
409 144
409 147
409 148
409 209
409 285
409 429
409 430
410 59
410 60
410 61
410 148
410 149
410 150
410 151
410 209
410 210
410 285
410 429
411 61
411 151
411 210
411 284
411 285
411 429
412 61
412 151
412 210
412 284
412 429
413 61
413 151
413 210
413 211
413 283
413 284
413 428
413 429
414 61
414 62
414 151
414 152
414 153
414 211
414 283
414 428
415 62
415 63
415 153
415 154
415 155
415 156
415 157
415 211
415 283
415 284
415 428
416 63
416 157
416 211
416 284
416 428
416 498
417 63
417 64
417 65
417 66
417 157
417 211
417 212
417 284
417 426
417 427
417 428
417 496
417 497
417 498
418 66
418 157
418 158
418 212
418 284
418 426
418 496
419 66
419 67
419 158
419 159
419 212
419 227
419 284
419 426
419 427
419 496
420 67
420 159
420 212
420 224
420 225
420 226
420 227
420 284
420 285
420 286
420 427
420 496
421 67
421 68
421 69
421 159
421 212
421 224
421 286
421 427
421 495
421 496
422 69
422 159
422 160
422 161
422 162
422 163
422 164
422 165
422 166
422 167
422 168
422 169
422 170
422 171
422 172
422 173
422 174
422 175
422 176
422 212
422 223
422 224
422 286
422 427
422 428
422 495
423 68
423 69
423 176
423 177
423 212
423 213
423 218
423 219
423 220
423 221
423 222
423 223
423 284
423 285
423 286
423 428
423 429
423 430
423 494
423 495
424 68
424 177
424 213
424 215
424 216
424 217
424 218
424 284
424 430
424 494
425 68
425 72
425 73
425 177
425 213
425 215
425 283
425 284
425 430
425 494
426 68
426 69
426 70
426 71
426 72
426 73
426 74
426 75
426 76
426 77
426 78
426 79
426 80
426 81
426 82
426 83
426 84
426 85
426 86
426 87
426 177
426 178
426 213
426 214
426 215
426 282
426 283
426 429
426 430
426 494
427 87
427 88
427 89
427 90
427 91
427 92
427 93
427 94
427 95
427 178
427 179
427 180
427 181
427 182
427 213
427 214
427 428
427 429
427 493
427 494
427 495
427 496
427 497
427 498
428 95
428 96
428 182
428 183
428 184
428 212
428 213
428 428
428 493
428 498
429 96
429 97
429 184
429 212
429 428
429 493
430 97
430 184
430 185
430 186
430 209
430 210
430 211
430 212
430 428
430 429
430 430
430 492
430 493
431 97
431 98
431 99
431 186
431 203
431 204
431 205
431 206
431 207
431 208
431 209
431 430
431 492
432 99
432 186
432 188
432 189
432 190
432 191
432 192
432 193
432 194
432 195
432 203
432 430
432 492
433 98
433 99
433 186
433 187
433 188
433 195
433 196
433 197
433 198
433 202
433 203
433 430
433 491
433 492
434 98
434 198
434 199
434 202
434 430
434 491
434 492
435 98
435 199
435 202
435 327
435 328
435 430
435 491
435 492
435 493
436 98
436 99
436 100
436 101
436 199
436 200
436 201
436 202
436 327
436 328
436 430
436 431
436 432
436 493
437 99
437 101
437 202
437 328
437 329
437 369
437 370
437 371
437 372
437 373
437 374
437 432
437 493
438 97
438 98
438 99
438 101
438 102
438 103
438 104
438 329
438 337
438 338
438 339
438 340
438 341
438 367
438 368
438 369
438 374
438 432
438 492
438 493
439 97
439 104
439 105
439 106
439 107
439 108
439 329
439 330
439 331
439 332
439 333
439 334
439 335
439 336
439 337
439 341
439 342
439 343
439 344
439 345
439 346
439 347
439 348
439 349
439 350
439 351
439 352
439 353
439 366
439 367
439 374
439 375
439 432
439 492
440 97
440 108
440 109
440 329
440 353
440 354
440 355
440 356
440 357
440 358
440 359
440 360
440 366
440 375
440 376
440 377
440 432
440 433
440 492
441 96
441 97
441 109
441 329
441 360
441 366
441 377
441 433
441 492
442 96
442 109
442 110
442 329
442 360
442 361
442 362
442 365
442 366
442 377
442 433
442 434
442 435
442 436
442 492
443 95
443 96
443 110
443 329
443 362
443 363
443 364
443 365
443 366
443 367
443 377
443 385
443 386
443 436
443 492
444 93
444 94
444 95
444 110
444 327
444 328
444 329
444 362
444 363
444 377
444 378
444 385
444 386
444 387
444 436
444 492
445 92
445 93
445 95
445 96
445 97
445 110
445 111
445 112
445 327
445 378
445 379
445 380
445 381
445 382
445 383
445 384
445 385
445 436
445 492
446 92
446 97
446 112
446 327
446 436
446 492
447 92
447 327
447 436
447 492
447 493
447 494
448 92
448 327
448 436
448 437
448 438
448 439
448 494
448 495
448 496
449 91
449 92
449 327
449 439
449 496
450 90
450 91
450 321
450 322
450 323
450 324
450 325
450 326
450 327
450 439
450 440
450 494
450 495
450 496
451 89
451 90
451 321
451 440
451 441
451 492
451 493
451 494
452 89
452 320
452 321
452 441
452 490
452 491
452 492
453 89
453 320
453 321
453 441
453 490
454 89
454 321
454 440
454 441
454 490
455 89
455 321
455 440
455 490
456 89
456 90
456 321
456 440
456 489
456 490
457 90
457 321
457 439
457 440
457 487
457 488
457 489
458 11
458 12
458 89
458 90
458 321
458 439
458 487
459 12
459 13
459 14
459 15
459 89
459 321
459 438
459 439
459 486
459 487
460 15
460 16
460 17
460 18
460 19
460 20
460 21
460 89
460 319
460 320
460 321
460 438
460 486
461 21
461 25
461 26
461 88
461 89
461 319
461 438
461 486
462 21
462 22
462 23
462 24
462 25
462 26
462 27
462 28
462 29
462 30
462 88
462 319
462 438
462 485
462 486
463 20
463 21
463 30
463 86
463 87
463 88
463 319
463 437
463 438
463 485
463 486
464 19
464 20
464 30
464 31
464 84
464 85
464 86
464 282
464 319
464 437
464 486
465 18
465 19
465 31
465 32
465 84
465 281
465 282
465 317
465 318
465 319
465 436
465 437
465 486
466 18
466 32
466 33
466 34
466 35
466 81
466 82
466 83
466 84
466 85
466 281
466 317
466 436
466 486
467 17
467 18
467 35
467 36
467 37
467 38
467 39
467 40
467 41
467 79
467 80
467 81
467 85
467 281
467 317
467 435
467 436
467 484
467 485
467 486
468 16
468 17
468 41
468 79
468 85
468 86
468 281
468 317
468 434
468 435
468 484
469 16
469 41
469 42
469 43
469 44
469 45
469 46
469 47
469 48
469 75
469 76
469 77
469 78
469 79
469 86
469 87
469 281
469 317
469 430
469 431
469 432
469 433
469 434
469 435
469 484
470 16
470 48
470 74
470 75
470 87
470 88
470 89
470 280
470 281
470 316
470 317
470 426
470 427
470 428
470 429
470 430
470 484
471 16
471 48
471 53
471 54
471 55
471 56
471 57
471 74
471 89
471 90
471 91
471 280
471 316
471 425
471 426
471 484
472 16
472 48
472 53
472 57
472 58
472 59
472 60
472 61
472 62
472 63
472 64
472 65
472 66
472 67
472 68
472 73
472 74
472 91
472 116
472 117
472 118
472 119
472 120
472 280
472 309
472 310
472 315
472 316
472 424
472 425
472 426
472 427
472 484
473 15
473 16
473 48
473 49
473 50
473 51
473 52
473 53
473 68
473 71
473 72
473 73
473 91
473 109
473 110
473 111
473 112
473 113
473 114
473 115
473 116
473 120
473 280
473 310
473 311
473 312
473 313
473 315
473 424
473 426
473 427
473 484
474 15
474 68
474 69
474 70
474 71
474 91
474 92
474 95
474 96
474 97
474 103
474 104
474 105
474 106
474 107
474 108
474 109
474 120
474 121
474 280
474 313
474 314
474 315
474 426
474 484
475 15
475 92
475 95
475 97
475 98
475 99
475 103
475 121
475 122
475 123
475 124
475 125
475 126
475 127
475 274
475 275
475 276
475 277
475 278
475 279
475 280
475 314
475 424
475 425
475 426
475 484
476 15
476 92
476 93
476 94
476 95
476 99
476 100
476 101
476 102
476 103
476 127
476 128
476 129
476 130
476 131
476 132
476 135
476 274
476 314
476 423
476 424
476 484
476 485
477 15
477 101
477 132
477 133
477 134
477 135
477 136
477 137
477 138
477 270
477 271
477 272
477 273
477 274
477 314
477 315
477 423
477 485
478 14
478 15
478 101
478 138
478 270
478 315
478 422
478 423
478 485
479 14
479 101
479 138
479 270
479 315
479 316
479 317
479 421
479 422
479 485
480 14
480 101
480 138
480 270
480 317
480 318
480 319
480 320
480 321
480 420
480 421
480 485
481 13
481 14
481 101
481 138
481 270
481 317
481 321
481 322
481 323
481 324
481 325
481 420
481 485
482 10
482 11
482 12
482 13
482 101
482 138
482 144
482 145
482 146
482 270
482 314
482 315
482 316
482 317
482 325
482 417
482 418
482 419
482 420
482 485
483 8
483 9
483 10
483 101
483 138
483 139
483 140
483 141
483 142
483 143
483 144
483 146
483 147
483 148
483 149
483 150
483 267
483 268
483 269
483 270
483 271
483 314
483 325
483 326
483 417
483 485
484 8
484 99
484 100
484 101
484 102
484 150
484 151
484 152
484 153
484 154
484 155
484 156
484 157
484 158
484 266
484 267
484 271
484 314
484 325
484 417
484 418
484 485
485 6
485 7
485 8
485 99
485 158
485 266
485 271
485 314
485 325
485 411
485 412
485 413
485 414
485 415
485 416
485 417
485 418
485 419
485 485
486 98
486 99
486 158
486 266
486 271
486 313
486 314
486 325
486 409
486 410
486 411
486 419
486 485
487 98
487 158
487 266
487 271
487 272
487 273
487 274
487 275
487 276
487 277
487 278
487 313
487 325
487 397
487 409
487 419
487 485
488 98
488 158
488 266
488 278
488 309
488 310
488 311
488 312
488 313
488 325
488 326
488 397
488 398
488 409
488 419
488 485
489 98
489 158
489 159
489 160
489 239
489 240
489 241
489 242
489 265
489 266
489 278
489 279
489 308
489 309
489 326
489 398
489 409
489 419
489 479
489 480
489 481
489 482
489 484
489 485
490 97
490 98
490 160
490 161
490 162
490 220
490 239
490 242
490 264
490 265
490 279
490 280
490 308
490 326
490 327
490 398
490 409
490 419
490 479
490 482
490 483
490 484
490 485
491 96
491 97
491 162
491 211
491 212
491 213
491 214
491 215
491 216
491 217
491 218
491 219
491 220
491 221
491 222
491 237
491 238
491 239
491 242
491 264
491 280
491 281
491 282
491 283
491 284
491 285
491 286
491 287
491 288
491 289
491 290
491 291
491 292
491 293
491 308
491 327
491 328
491 329
491 330
491 331
491 398
491 399
491 407
491 408
491 409
491 419
491 479
491 485
491 486
492 96
492 161
492 162
492 211
492 212
492 216
492 217
492 222
492 223
492 236
492 237
492 242
492 243
492 263
492 264
492 280
492 293
492 305
492 306
492 307
492 308
492 331
492 399
492 407
492 419
492 420
492 477
492 478
492 479
492 486
493 96
493 161
493 212
493 223
493 224
493 225
493 234
493 235
493 236
493 243
493 262
493 263
493 293
493 302
493 303
493 304
493 305
493 331
493 332
493 333
493 399
493 400
493 401
493 402
493 404
493 405
493 406
493 407
493 420
493 421
493 476
493 477
493 486
494 96
494 97
494 161
494 212
494 225
494 230
494 231
494 232
494 233
494 234
494 243
494 244
494 245
494 246
494 261
494 262
494 293
494 302
494 333
494 334
494 339
494 340
494 341
494 342
494 343
494 399
494 402
494 403
494 404
494 420
494 421
494 476
494 486
494 487
494 488
495 97
495 161
495 211
495 212
495 225
495 226
495 227
495 228
495 229
495 230
495 246
495 261
495 293
495 302
495 334
495 335
495 336
495 337
495 338
495 339
495 343
495 344
495 350
495 351
495 352
495 353
495 399
495 420
495 476
495 488
496 97
496 160
496 161
496 209
496 210
496 211
496 246
496 260
496 261
496 293
496 301
496 302
496 334
496 335
496 344
496 345
496 346
496 347
496 348
496 349
496 350
496 353
496 398
496 399
496 420
496 421
496 474
496 475
496 476
496 488
497 97
497 160
497 204
497 205
497 206
497 207
497 208
497 209
497 246
497 247
497 248
497 260
497 293
497 294
497 300
497 301
497 353
497 398
497 421
497 474
497 488
498 96
498 97
498 160
498 161
498 162
498 203
498 204
498 248
498 249
498 250
498 251
498 252
498 260
498 294
498 295
498 296
498 297
498 299
498 300
498 353
498 398
498 421
498 473
498 474
498 488
498 489
498 490
498 491
499 96
499 162
499 203
499 252
499 260
499 297
499 298
499 299
499 353
499 354
499 355
499 398
499 421
499 422
499 471
499 472
499 473
499 491
500 96
500 162
500 201
500 202
500 203
500 252
500 253
500 259
500 260
500 297
500 298
500 355
500 396
500 397
500 398
500 422
500 470
500 471
500 491
500 492
501 96
501 162
501 201
501 253
501 254
501 259
501 297
501 298
501 355
501 371
501 372
501 373
501 374
501 375
501 385
501 386
501 387
501 388
501 389
501 390
501 391
501 392
501 393
501 394
501 395
501 396
501 422
501 423
501 464
501 465
501 466
501 467
501 468
501 469
501 470
502 96
502 160
502 161
502 162
502 163
502 164
502 168
502 169
502 200
502 201
502 254
502 255
502 256
502 257
502 258
502 259
502 297
502 355
502 356
502 366
502 367
502 368
502 369
502 370
502 371
502 375
502 376
502 377
502 385
502 423
502 464
503 91
503 92
503 93
503 94
503 95
503 96
503 160
503 164
503 165
503 166
503 167
503 168
503 169
503 170
503 171
503 198
503 199
503 200
503 256
503 297
503 356
503 363
503 364
503 365
503 366
503 377
503 378
503 379
503 380
503 381
503 382
503 383
503 384
503 385
503 423
503 464
504 89
504 90
504 91
504 157
504 160
504 171
504 195
504 196
504 197
504 198
504 297
504 356
504 357
504 358
504 359
504 360
504 361
504 362
504 363
504 423
504 424
504 425
504 442
504 443
504 444
504 445
504 446
504 447
504 448
504 449
504 450
504 451
504 452
504 453
504 454
504 455
504 456
504 457
504 462
504 463
504 464
505 87
505 88
505 89
505 157
505 158
505 159
505 160
505 171
505 172
505 173
505 174
505 175
505 176
505 177
505 179
505 180
505 181
505 182
505 183
505 184
505 185
505 186
505 187
505 190
505 191
505 192
505 193
505 195
505 297
505 359
505 425
505 434
505 435
505 436
505 437
505 438
505 439
505 440
505 441
505 442
505 457
505 458
505 460
505 461
505 462
506 84
506 85
506 86
506 87
506 177
506 178
506 179
506 187
506 190
506 193
506 194
506 195
506 297
506 359
506 425
506 431
506 432
506 433
506 434
506 458
506 459
506 460
507 178
507 187
507 188
507 189
507 190
507 297
507 359
507 425
507 426
507 431
508 359
508 426
508 427
508 428
508 431
509 428
509 429
509 430
509 431
510 431
511 431
