11 42
11 168
12 41
12 42
12 43
12 44
12 45
12 46
12 168
13 38
13 39
13 40
13 41
13 46
13 47
13 48
13 126
13 168
14 38
14 48
14 126
14 167
14 168
14 169
15 38
15 48
15 49
15 50
15 51
15 124
15 125
15 126
15 169
16 38
16 51
16 52
16 53
16 54
16 124
16 169
17 37
17 38
17 54
17 55
17 122
17 123
17 124
17 169
17 170
17 171
18 37
18 55
18 56
18 57
18 58
18 59
18 60
18 122
18 171
19 36
19 37
19 55
19 56
19 60
19 121
19 122
19 171
20 35
20 36
20 60
20 119
20 120
20 121
20 171
21 32
21 33
21 34
21 35
21 60
21 118
21 119
21 171
22 31
22 32
22 58
22 59
22 60
22 61
22 118
22 171
23 31
23 61
23 118
23 171
24 30
24 31
24 61
24 62
24 118
24 119
24 171
25 29
25 30
25 62
25 63
25 64
25 119
25 120
25 170
25 171
26 28
26 29
26 64
26 65
26 66
26 67
26 68
26 69
26 117
26 118
26 119
26 120
26 121
26 170
27 27
27 28
27 69
27 70
27 71
27 72
27 73
27 74
27 117
27 120
27 121
27 170
28 27
28 74
28 75
28 76
28 103
28 104
28 105
28 106
28 107
28 116
28 117
28 120
28 170
29 27
29 76
29 77
29 102
29 103
29 107
29 108
29 109
29 110
29 111
29 112
29 113
29 114
29 115
29 116
29 120
29 170
29 172
29 173
30 27
30 77
30 78
30 79
30 80
30 84
30 85
30 86
30 87
30 88
30 89
30 90
30 91
30 101
30 102
30 120
30 170
30 171
30 172
31 27
31 80
31 81
31 82
31 83
31 84
31 91
31 96
31 97
31 98
31 99
31 100
31 101
31 120
31 172
32 27
32 28
32 29
32 91
32 92
32 93
32 94
32 95
32 96
32 120
32 172
33 29
33 120
33 121
33 122
33 123
33 165
33 166
33 167
33 168
33 169
33 170
33 171
33 172
34 29
34 123
34 124
34 163
34 164
34 165
35 29
35 124
35 125
35 160
35 161
35 162
35 163
36 29
36 125
36 126
36 156
36 157
36 158
36 159
36 160
37 27
37 28
37 29
37 126
37 156
38 27
38 126
38 156
39 27
39 126
39 154
39 155
39 156
39 157
40 27
40 126
40 127
40 150
40 151
40 152
40 153
40 154
40 157
41 27
41 127
41 150
41 157
42 27
42 127
42 128
42 129
42 150
42 157
42 158
43 27
43 129
43 150
43 158
44 27
44 129
44 149
44 150
44 158
44 159
45 27
45 129
45 148
45 149
45 159
46 25
46 26
46 27
46 129
46 134
46 135
46 136
46 137
46 138
46 139
46 140
46 141
46 142
46 143
46 148
46 159
46 160
47 25
47 129
47 130
47 131
47 132
47 133
47 134
47 143
47 144
47 145
47 146
47 147
47 148
47 160
47 161
47 162
47 163
48 24
48 25
48 129
48 163
48 164
49 21
49 22
49 23
49 24
49 129
49 164
50 129
50 164
51 129
51 164
52 129
52 164
53 129
53 164
53 165
53 166
54 129
54 166
55 129
55 166
55 167
56 128
56 129
56 167
57 128
57 167
58 128
58 166
58 167
58 168
58 169
59 128
59 166
59 169
60 128
60 166
60 169
61 128
61 129
61 165
61 166
61 169
62 123
62 129
62 165
62 169
62 170
63 123
63 129
63 165
64 123
64 129
64 165
65 123
65 129
65 130
65 165
66 123
66 124
66 125
66 126
66 127
66 128
66 130
66 132
66 133
66 134
66 135
66 165
67 123
67 124
67 128
67 129
67 130
67 131
67 132
67 135
67 165
68 124
68 165
68 166
68 167
69 123
69 124
69 166
69 167
70 123
70 166
71 123
71 165
71 166
72 123
72 124
72 164
72 165
73 124
73 164
73 165
74 124
74 165
75 124
75 165
75 166
76 124
76 166
77 124
77 166
77 167
78 124
78 125
78 126
78 167
79 126
79 167
80 125
80 126
80 167
80 168
81 125
81 168
81 169
81 170
81 171
82 125
82 171
82 172
82 173
83 125
83 126
83 173
84 126
84 127
84 173
85 127
85 173
85 174
85 175
85 176
85 177
85 178
86 126
86 127
86 178
87 126
87 127
87 178
88 127
88 178
88 179
89 126
89 127
89 179
90 59
90 126
90 179
91 59
91 60
91 61
91 126
91 179
91 180
92 61
92 126
92 179
92 180
93 61
93 125
93 126
93 177
93 178
93 179
94 61
94 125
94 177
94 178
95 61
95 125
95 178
96 61
96 125
96 178
97 60
97 61
97 125
97 177
97 178
98 60
98 125
98 177
99 60
99 125
99 177
100 60
100 125
100 126
100 177
101 60
101 126
101 177
102 60
102 126
102 177
103 60
103 126
103 177
104 60
104 125
104 126
104 177
105 59
105 60
105 125
105 177
106 58
106 59
106 125
106 177
107 58
107 125
107 177
108 57
108 58
108 125
108 176
108 177
109 57
109 125
109 176
110 57
110 125
110 171
110 172
110 173
110 174
110 175
110 176
111 57
111 125
111 171
112 57
112 125
112 171
113 57
113 125
113 171
114 57
114 124
114 125
114 171
115 57
115 124
115 170
115 171
116 55
116 56
116 57
116 124
117 54
117 55
117 124
117 125
118 54
118 123
118 124
118 125
119 52
119 53
119 54
119 122
119 123
120 49
120 50
120 51
120 52
120 120
120 121
120 122
121 49
121 120
122 45
122 46
122 47
122 48
122 49
122 120
123 45
123 119
123 120
124 45
124 95
124 116
124 117
124 118
124 119
125 45
125 95
125 116
126 45
126 95
126 96
126 97
126 115
126 116
127 45
127 97
127 114
127 115
128 45
128 97
128 113
128 114
129 2
129 3
129 4
129 5
129 44
129 45
129 97
129 108
129 109
129 110
129 111
129 112
129 113
130 5
130 43
130 44
130 97
130 108
131 5
131 6
131 42
131 43
131 97
131 98
131 106
131 107
131 108
132 6
132 7
132 8
132 9
132 36
132 37
132 39
132 40
132 41
132 42
132 98
132 99
132 100
132 106
132 107
132 108
133 9
133 10
133 11
133 31
133 32
133 33
133 34
133 35
133 36
133 37
133 38
133 39
133 100
133 101
133 102
133 103
133 104
133 105
133 106
134 11
134 12
134 31
134 100
135 12
135 15
135 16
135 17
135 18
135 19
135 20
135 31
135 100
136 12
136 13
136 14
136 15
136 20
136 31
136 100
136 105
136 106
137 20
137 30
137 31
137 100
137 104
137 105
137 106
138 20
138 21
138 22
138 23
138 24
138 29
138 30
138 100
138 101
138 102
138 103
138 104
139 24
139 25
139 26
139 29
139 100
140 26
140 27
140 28
140 29
140 96
140 97
140 98
140 99
140 100
141 28
141 29
141 95
141 96
142 29
142 95
143 29
143 30
143 94
143 95
144 30
144 92
144 93
144 94
145 30
145 90
145 91
145 92
146 30
146 31
146 90
147 31
147 89
147 90
148 31
148 89
149 31
149 89
150 30
150 31
150 88
150 89
151 30
151 84
151 85
151 86
151 87
151 88
152 30
152 83
152 84
153 29
153 30
153 83
154 29
154 83
155 29
155 83
156 29
156 73
156 74
156 75
156 76
156 77
156 78
156 79
156 82
156 83
157 29
157 76
157 77
157 79
157 80
157 81
157 82
158 29
158 82
159 29
159 82
160 29
160 82
161 29
161 82
162 27
162 28
162 29
162 82
162 126
162 127
163 27
163 82
163 126
163 127
164 27
164 82
164 127
164 128
164 129
165 27
165 82
165 83
165 129
166 27
166 28
166 83
166 84
166 129
166 130
167 28
167 29
167 30
167 31
167 32
167 84
167 85
167 130
168 32
168 85
168 130
169 32
169 33
169 84
169 85
169 130
169 131
169 132
169 133
170 33
170 84
170 133
171 33
171 34
171 84
171 133
171 134
171 135
172 34
172 84
172 85
172 135
172 136
172 137
173 34
173 35
173 36
173 85
173 137
174 36
174 85
174 137
175 36
175 37
175 38
175 39
175 40
175 41
175 42
175 43
175 85
175 137
176 43
176 44
176 84
176 85
176 137
176 138
177 44
177 45
177 84
177 115
177 138
178 45
178 46
178 47
178 48
178 84
178 114
178 115
178 116
178 117
178 118
178 138
178 139
179 48
179 84
179 107
179 108
179 109
179 110
179 111
179 112
179 113
179 114
179 118
179 119
179 139
180 48
180 49
180 84
180 85
180 105
180 106
180 107
180 119
180 123
180 124
180 125
180 126
180 127
180 128
180 129
180 130
180 139
181 49
181 85
181 103
181 104
181 105
181 119
181 120
181 121
181 122
181 123
181 130
181 131
181 132
181 133
181 139
182 49
182 50
182 85
182 102
182 103
182 130
182 133
182 134
182 135
182 139
182 143
182 144
182 145
183 50
183 51
183 52
183 85
183 86
183 87
183 88
183 89
183 90
183 91
183 92
183 93
183 94
183 95
183 96
183 97
183 98
183 99
183 100
183 101
183 102
183 135
183 137
183 138
183 139
183 140
183 141
183 142
183 143
184 52
184 92
184 135
184 136
184 137
185 52
185 92
185 135
186 52
186 53
186 90
186 91
186 92
186 135
187 53
187 88
187 89
187 90
187 135
188 53
188 88
188 135
189 53
189 85
189 86
189 87
189 88
189 135
190 53
190 84
190 85
190 135
190 136
191 53
191 54
191 84
191 136
192 54
192 55
192 56
192 57
192 58
192 59
192 60
192 61
192 62
192 84
192 136
193 55
193 56
193 62
193 63
193 64
193 65
193 66
193 67
193 83
193 84
193 135
193 136
193 137
194 67
194 73
194 74
194 75
194 76
194 77
194 83
194 136
194 137
195 67
195 68
195 69
195 70
195 71
195 72
195 73
195 77
195 78
195 80
195 81
195 82
195 83
195 134
195 135
195 136
196 78
196 79
196 80
196 81
196 132
196 133
196 134
197 126
197 127
197 128
197 129
197 130
197 131
197 132
198 124
198 125
198 126
199 125
199 126
