3 290
3 291
3 292
3 318
3 319
3 320
4 268
4 278
4 279
4 280
4 290
4 292
4 293
4 294
4 295
4 296
4 314
4 315
4 316
4 317
4 318
4 320
5 268
5 269
5 270
5 271
5 272
5 273
5 274
5 275
5 276
5 277
5 278
5 280
5 290
5 296
5 298
5 299
5 300
5 301
5 302
5 309
5 310
5 311
5 312
5 313
5 314
5 320
5 321
6 272
6 273
6 280
6 281
6 282
6 283
6 290
6 296
6 297
6 298
6 302
6 303
6 304
6 305
6 306
6 307
6 308
6 309
6 321
7 283
7 284
7 285
7 287
7 288
7 289
7 290
7 321
8 285
8 286
8 287
8 321
8 322
8 323
8 324
8 325
8 326
8 327
9 327
10 216
10 217
10 218
10 219
10 327
10 328
11 210
11 211
11 212
11 213
11 214
11 215
11 216
11 219
11 220
11 221
11 222
11 223
11 328
12 206
12 207
12 208
12 209
12 210
12 223
12 328
12 329
13 126
13 127
13 205
13 206
13 329
13 330
13 338
14 127
14 203
14 204
14 205
14 330
14 338
15 127
15 128
15 200
15 201
15 202
15 203
15 330
15 336
15 337
15 338
16 128
16 188
16 189
16 190
16 191
16 192
16 193
16 194
16 195
16 196
16 197
16 198
16 199
16 200
16 330
16 336
17 42
17 43
17 44
17 128
17 147
17 148
17 185
17 186
17 187
17 188
17 330
17 331
17 332
17 333
17 334
17 335
17 336
18 42
18 44
18 45
18 46
18 47
18 48
18 49
18 128
18 142
18 143
18 144
18 145
18 146
18 147
18 148
18 183
18 184
18 185
18 331
18 332
19 37
19 38
19 39
19 40
19 41
19 42
19 49
19 50
19 128
19 137
19 138
19 139
19 140
19 141
19 142
19 148
19 149
19 150
19 151
19 178
19 179
19 180
19 181
19 182
19 183
19 330
19 331
20 37
20 50
20 128
20 137
20 151
20 176
20 177
20 178
20 183
20 329
20 330
21 36
21 37
21 50
21 51
21 52
21 53
21 128
21 133
21 134
21 135
21 136
21 137
21 151
21 152
21 154
21 155
21 176
21 329
22 35
22 36
22 53
22 128
22 130
22 131
22 132
22 133
22 152
22 153
22 154
22 155
22 175
22 176
22 329
23 34
23 35
23 53
23 54
23 55
23 128
23 129
23 130
23 155
23 156
23 175
23 329
24 32
24 33
24 34
24 55
24 128
24 156
24 157
24 158
24 174
24 175
24 329
25 29
25 30
25 31
25 32
25 55
25 56
25 57
25 128
25 158
25 159
25 160
25 161
25 174
25 175
25 329
26 28
26 29
26 57
26 58
26 59
26 60
26 128
26 161
26 162
26 163
26 164
26 165
26 166
26 167
26 168
26 173
26 174
26 175
26 329
27 60
27 128
27 168
27 169
27 170
27 171
27 172
27 173
27 175
27 329
28 60
28 61
28 62
28 63
28 88
28 128
28 171
28 172
28 175
28 176
28 328
28 329
29 63
29 88
29 123
29 128
29 176
29 328
30 63
30 88
30 123
30 127
30 128
30 176
30 326
30 327
30 328
31 63
31 65
31 66
31 67
31 68
31 69
31 70
31 71
31 72
31 73
31 74
31 75
31 76
31 77
31 78
31 79
31 80
31 81
31 82
31 83
31 87
31 88
31 123
31 127
31 176
31 177
31 178
31 323
31 324
31 325
31 326
32 63
32 64
32 65
32 83
32 84
32 85
32 86
32 87
32 123
32 124
32 125
32 126
32 127
32 178
32 179
32 180
32 181
32 182
32 323
33 62
33 63
33 85
33 86
33 87
33 126
33 182
33 322
33 323
34 62
34 87
34 126
34 127
34 181
34 182
34 319
34 320
34 321
34 322
35 62
35 87
35 127
35 181
35 319
36 62
36 87
36 88
36 89
36 90
36 91
36 92
36 127
36 181
36 315
36 316
36 317
36 318
36 319
37 59
37 60
37 61
37 62
37 92
37 93
37 94
37 95
37 96
37 127
37 181
37 318
37 319
38 59
38 96
38 97
38 98
38 127
38 181
38 182
38 183
38 318
38 319
38 320
39 57
39 58
39 59
39 98
39 99
39 127
39 183
39 320
39 321
39 322
40 57
40 99
40 127
40 128
40 129
40 183
40 322
40 323
41 56
41 57
41 99
41 100
41 101
41 129
41 150
41 151
41 183
41 323
42 56
42 101
42 129
42 130
42 131
42 151
42 183
42 184
42 323
43 56
43 101
43 102
43 131
43 145
43 146
43 147
43 148
43 149
43 150
43 151
43 184
43 185
43 323
43 324
44 56
44 102
44 103
44 128
44 129
44 130
44 131
44 132
44 133
44 134
44 135
44 136
44 137
44 138
44 139
44 140
44 141
44 142
44 143
44 144
44 145
44 150
44 185
44 186
44 191
44 192
44 324
45 56
45 57
45 103
45 112
45 113
45 114
45 115
45 116
45 127
45 128
45 150
45 186
45 187
45 188
45 189
45 190
45 191
45 192
45 324
46 57
46 103
46 108
46 109
46 110
46 111
46 112
46 116
46 123
46 124
46 125
46 126
46 127
46 150
46 192
46 193
46 194
46 195
46 324
47 57
47 103
47 104
47 105
47 106
47 107
47 108
47 116
47 117
47 118
47 119
47 122
47 123
47 150
47 151
47 195
47 324
48 119
48 120
48 121
48 122
48 123
48 151
48 195
48 324
49 123
49 151
49 152
49 195
49 196
49 197
49 198
49 324
49 325
50 123
50 151
50 152
50 198
50 199
50 325
51 123
51 124
51 151
51 199
51 200
51 201
51 325
51 326
52 124
52 150
52 151
52 201
52 202
52 203
52 326
53 124
53 148
53 149
53 150
53 203
53 326
54 124
54 147
54 148
54 203
54 326
54 327
54 328
54 329
54 330
54 331
55 124
55 147
55 203
55 331
55 332
55 333
55 334
56 124
56 125
56 146
56 147
56 203
56 239
56 240
56 334
57 125
57 126
57 146
57 203
57 236
57 237
57 238
57 239
57 334
58 126
58 146
58 147
58 203
58 227
58 228
58 229
58 230
58 231
58 232
58 233
58 234
58 235
58 236
58 333
58 334
59 126
59 147
59 203
59 204
59 215
59 216
59 217
59 226
59 227
59 333
59 336
60 125
60 126
60 147
60 204
60 211
60 212
60 213
60 214
60 215
60 217
60 218
60 220
60 221
60 222
60 223
60 224
60 225
60 226
60 333
60 334
60 336
61 125
61 147
61 204
61 207
61 208
61 209
61 210
61 211
61 218
61 219
61 220
61 334
61 335
61 336
62 125
62 147
62 204
62 205
62 206
62 207
62 335
63 125
63 146
63 147
63 204
63 335
64 122
64 123
64 124
64 125
64 146
64 204
64 335
65 119
65 120
65 122
65 146
65 204
65 205
65 335
66 119
66 120
66 121
66 122
66 146
66 205
66 206
66 335
67 117
67 118
67 119
67 146
67 206
67 335
68 117
68 146
68 335
69 117
69 146
69 147
69 335
70 117
70 118
70 147
70 148
70 149
70 150
70 335
71 117
71 118
71 150
71 334
71 335
72 86
72 117
72 150
72 334
73 86
73 87
73 117
73 150
73 151
73 152
73 153
73 334
74 87
74 110
74 111
74 112
74 116
74 117
74 153
74 154
74 155
74 156
74 157
74 164
74 334
75 87
75 88
75 108
75 109
75 110
75 112
75 113
75 114
75 115
75 116
75 157
75 164
75 334
75 335
76 88
76 89
76 104
76 105
76 106
76 107
76 108
76 157
76 164
76 165
76 335
77 89
77 107
77 157
77 165
77 166
77 167
77 335
78 89
78 90
78 91
78 107
78 157
78 158
78 159
78 160
78 161
78 165
78 167
78 335
79 89
79 91
79 92
79 106
79 107
79 161
79 162
79 163
79 164
79 165
79 167
79 334
79 335
80 89
80 92
80 93
80 94
80 106
80 167
80 168
80 334
81 84
81 85
81 86
81 87
81 88
81 89
81 94
81 106
81 168
81 334
82 60
82 61
82 62
82 80
82 81
82 82
82 83
82 84
82 94
82 106
82 168
82 169
82 334
83 62
83 63
83 64
83 65
83 66
83 67
83 79
83 80
83 94
83 106
83 107
83 169
83 172
83 173
83 174
83 286
83 287
83 288
83 289
83 290
83 291
83 292
83 334
84 67
84 77
84 78
84 79
84 94
84 95
84 96
84 97
84 98
84 99
84 100
84 101
84 102
84 103
84 107
84 169
84 170
84 171
84 172
84 174
84 175
84 285
84 286
84 292
84 293
84 294
84 334
85 67
85 76
85 77
85 93
85 94
85 103
85 104
85 105
85 106
85 107
85 169
85 170
85 175
85 285
85 294
85 295
85 296
85 297
85 298
85 299
85 300
85 301
85 302
85 334
86 67
86 68
86 73
86 74
86 75
86 76
86 106
86 107
86 175
86 285
86 302
86 318
86 319
86 320
86 334
87 68
87 69
87 70
87 73
87 106
87 175
87 284
87 285
87 302
87 303
87 304
87 305
87 306
87 307
87 308
87 309
87 310
87 311
87 312
87 313
87 314
87 315
87 316
87 317
87 318
87 320
87 321
87 322
87 323
87 324
87 325
87 333
87 334
88 70
88 71
88 72
88 73
88 106
88 175
88 176
88 284
88 325
88 326
88 333
89 71
89 72
89 106
89 107
89 176
89 177
89 326
89 327
89 333
90 72
90 107
90 108
90 109
90 110
90 177
90 327
90 328
90 329
90 333
91 72
91 110
91 177
91 327
91 328
91 329
91 330
91 333
92 72
92 110
92 177
92 178
92 330
92 331
92 332
92 333
92 334
92 335
93 0
93 72
93 110
93 178
93 335
94 0
94 70
94 71
94 72
94 73
94 110
94 178
94 335
95 0
95 70
95 73
95 109
95 110
95 178
95 335
96 0
96 73
96 74
96 105
96 106
96 107
96 108
96 109
96 178
96 179
96 180
96 335
96 336
96 337
96 338
97 0
97 1
97 74
97 105
97 180
97 338
98 1
98 74
98 105
98 180
98 337
98 338
99 1
99 2
99 74
99 104
99 105
99 171
99 172
99 173
99 180
99 337
100 2
100 74
100 75
100 104
100 173
100 174
100 179
100 180
100 337
101 2
101 3
101 4
101 5
101 75
101 104
101 174
101 179
101 180
101 337
102 5
102 6
102 7
102 8
102 9
102 10
102 75
102 76
102 77
102 104
102 174
102 175
102 176
102 177
102 178
102 179
102 180
102 181
102 182
102 337
102 338
103 6
103 7
103 10
103 11
103 14
103 15
103 16
103 17
103 77
103 78
103 104
103 105
103 182
103 338
104 11
104 12
104 13
104 14
104 17
104 18
104 19
104 20
104 21
104 78
104 105
104 182
104 338
104 339
105 21
105 22
105 78
105 79
105 104
105 105
105 106
105 182
105 183
105 339
105 340
106 22
106 23
106 79
106 106
106 107
106 183
106 184
106 185
106 186
106 187
106 188
106 189
106 190
106 340
106 341
107 23
107 79
107 107
107 108
107 190
107 341
108 23
108 24
108 25
108 26
108 27
108 79
108 108
108 109
108 110
108 115
108 190
108 341
109 27
109 79
109 110
109 111
109 112
109 113
109 114
109 115
109 190
109 191
109 341
110 27
110 28
110 79
110 114
110 191
110 192
110 341
110 342
110 343
111 28
111 79
111 114
111 192
111 342
111 343
112 28
112 79
112 113
112 114
112 192
112 342
113 28
113 79
113 113
113 192
113 193
113 342
113 343
113 344
114 28
114 79
114 113
114 193
114 194
114 344
115 28
115 79
115 113
115 194
115 344
116 28
116 29
116 30
116 31
116 32
116 79
116 113
116 194
116 344
116 345
117 32
117 33
117 77
117 78
117 79
117 113
117 194
117 195
117 345
117 346
118 33
118 77
118 113
118 195
118 346
119 33
119 77
119 113
119 195
119 346
120 33
120 34
120 72
120 73
120 74
120 75
120 76
120 77
120 113
120 195
120 346
121 34
121 59
121 60
121 61
121 62
121 63
121 64
121 65
121 66
121 72
121 113
121 195
121 196
121 197
121 198
121 199
121 203
121 204
121 205
121 206
121 207
121 346
122 34
122 35
122 36
122 37
122 38
122 39
122 58
122 59
122 63
122 64
122 66
122 67
122 68
122 69
122 71
122 72
122 113
122 199
122 200
122 201
122 202
122 203
122 207
122 208
122 209
122 210
122 225
122 346
123 35
123 36
123 39
123 40
123 46
123 47
123 48
123 49
123 50
123 51
123 58
123 69
123 70
123 71
123 113
123 114
123 115
123 203
123 210
123 211
123 222
123 223
123 224
123 225
123 346
124 34
124 35
124 40
124 41
124 42
124 43
124 44
124 45
124 46
124 51
124 52
124 53
124 54
124 55
124 56
124 57
124 58
124 71
124 115
124 116
124 117
124 118
124 203
124 211
124 212
124 213
124 214
124 215
124 216
124 217
124 218
124 219
124 220
124 221
124 222
124 346
125 33
125 34
125 56
125 57
125 118
125 119
125 120
125 121
125 122
125 123
125 124
125 125
125 203
125 218
125 219
125 346
125 347
126 33
126 125
126 203
126 347
127 32
127 33
127 125
127 126
127 203
127 347
128 32
128 126
128 203
128 347
128 348
129 32
129 126
129 203
129 348
130 31
130 32
130 126
130 127
130 128
130 129
130 130
130 131
130 132
130 133
130 134
130 135
130 136
130 203
130 348
131 31
131 136
131 203
131 348
132 31
132 136
132 203
132 348
133 31
133 136
133 137
133 138
133 203
133 348
134 13
134 14
134 15
134 16
134 17
134 18
134 19
134 20
134 23
134 24
134 25
134 26
134 31
134 138
134 139
134 140
134 141
134 142
134 203
134 348
135 12
135 13
135 20
135 21
135 22
135 23
135 26
135 31
135 142
135 203
135 348
136 5
136 6
136 7
136 8
136 9
136 10
136 12
136 26
136 31
136 142
136 202
136 203
136 347
136 348
137 10
137 11
137 12
137 26
137 31
137 202
137 347
138 11
138 12
138 26
138 27
138 28
138 29
138 30
138 31
138 202
138 347
139 31
139 202
139 347
140 31
140 201
140 202
140 347
140 348
140 349
141 30
141 31
141 200
141 201
141 346
141 347
142 29
142 30
142 199
142 200
142 340
142 341
142 342
142 343
142 344
142 345
142 346
143 29
143 199
143 339
143 340
144 29
144 187
144 188
144 189
144 199
144 337
144 338
144 339
145 29
145 187
145 199
145 337
146 29
146 187
146 199
146 201
146 337
147 29
147 187
147 198
147 199
147 200
147 201
147 202
147 336
147 337
148 29
148 30
148 187
148 197
148 198
148 335
148 336
149 30
149 187
149 197
149 335
150 30
150 187
150 192
150 193
150 194
150 195
150 196
150 197
150 330
150 331
150 332
150 335
151 30
151 187
151 188
151 189
151 190
151 191
151 192
151 327
151 328
151 329
151 330
151 332
151 333
151 334
151 335
152 187
152 327
153 187
153 325
153 326
153 327
154 187
154 325
155 187
155 321
155 322
155 323
155 324
155 325
156 187
156 320
156 321
157 186
157 187
157 318
157 319
157 320
158 185
158 186
158 318
159 185
159 317
159 318
160 184
160 185
160 316
160 317
161 184
161 316
162 184
162 316
163 182
163 183
163 184
163 316
164 182
164 316
164 317
165 181
165 182
165 316
166 181
166 316
166 317
166 318
167 181
167 318
168 181
168 318
169 181
169 318
170 181
170 318
171 181
171 182
171 318
171 319
172 182
172 319
172 320
173 182
173 320
174 182
174 320
175 182
175 314
175 315
175 316
175 317
175 318
175 319
175 320
176 182
176 303
176 304
176 305
176 306
176 307
176 309
176 310
176 311
176 313
176 314
176 320
177 181
177 182
177 212
177 213
177 214
177 215
177 294
177 295
177 296
177 297
177 298
177 299
177 300
177 301
177 302
177 303
177 307
177 308
177 309
177 311
177 312
177 313
177 320
178 181
178 210
178 211
178 212
178 293
178 294
178 320
179 181
179 209
179 210
179 288
179 289
179 290
179 291
179 292
179 293
179 320
179 321
180 181
180 187
180 188
180 189
180 190
180 191
180 192
180 193
180 207
180 208
180 209
180 321
181 181
181 187
181 193
181 194
181 195
181 196
181 197
181 198
181 199
181 200
181 201
181 202
181 203
181 204
181 205
181 206
181 207
181 321
181 322
181 323
182 181
182 187
182 323
183 181
183 182
183 183
183 184
183 185
183 186
183 187
183 323
183 324
183 325
184 171
184 172
184 173
184 174
184 175
184 176
184 177
184 178
184 179
184 180
184 181
184 325
184 326
185 168
185 169
185 170
185 171
185 326
186 168
186 326
187 168
187 326
187 327
187 328
187 329
188 162
188 163
188 164
188 165
188 166
188 167
188 168
188 329
189 162
189 329
190 162
190 329
191 162
191 163
191 329
191 330
192 163
192 330
192 331
193 163
193 164
193 331
194 164
194 331
194 332
195 164
195 332
195 333
195 334
196 161
196 162
196 163
196 164
196 334
197 160
197 161
197 334
198 157
198 158
198 159
198 160
198 334
198 335
199 89
199 90
199 91
199 92
199 93
199 94
199 95
199 96
199 141
199 142
199 157
199 335
200 89
200 91
200 92
200 96
200 114
200 115
200 116
200 117
200 118
200 119
200 120
200 121
200 130
200 131
200 132
200 133
200 134
200 135
200 136
200 137
200 138
200 139
200 140
200 141
200 142
200 143
200 144
200 145
200 146
200 147
200 148
200 156
200 157
200 335
201 87
201 88
201 89
201 96
201 97
201 98
201 99
201 100
201 112
201 113
201 114
201 121
201 129
201 130
201 148
201 149
201 150
201 151
201 152
201 153
201 155
201 156
201 335
202 51
202 52
202 53
202 54
202 55
202 56
202 78
202 79
202 80
202 81
202 82
202 83
202 84
202 85
202 86
202 87
202 100
202 104
202 105
202 106
202 107
202 108
202 109
202 110
202 111
202 112
202 121
202 122
202 123
202 124
202 125
202 127
202 128
202 129
202 153
202 154
202 155
202 335
202 336
203 51
203 56
203 57
203 58
203 78
203 100
203 101
203 102
203 103
203 104
203 111
203 125
203 126
203 127
203 335
203 336
204 51
204 58
204 59
204 73
204 74
204 75
204 76
204 77
204 78
204 99
204 100
204 111
204 125
204 335
204 336
205 49
205 50
205 51
205 59
205 60
205 61
205 73
205 111
205 125
205 335
205 336
206 47
206 48
206 49
206 61
206 62
206 63
206 73
206 111
206 335
206 336
207 41
207 42
207 43
207 44
207 45
207 46
207 47
207 63
207 64
207 65
207 68
207 69
207 70
207 71
207 72
207 73
207 111
207 336
208 40
208 41
208 65
208 66
208 67
208 68
208 111
208 332
208 333
208 334
208 335
208 336
209 40
209 111
209 331
209 332
210 40
210 111
210 329
210 330
210 331
211 28
211 29
211 30
211 31
211 32
211 33
211 34
211 35
211 36
211 37
211 38
211 39
211 40
211 111
211 329
212 28
212 111
212 326
212 327
212 328
212 329
213 7
213 8
213 9
213 26
213 27
213 28
213 111
213 326
214 9
214 27
214 111
214 325
214 326
215 9
215 10
215 27
215 110
215 111
215 325
216 10
216 27
216 110
216 325
217 10
217 11
217 27
217 28
217 106
217 107
217 108
217 109
217 110
217 325
218 11
218 12
218 13
218 14
218 28
218 106
218 324
218 325
219 14
219 28
219 106
219 322
219 323
219 324
219 325
219 326
219 327
219 328
219 329
219 330
219 331
219 332
219 333
219 334
219 335
219 336
220 14
220 15
220 16
220 28
220 105
220 106
220 318
220 319
220 320
220 321
220 322
220 331
220 332
220 336
221 16
221 28
221 29
221 104
221 105
221 318
221 336
222 16
222 17
222 29
222 104
222 317
222 318
222 336
222 337
223 17
223 29
223 97
223 98
223 99
223 100
223 101
223 102
223 103
223 104
223 316
223 317
223 337
223 338
223 339
223 340
223 341
223 342
224 17
224 18
224 19
224 20
224 21
224 22
224 23
224 24
224 25
224 26
224 27
224 28
224 29
224 97
224 316
224 342
224 343
225 17
225 29
225 96
225 97
225 316
226 16
226 17
226 28
226 29
226 96
226 316
227 15
227 16
227 28
227 96
227 316
227 317
228 28
228 29
228 95
228 96
228 252
228 253
228 254
228 317
229 29
229 93
229 94
229 95
229 252
229 254
229 255
229 317
230 29
230 93
230 255
230 317
231 29
231 30
231 93
231 255
231 256
231 257
231 258
231 317
232 30
232 93
232 258
232 259
232 260
232 317
233 30
233 93
233 260
233 261
233 262
233 316
233 317
234 28
234 29
234 30
234 93
234 262
234 314
234 315
234 316
235 30
235 93
235 262
235 314
236 30
236 93
236 262
236 313
236 314
237 30
237 93
237 262
237 313
238 30
238 93
238 262
238 312
238 313
239 29
239 30
239 93
239 262
239 312
240 29
240 93
240 262
240 311
240 312
241 29
241 92
241 93
241 262
241 263
241 311
242 29
242 92
242 93
242 263
242 311
242 312
242 313
242 314
243 29
243 91
243 92
243 93
243 263
243 264
243 265
243 266
243 267
243 311
243 312
244 29
244 90
244 91
244 167
244 168
244 169
244 267
244 311
245 29
245 90
245 165
245 166
245 167
245 267
245 311
245 312
245 313
245 314
245 315
246 29
246 30
246 31
246 90
246 165
246 267
246 268
246 269
246 270
246 315
247 31
247 90
247 163
247 164
247 165
247 270
247 315
248 27
248 28
248 29
248 30
248 31
248 90
248 91
248 160
248 161
248 162
248 163
248 270
248 271
248 272
248 273
248 315
248 316
249 25
249 26
249 27
249 91
249 160
249 273
249 316
250 25
250 91
250 160
250 273
250 274
250 316
251 24
251 25
251 91
251 159
251 160
251 273
251 274
251 316
252 22
252 23
252 24
252 91
252 92
252 159
252 273
252 274
252 275
252 276
252 277
252 316
253 22
253 92
253 157
253 158
253 159
253 277
253 316
254 22
254 92
254 155
254 156
254 157
254 277
254 316
255 22
255 92
255 149
255 150
255 151
255 152
255 153
255 154
255 155
255 277
255 278
255 279
255 280
255 316
256 22
256 92
256 146
256 147
256 148
256 149
256 153
256 154
256 277
256 278
256 280
256 281
256 282
256 283
256 315
256 316
257 22
257 92
257 146
257 283
257 315
258 22
258 92
258 93
258 146
258 283
258 284
258 315
259 22
259 93
259 136
259 137
259 138
259 146
259 284
259 314
259 315
260 22
260 93
260 129
260 130
260 131
260 132
260 133
260 134
260 135
260 136
260 138
260 139
260 140
260 141
260 142
260 146
260 284
260 314
261 22
261 93
261 128
261 129
261 142
261 143
261 146
261 284
261 314
262 22
262 93
262 128
262 143
262 144
262 146
262 284
262 314
263 22
263 93
263 128
263 144
263 145
263 146
263 284
263 312
263 313
263 314
264 22
264 93
264 128
264 146
264 284
264 312
265 20
265 21
265 22
265 93
265 126
265 127
265 128
265 146
265 147
265 284
265 312
266 20
266 93
266 121
266 122
266 123
266 124
266 125
266 126
266 147
266 148
266 199
266 200
266 201
266 284
266 310
266 311
266 312
267 20
267 93
267 121
267 148
267 149
267 150
267 151
267 198
267 199
267 201
267 284
267 285
267 310
268 20
268 93
268 94
268 95
268 120
268 121
268 151
268 198
268 284
268 310
269 18
269 19
269 20
269 95
269 120
269 151
269 196
269 197
269 198
269 284
269 298
269 299
269 300
269 302
269 303
269 304
269 305
269 306
269 307
269 308
269 309
269 310
269 317
270 18
270 95
270 120
270 151
270 196
270 284
270 298
270 300
270 301
270 302
270 309
270 310
270 317
271 17
271 18
271 95
271 96
271 116
271 117
271 118
271 119
271 120
271 151
271 196
271 283
271 284
271 287
271 288
271 289
271 290
271 291
271 292
271 293
271 294
271 295
271 296
271 297
271 298
271 310
271 311
271 312
271 313
271 314
271 315
271 316
271 317
272 17
272 96
272 113
272 114
272 115
272 116
272 151
272 196
272 197
272 198
272 199
272 200
272 283
272 284
272 286
272 287
272 317
273 17
273 18
273 19
273 96
273 109
273 110
273 111
273 112
273 113
273 151
273 152
273 191
273 192
273 193
273 194
273 195
273 196
273 200
273 284
273 286
273 317
274 19
274 20
274 21
274 22
274 23
274 96
274 97
274 98
274 99
274 109
274 112
274 113
274 152
274 191
274 200
274 284
274 285
274 286
274 317
275 18
275 19
275 23
275 24
275 25
275 99
275 100
275 101
275 102
275 103
275 104
275 105
275 106
275 107
275 108
275 109
275 152
275 189
275 190
275 191
275 200
275 201
275 284
275 317
275 318
275 319
276 18
276 25
276 26
276 27
276 106
276 152
276 188
276 189
276 201
276 202
276 284
276 285
276 319
277 17
277 18
277 27
277 106
277 152
277 188
277 202
277 203
277 285
277 319
277 320
277 321
277 322
278 17
278 27
278 106
278 152
278 188
278 203
278 285
278 322
278 323
279 15
279 16
279 17
279 27
279 106
279 151
279 152
279 188
279 203
279 204
279 205
279 206
279 207
279 285
279 323
280 14
280 15
280 27
280 28
280 106
280 107
280 151
280 186
280 187
280 188
280 207
280 285
280 323
280 324
281 14
281 28
281 29
281 107
281 151
281 182
281 183
281 184
281 185
281 186
281 207
281 208
281 209
281 285
281 324
282 14
282 29
282 45
282 107
282 150
282 151
282 180
282 182
282 209
282 285
282 324
282 325
282 326
282 327
283 14
283 29
283 45
283 107
283 150
283 180
283 181
283 182
283 209
283 285
283 327
284 14
284 29
284 30
284 41
284 42
284 43
284 44
284 45
284 107
284 149
284 150
284 180
284 181
284 209
284 284
284 285
284 327
284 328
285 30
285 38
285 39
285 40
285 41
285 107
285 149
285 180
285 209
285 210
285 284
285 328
286 30
286 31
286 32
286 33
286 37
286 38
286 41
286 107
286 108
286 149
286 180
286 210
286 211
286 212
286 284
286 328
287 33
287 34
287 35
287 36
287 37
287 108
287 149
287 163
287 164
287 165
287 166
287 179
287 180
287 212
287 284
287 328
288 148
288 149
288 161
288 162
288 163
288 166
288 167
288 179
288 212
288 213
288 284
288 328
289 148
289 158
289 159
289 160
289 161
289 167
289 168
289 179
289 213
289 214
289 283
289 284
289 328
290 148
290 149
290 158
290 168
290 169
290 170
290 171
290 172
290 176
290 177
290 178
290 179
290 214
290 283
290 328
291 144
291 145
291 146
291 148
291 149
291 150
291 151
291 152
291 153
291 154
291 155
291 156
291 157
291 158
291 172
291 173
291 174
291 175
291 176
291 177
291 178
291 214
291 215
291 249
291 250
291 251
291 283
291 328
292 143
292 144
292 146
292 147
292 148
292 178
292 215
292 247
292 248
292 249
292 251
292 252
292 253
292 254
292 255
292 283
292 328
293 143
293 178
293 215
293 216
293 243
293 244
293 245
293 246
293 247
293 255
293 256
293 257
293 283
293 328
294 142
294 143
294 178
294 216
294 217
294 237
294 238
294 239
294 240
294 241
294 242
294 243
294 257
294 258
294 283
294 328
295 142
295 177
295 178
295 217
295 237
295 258
295 259
295 260
295 282
295 283
295 328
296 142
296 177
296 217
296 218
296 225
296 226
296 227
296 228
296 229
296 230
296 237
296 260
296 282
296 283
296 328
297 141
297 142
297 177
297 218
297 219
297 220
297 221
297 225
297 230
297 231
297 232
297 233
297 234
297 235
297 236
297 237
297 260
297 261
297 283
297 284
297 285
297 328
298 140
298 141
298 175
298 176
298 177
298 221
298 222
298 223
298 224
298 225
298 261
298 262
298 263
298 285
298 286
298 328
299 139
299 140
299 172
299 173
299 174
299 175
299 263
299 286
299 327
299 328
300 139
300 172
300 263
300 264
300 286
300 327
301 139
301 172
301 264
301 286
301 327
302 139
302 172
302 263
302 264
302 286
302 287
302 327
303 139
303 172
303 262
303 263
303 287
303 327
303 328
304 139
304 172
304 173
304 262
304 287
304 328
305 139
305 173
305 262
305 284
305 285
305 286
305 287
305 288
305 289
305 328
306 139
306 173
306 262
306 263
306 284
306 328
306 329
306 330
307 139
307 172
307 173
307 263
307 264
307 283
307 284
307 328
307 330
307 331
307 332
307 339
307 340
308 139
308 171
308 172
308 264
308 283
308 328
308 332
308 333
308 334
308 335
308 336
308 337
308 338
308 339
308 340
308 341
308 342
308 343
308 344
308 345
309 131
309 132
309 133
309 134
309 135
309 136
309 137
309 138
309 139
309 171
309 264
309 281
309 282
309 283
309 327
309 328
310 131
310 139
310 170
310 171
310 264
310 265
310 266
310 267
310 277
310 278
310 279
310 280
310 281
311 131
311 139
311 140
311 168
311 169
311 170
311 267
311 268
311 277
312 130
312 131
312 140
312 268
312 269
312 270
312 271
312 277
313 130
313 140
313 271
313 272
313 273
313 274
313 275
313 276
313 277
314 128
314 129
314 130
314 140
314 275
315 128
315 139
315 140
315 141
315 275
315 276
315 277
316 126
316 127
316 128
316 141
316 277
317 126
317 141
317 277
317 278
318 126
318 141
318 142
318 278
319 82
319 83
319 124
319 125
319 126
319 142
319 278
319 279
319 280
320 83
320 124
320 142
320 280
320 281
321 83
321 124
321 142
321 281
321 282
321 283
322 83
322 123
322 124
322 142
322 283
323 83
323 84
323 85
323 86
323 123
323 124
323 142
323 283
324 86
324 87
324 88
324 89
324 90
324 91
324 124
324 141
324 142
324 283
325 91
325 92
325 124
325 141
325 283
325 284
325 286
325 287
325 288
325 289
325 290
326 92
326 93
326 124
326 141
326 284
326 285
326 286
326 290
326 291
326 292
326 293
326 294
327 93
327 94
327 123
327 124
327 141
327 294
328 94
328 122
328 123
328 140
328 141
328 294
328 295
329 94
329 106
329 107
329 108
329 109
329 110
329 111
329 112
329 120
329 121
329 122
329 137
329 138
329 139
329 140
329 295
330 94
330 103
330 104
330 105
330 106
330 112
330 118
330 119
330 120
330 295
331 94
331 101
331 102
331 103
331 112
331 113
331 118
331 295
332 94
332 95
332 101
332 113
332 116
332 117
332 118
332 295
333 95
333 96
333 97
333 98
333 100
333 101
333 113
333 114
333 115
333 116
333 295
334 98
334 99
334 100
334 114
334 115
334 295
335 99
335 100
335 295
335 296
335 297
336 99
336 297
336 298
337 97
337 98
337 99
337 298
337 299
338 97
338 299
339 96
339 97
339 299
339 300
340 96
340 300
341 94
341 95
341 96
341 300
342 91
342 92
342 93
342 94
342 300
343 91
343 300
